#
# There is insufficient memory for the Java Runtime Environment to continue.
# Native memory allocation (malloc) failed to allocate 32744 bytes for Chunk::new
# Possible reasons:
#   The system is out of physical RAM or swap space
#   The process is running with CompressedOops enabled, and the Java Heap may be blocking the growth of the native heap
# Possible solutions:
#   Reduce memory load on the system
#   Increase physical memory or swap space
#   Check if swap backing store is full
#   Decrease Java heap size (-Xmx/-Xms)
#   Decrease number of Java threads
#   Decrease Java thread stack sizes (-Xss)
#   Set larger code cache with -XX:ReservedCodeCacheSize=
#   JVM is running with Unscaled Compressed Oops mode in which the Java heap is
#     placed in the first 4GB address space. The Java Heap base address is the
#     maximum limit for the native heap growth. Please use -XX:HeapBaseMinAddress
#     to set the Java Heap base and to place the Java Heap above 4GB virtual address.
# This output file may be truncated or incomplete.
#
#  Out of Memory Error (arena.cpp:168), pid=32940, tid=15052
#
# JRE version: Java(TM) SE Runtime Environment (21.0.2+13) (build 21.0.2+13-LTS-58)
# Java VM: Java HotSpot(TM) 64-Bit Server VM (21.0.2+13-LTS-58, mixed mode, sharing, tiered, compressed oops, compressed class ptrs, g1 gc, windows-amd64)
# No core dump will be written. Minidumps are not enabled by default on client versions of Windows
#

---------------  S U M M A R Y ------------

Command Line: -Dfile.encoding=UTF-8 -Dstdout.encoding=UTF-8 -Dstderr.encoding=UTF-8 -XX:+ShowCodeDetailsInExceptionMessages bank.SignupThree

Host: 11th Gen Intel(R) Core(TM) i5-1135G7 @ 2.40GHz, 8 cores, 7G,  Windows 10 , 64 bit Build 19041 (10.0.19041.4597)
Time: Tue Oct 22 00:31:43 2024 India Standard Time elapsed time: 20309.920037 seconds (0d 5h 38m 29s)

---------------  T H R E A D  ---------------

Current thread (0x0000013c78fdd7f0):  JavaThread "C2 CompilerThread0" daemon [_thread_in_native, id=15052, stack(0x0000003a34700000,0x0000003a34800000) (1024K)]


Current CompileTask:
C2:20309920 1156  s    4       sun.java2d.loops.GraphicsPrimitive::makeUniqueID (26 bytes)

Stack: [0x0000003a34700000,0x0000003a34800000]
Native frames: (J=compiled Java code, j=interpreted, Vv=VM code, C=native code)
V  [jvm.dll+0x6cade9]
V  [jvm.dll+0x8569c1]
V  [jvm.dll+0x858d2e]
V  [jvm.dll+0x859413]
V  [jvm.dll+0x280e56]
V  [jvm.dll+0xc3f3d]
V  [jvm.dll+0xc4473]
V  [jvm.dll+0x3b5c2c]
V  [jvm.dll+0x382855]
V  [jvm.dll+0x381cca]
V  [jvm.dll+0x249bd0]
V  [jvm.dll+0x2491b1]
V  [jvm.dll+0x1c9634]
V  [jvm.dll+0x258859]
V  [jvm.dll+0x256e3a]
V  [jvm.dll+0x3ef6c6]
V  [jvm.dll+0x7ff568]
V  [jvm.dll+0x6c953d]
C  [ucrtbase.dll+0x21bb2]
C  [KERNEL32.DLL+0x17374]
C  [ntdll.dll+0x4cc91]


---------------  P R O C E S S  ---------------

Threads class SMR info:
_java_thread_list=0x0000013c50934930, length=15, elements={
0x0000013c78fbc520, 0x0000013c78fbda60, 0x0000013c78fc0640, 0x0000013c78fc1930,
0x0000013c78fc27a0, 0x0000013c78fc3410, 0x0000013c78fdd7f0, 0x0000013c78fe04c0,
0x0000013c7d267d10, 0x0000013c7d283e00, 0x0000013c7d411d50, 0x0000013c7d4192a0,
0x0000013c7d41cff0, 0x0000013c7d47b910, 0x0000013c6951b9c0
}

Java Threads: ( => current thread )
  0x0000013c78fbc520 JavaThread "Reference Handler"          daemon [_thread_blocked, id=24668, stack(0x0000003a34100000,0x0000003a34200000) (1024K)]
  0x0000013c78fbda60 JavaThread "Finalizer"                  daemon [_thread_blocked, id=23144, stack(0x0000003a34200000,0x0000003a34300000) (1024K)]
  0x0000013c78fc0640 JavaThread "Signal Dispatcher"          daemon [_thread_blocked, id=26828, stack(0x0000003a34300000,0x0000003a34400000) (1024K)]
  0x0000013c78fc1930 JavaThread "Attach Listener"            daemon [_thread_blocked, id=31276, stack(0x0000003a34400000,0x0000003a34500000) (1024K)]
  0x0000013c78fc27a0 JavaThread "Service Thread"             daemon [_thread_blocked, id=13208, stack(0x0000003a34500000,0x0000003a34600000) (1024K)]
  0x0000013c78fc3410 JavaThread "Monitor Deflation Thread"   daemon [_thread_blocked, id=11360, stack(0x0000003a34600000,0x0000003a34700000) (1024K)]
=>0x0000013c78fdd7f0 JavaThread "C2 CompilerThread0"         daemon [_thread_in_native, id=15052, stack(0x0000003a34700000,0x0000003a34800000) (1024K)]
  0x0000013c78fe04c0 JavaThread "C1 CompilerThread0"         daemon [_thread_blocked, id=21456, stack(0x0000003a34800000,0x0000003a34900000) (1024K)]
  0x0000013c7d267d10 JavaThread "Notification Thread"        daemon [_thread_blocked, id=29224, stack(0x0000003a34900000,0x0000003a34a00000) (1024K)]
  0x0000013c7d283e00 JavaThread "Common-Cleaner"             daemon [_thread_blocked, id=6888, stack(0x0000003a34a00000,0x0000003a34b00000) (1024K)]
  0x0000013c7d411d50 JavaThread "Java2D Disposer"            daemon [_thread_blocked, id=13804, stack(0x0000003a34b00000,0x0000003a34c00000) (1024K)]
  0x0000013c7d4192a0 JavaThread "AWT-Shutdown"                      [_thread_blocked, id=25948, stack(0x0000003a34c00000,0x0000003a34d00000) (1024K)]
  0x0000013c7d41cff0 JavaThread "AWT-Windows"                daemon [_thread_in_native, id=23752, stack(0x0000003a34d00000,0x0000003a34e00000) (1024K)]
  0x0000013c7d47b910 JavaThread "AWT-EventQueue-0"                  [_thread_blocked, id=24272, stack(0x0000003a34e00000,0x0000003a34f00000) (1024K)]
  0x0000013c6951b9c0 JavaThread "DestroyJavaVM"                     [_thread_blocked, id=28584, stack(0x0000003a33900000,0x0000003a33a00000) (1024K)]
Total: 15

Other Threads:
  0x0000013c78fa1c70 VMThread "VM Thread"                           [id=32608, stack(0x0000003a34000000,0x0000003a34100000) (1024K)]
  0x0000013c78f8ac60 WatcherThread "VM Periodic Task Thread"        [id=1856, stack(0x0000003a33f00000,0x0000003a34000000) (1024K)]
  0x0000013c697ee7f0 WorkerThread "GC Thread#0"                     [id=23360, stack(0x0000003a33a00000,0x0000003a33b00000) (1024K)]
  0x0000013c697ff670 ConcurrentGCThread "G1 Main Marker"            [id=4844, stack(0x0000003a33b00000,0x0000003a33c00000) (1024K)]
  0x0000013c698009d0 WorkerThread "G1 Conc#0"                       [id=5312, stack(0x0000003a33c00000,0x0000003a33d00000) (1024K)]
  0x0000013c78e59d90 ConcurrentGCThread "G1 Refine#0"               [id=12296, stack(0x0000003a33d00000,0x0000003a33e00000) (1024K)]
  0x0000013c78e5a5b0 ConcurrentGCThread "G1 Service"                [id=22816, stack(0x0000003a33e00000,0x0000003a33f00000) (1024K)]
Total: 7

Threads with active compile tasks:
C2 CompilerThread0  20309965 1156  s    4       sun.java2d.loops.GraphicsPrimitive::makeUniqueID (26 bytes)
Total: 1

VM state: not at safepoint (normal execution)

VM Mutex/Monitor currently owned by a thread: None

Heap address: 0x0000000084400000, size: 1980 MB, Compressed Oops mode: 32-bit

CDS archive(s) mapped at: [0x0000013c0f000000-0x0000013c0fc90000-0x0000013c0fc90000), size 13172736, SharedBaseAddress: 0x0000013c0f000000, ArchiveRelocationMode: 1.
Compressed class space mapped at: 0x0000013c10000000-0x0000013c50000000, reserved size: 1073741824
Narrow klass base: 0x0000013c0f000000, Narrow klass shift: 0, Narrow klass range: 0x100000000

GC Precious Log:
 CardTable entry size: 512
 Card Set container configuration: InlinePtr #cards 5 size 8 Array Of Cards #cards 12 size 40 Howl #buckets 4 coarsen threshold 1843 Howl Bitmap #cards 512 size 80 coarsen threshold 460 Card regions per heap region 1 cards per card region 2048
 CPUs: 8 total, 8 available
 Memory: 7914M
 Large Page Support: Disabled
 NUMA Support: Disabled
 Compressed Oops: Enabled (32-bit)
 Heap Region Size: 1M
 Heap Min Capacity: 8M
 Heap Initial Capacity: 124M
 Heap Max Capacity: 1980M
 Pre-touch: Disabled
 Parallel Workers: 8
 Concurrent Workers: 2
 Concurrent Refinement Workers: 8
 Periodic GC: Disabled

Heap:
 garbage-first heap   total 126976K, used 22528K [0x0000000084400000, 0x0000000100000000)
  region size 1024K, 18 young (18432K), 0 survivors (0K)
 Metaspace       used 7500K, committed 7680K, reserved 1114112K
  class space    used 782K, committed 896K, reserved 1048576K

Heap Regions: E=young(eden), S=young(survivor), O=old, HS=humongous(starts), HC=humongous(continues), CS=collection set, F=free, TAMS=top-at-mark-start, PB=parsable bottom
|   0|0x0000000084400000, 0x0000000084500000, 0x0000000084500000|100%|HS|  |TAMS 0x0000000084400000| PB 0x0000000084400000| Complete 
|   1|0x0000000084500000, 0x0000000084600000, 0x0000000084600000|100%|HC|  |TAMS 0x0000000084500000| PB 0x0000000084500000| Complete 
|   2|0x0000000084600000, 0x0000000084700000, 0x0000000084700000|100%|HC|  |TAMS 0x0000000084600000| PB 0x0000000084600000| Complete 
|   3|0x0000000084700000, 0x0000000084800000, 0x0000000084800000|100%|HC|  |TAMS 0x0000000084700000| PB 0x0000000084700000| Complete 
|   4|0x0000000084800000, 0x0000000084900000, 0x0000000084900000|100%|HC|  |TAMS 0x0000000084800000| PB 0x0000000084800000| Complete 
|   5|0x0000000084900000, 0x0000000084900000, 0x0000000084a00000|  0%| F|  |TAMS 0x0000000084900000| PB 0x0000000084900000| Untracked 
|   6|0x0000000084a00000, 0x0000000084a00000, 0x0000000084b00000|  0%| F|  |TAMS 0x0000000084a00000| PB 0x0000000084a00000| Untracked 
|   7|0x0000000084b00000, 0x0000000084b00000, 0x0000000084c00000|  0%| F|  |TAMS 0x0000000084b00000| PB 0x0000000084b00000| Untracked 
|   8|0x0000000084c00000, 0x0000000084c00000, 0x0000000084d00000|  0%| F|  |TAMS 0x0000000084c00000| PB 0x0000000084c00000| Untracked 
|   9|0x0000000084d00000, 0x0000000084d00000, 0x0000000084e00000|  0%| F|  |TAMS 0x0000000084d00000| PB 0x0000000084d00000| Untracked 
|  10|0x0000000084e00000, 0x0000000084e00000, 0x0000000084f00000|  0%| F|  |TAMS 0x0000000084e00000| PB 0x0000000084e00000| Untracked 
|  11|0x0000000084f00000, 0x0000000084f00000, 0x0000000085000000|  0%| F|  |TAMS 0x0000000084f00000| PB 0x0000000084f00000| Untracked 
|  12|0x0000000085000000, 0x0000000085000000, 0x0000000085100000|  0%| F|  |TAMS 0x0000000085000000| PB 0x0000000085000000| Untracked 
|  13|0x0000000085100000, 0x0000000085100000, 0x0000000085200000|  0%| F|  |TAMS 0x0000000085100000| PB 0x0000000085100000| Untracked 
|  14|0x0000000085200000, 0x0000000085200000, 0x0000000085300000|  0%| F|  |TAMS 0x0000000085200000| PB 0x0000000085200000| Untracked 
|  15|0x0000000085300000, 0x0000000085300000, 0x0000000085400000|  0%| F|  |TAMS 0x0000000085300000| PB 0x0000000085300000| Untracked 
|  16|0x0000000085400000, 0x0000000085400000, 0x0000000085500000|  0%| F|  |TAMS 0x0000000085400000| PB 0x0000000085400000| Untracked 
|  17|0x0000000085500000, 0x0000000085500000, 0x0000000085600000|  0%| F|  |TAMS 0x0000000085500000| PB 0x0000000085500000| Untracked 
|  18|0x0000000085600000, 0x0000000085600000, 0x0000000085700000|  0%| F|  |TAMS 0x0000000085600000| PB 0x0000000085600000| Untracked 
|  19|0x0000000085700000, 0x0000000085700000, 0x0000000085800000|  0%| F|  |TAMS 0x0000000085700000| PB 0x0000000085700000| Untracked 
|  20|0x0000000085800000, 0x0000000085800000, 0x0000000085900000|  0%| F|  |TAMS 0x0000000085800000| PB 0x0000000085800000| Untracked 
|  21|0x0000000085900000, 0x0000000085900000, 0x0000000085a00000|  0%| F|  |TAMS 0x0000000085900000| PB 0x0000000085900000| Untracked 
|  22|0x0000000085a00000, 0x0000000085a00000, 0x0000000085b00000|  0%| F|  |TAMS 0x0000000085a00000| PB 0x0000000085a00000| Untracked 
|  23|0x0000000085b00000, 0x0000000085b00000, 0x0000000085c00000|  0%| F|  |TAMS 0x0000000085b00000| PB 0x0000000085b00000| Untracked 
|  24|0x0000000085c00000, 0x0000000085c00000, 0x0000000085d00000|  0%| F|  |TAMS 0x0000000085c00000| PB 0x0000000085c00000| Untracked 
|  25|0x0000000085d00000, 0x0000000085d00000, 0x0000000085e00000|  0%| F|  |TAMS 0x0000000085d00000| PB 0x0000000085d00000| Untracked 
|  26|0x0000000085e00000, 0x0000000085e00000, 0x0000000085f00000|  0%| F|  |TAMS 0x0000000085e00000| PB 0x0000000085e00000| Untracked 
|  27|0x0000000085f00000, 0x0000000085f00000, 0x0000000086000000|  0%| F|  |TAMS 0x0000000085f00000| PB 0x0000000085f00000| Untracked 
|  28|0x0000000086000000, 0x0000000086000000, 0x0000000086100000|  0%| F|  |TAMS 0x0000000086000000| PB 0x0000000086000000| Untracked 
|  29|0x0000000086100000, 0x0000000086100000, 0x0000000086200000|  0%| F|  |TAMS 0x0000000086100000| PB 0x0000000086100000| Untracked 
|  30|0x0000000086200000, 0x0000000086200000, 0x0000000086300000|  0%| F|  |TAMS 0x0000000086200000| PB 0x0000000086200000| Untracked 
|  31|0x0000000086300000, 0x0000000086300000, 0x0000000086400000|  0%| F|  |TAMS 0x0000000086300000| PB 0x0000000086300000| Untracked 
|  32|0x0000000086400000, 0x0000000086400000, 0x0000000086500000|  0%| F|  |TAMS 0x0000000086400000| PB 0x0000000086400000| Untracked 
|  33|0x0000000086500000, 0x0000000086500000, 0x0000000086600000|  0%| F|  |TAMS 0x0000000086500000| PB 0x0000000086500000| Untracked 
|  34|0x0000000086600000, 0x0000000086600000, 0x0000000086700000|  0%| F|  |TAMS 0x0000000086600000| PB 0x0000000086600000| Untracked 
|  35|0x0000000086700000, 0x0000000086700000, 0x0000000086800000|  0%| F|  |TAMS 0x0000000086700000| PB 0x0000000086700000| Untracked 
|  36|0x0000000086800000, 0x0000000086800000, 0x0000000086900000|  0%| F|  |TAMS 0x0000000086800000| PB 0x0000000086800000| Untracked 
|  37|0x0000000086900000, 0x0000000086900000, 0x0000000086a00000|  0%| F|  |TAMS 0x0000000086900000| PB 0x0000000086900000| Untracked 
|  38|0x0000000086a00000, 0x0000000086a00000, 0x0000000086b00000|  0%| F|  |TAMS 0x0000000086a00000| PB 0x0000000086a00000| Untracked 
|  39|0x0000000086b00000, 0x0000000086b00000, 0x0000000086c00000|  0%| F|  |TAMS 0x0000000086b00000| PB 0x0000000086b00000| Untracked 
|  40|0x0000000086c00000, 0x0000000086c00000, 0x0000000086d00000|  0%| F|  |TAMS 0x0000000086c00000| PB 0x0000000086c00000| Untracked 
|  41|0x0000000086d00000, 0x0000000086d00000, 0x0000000086e00000|  0%| F|  |TAMS 0x0000000086d00000| PB 0x0000000086d00000| Untracked 
|  42|0x0000000086e00000, 0x0000000086e00000, 0x0000000086f00000|  0%| F|  |TAMS 0x0000000086e00000| PB 0x0000000086e00000| Untracked 
|  43|0x0000000086f00000, 0x0000000086f00000, 0x0000000087000000|  0%| F|  |TAMS 0x0000000086f00000| PB 0x0000000086f00000| Untracked 
|  44|0x0000000087000000, 0x0000000087000000, 0x0000000087100000|  0%| F|  |TAMS 0x0000000087000000| PB 0x0000000087000000| Untracked 
|  45|0x0000000087100000, 0x0000000087100000, 0x0000000087200000|  0%| F|  |TAMS 0x0000000087100000| PB 0x0000000087100000| Untracked 
|  46|0x0000000087200000, 0x0000000087200000, 0x0000000087300000|  0%| F|  |TAMS 0x0000000087200000| PB 0x0000000087200000| Untracked 
|  47|0x0000000087300000, 0x0000000087300000, 0x0000000087400000|  0%| F|  |TAMS 0x0000000087300000| PB 0x0000000087300000| Untracked 
|  48|0x0000000087400000, 0x0000000087400000, 0x0000000087500000|  0%| F|  |TAMS 0x0000000087400000| PB 0x0000000087400000| Untracked 
|  49|0x0000000087500000, 0x0000000087500000, 0x0000000087600000|  0%| F|  |TAMS 0x0000000087500000| PB 0x0000000087500000| Untracked 
|  50|0x0000000087600000, 0x0000000087600000, 0x0000000087700000|  0%| F|  |TAMS 0x0000000087600000| PB 0x0000000087600000| Untracked 
|  51|0x0000000087700000, 0x0000000087700000, 0x0000000087800000|  0%| F|  |TAMS 0x0000000087700000| PB 0x0000000087700000| Untracked 
|  52|0x0000000087800000, 0x0000000087800000, 0x0000000087900000|  0%| F|  |TAMS 0x0000000087800000| PB 0x0000000087800000| Untracked 
|  53|0x0000000087900000, 0x0000000087900000, 0x0000000087a00000|  0%| F|  |TAMS 0x0000000087900000| PB 0x0000000087900000| Untracked 
|  54|0x0000000087a00000, 0x0000000087a00000, 0x0000000087b00000|  0%| F|  |TAMS 0x0000000087a00000| PB 0x0000000087a00000| Untracked 
|  55|0x0000000087b00000, 0x0000000087b00000, 0x0000000087c00000|  0%| F|  |TAMS 0x0000000087b00000| PB 0x0000000087b00000| Untracked 
|  56|0x0000000087c00000, 0x0000000087c00000, 0x0000000087d00000|  0%| F|  |TAMS 0x0000000087c00000| PB 0x0000000087c00000| Untracked 
|  57|0x0000000087d00000, 0x0000000087d00000, 0x0000000087e00000|  0%| F|  |TAMS 0x0000000087d00000| PB 0x0000000087d00000| Untracked 
|  58|0x0000000087e00000, 0x0000000087e00000, 0x0000000087f00000|  0%| F|  |TAMS 0x0000000087e00000| PB 0x0000000087e00000| Untracked 
|  59|0x0000000087f00000, 0x0000000087f00000, 0x0000000088000000|  0%| F|  |TAMS 0x0000000087f00000| PB 0x0000000087f00000| Untracked 
|  60|0x0000000088000000, 0x0000000088000000, 0x0000000088100000|  0%| F|  |TAMS 0x0000000088000000| PB 0x0000000088000000| Untracked 
|  61|0x0000000088100000, 0x0000000088100000, 0x0000000088200000|  0%| F|  |TAMS 0x0000000088100000| PB 0x0000000088100000| Untracked 
|  62|0x0000000088200000, 0x0000000088200000, 0x0000000088300000|  0%| F|  |TAMS 0x0000000088200000| PB 0x0000000088200000| Untracked 
|  63|0x0000000088300000, 0x0000000088300000, 0x0000000088400000|  0%| F|  |TAMS 0x0000000088300000| PB 0x0000000088300000| Untracked 
|  64|0x0000000088400000, 0x0000000088400000, 0x0000000088500000|  0%| F|  |TAMS 0x0000000088400000| PB 0x0000000088400000| Untracked 
|  65|0x0000000088500000, 0x0000000088500000, 0x0000000088600000|  0%| F|  |TAMS 0x0000000088500000| PB 0x0000000088500000| Untracked 
|  66|0x0000000088600000, 0x0000000088600000, 0x0000000088700000|  0%| F|  |TAMS 0x0000000088600000| PB 0x0000000088600000| Untracked 
|  67|0x0000000088700000, 0x0000000088700000, 0x0000000088800000|  0%| F|  |TAMS 0x0000000088700000| PB 0x0000000088700000| Untracked 
|  68|0x0000000088800000, 0x0000000088800000, 0x0000000088900000|  0%| F|  |TAMS 0x0000000088800000| PB 0x0000000088800000| Untracked 
|  69|0x0000000088900000, 0x0000000088900000, 0x0000000088a00000|  0%| F|  |TAMS 0x0000000088900000| PB 0x0000000088900000| Untracked 
|  70|0x0000000088a00000, 0x0000000088a00000, 0x0000000088b00000|  0%| F|  |TAMS 0x0000000088a00000| PB 0x0000000088a00000| Untracked 
|  71|0x0000000088b00000, 0x0000000088b00000, 0x0000000088c00000|  0%| F|  |TAMS 0x0000000088b00000| PB 0x0000000088b00000| Untracked 
|  72|0x0000000088c00000, 0x0000000088c00000, 0x0000000088d00000|  0%| F|  |TAMS 0x0000000088c00000| PB 0x0000000088c00000| Untracked 
|  73|0x0000000088d00000, 0x0000000088d00000, 0x0000000088e00000|  0%| F|  |TAMS 0x0000000088d00000| PB 0x0000000088d00000| Untracked 
|  74|0x0000000088e00000, 0x0000000088e00000, 0x0000000088f00000|  0%| F|  |TAMS 0x0000000088e00000| PB 0x0000000088e00000| Untracked 
|  75|0x0000000088f00000, 0x0000000088f00000, 0x0000000089000000|  0%| F|  |TAMS 0x0000000088f00000| PB 0x0000000088f00000| Untracked 
|  76|0x0000000089000000, 0x0000000089000000, 0x0000000089100000|  0%| F|  |TAMS 0x0000000089000000| PB 0x0000000089000000| Untracked 
|  77|0x0000000089100000, 0x0000000089100000, 0x0000000089200000|  0%| F|  |TAMS 0x0000000089100000| PB 0x0000000089100000| Untracked 
|  78|0x0000000089200000, 0x0000000089200000, 0x0000000089300000|  0%| F|  |TAMS 0x0000000089200000| PB 0x0000000089200000| Untracked 
|  79|0x0000000089300000, 0x0000000089300000, 0x0000000089400000|  0%| F|  |TAMS 0x0000000089300000| PB 0x0000000089300000| Untracked 
|  80|0x0000000089400000, 0x0000000089400000, 0x0000000089500000|  0%| F|  |TAMS 0x0000000089400000| PB 0x0000000089400000| Untracked 
|  81|0x0000000089500000, 0x0000000089500000, 0x0000000089600000|  0%| F|  |TAMS 0x0000000089500000| PB 0x0000000089500000| Untracked 
|  82|0x0000000089600000, 0x0000000089600000, 0x0000000089700000|  0%| F|  |TAMS 0x0000000089600000| PB 0x0000000089600000| Untracked 
|  83|0x0000000089700000, 0x0000000089700000, 0x0000000089800000|  0%| F|  |TAMS 0x0000000089700000| PB 0x0000000089700000| Untracked 
|  84|0x0000000089800000, 0x0000000089800000, 0x0000000089900000|  0%| F|  |TAMS 0x0000000089800000| PB 0x0000000089800000| Untracked 
|  85|0x0000000089900000, 0x0000000089900000, 0x0000000089a00000|  0%| F|  |TAMS 0x0000000089900000| PB 0x0000000089900000| Untracked 
|  86|0x0000000089a00000, 0x0000000089a00000, 0x0000000089b00000|  0%| F|  |TAMS 0x0000000089a00000| PB 0x0000000089a00000| Untracked 
|  87|0x0000000089b00000, 0x0000000089b00000, 0x0000000089c00000|  0%| F|  |TAMS 0x0000000089b00000| PB 0x0000000089b00000| Untracked 
|  88|0x0000000089c00000, 0x0000000089c00000, 0x0000000089d00000|  0%| F|  |TAMS 0x0000000089c00000| PB 0x0000000089c00000| Untracked 
|  89|0x0000000089d00000, 0x0000000089d00000, 0x0000000089e00000|  0%| F|  |TAMS 0x0000000089d00000| PB 0x0000000089d00000| Untracked 
|  90|0x0000000089e00000, 0x0000000089e00000, 0x0000000089f00000|  0%| F|  |TAMS 0x0000000089e00000| PB 0x0000000089e00000| Untracked 
|  91|0x0000000089f00000, 0x0000000089f00000, 0x000000008a000000|  0%| F|  |TAMS 0x0000000089f00000| PB 0x0000000089f00000| Untracked 
|  92|0x000000008a000000, 0x000000008a000000, 0x000000008a100000|  0%| F|  |TAMS 0x000000008a000000| PB 0x000000008a000000| Untracked 
|  93|0x000000008a100000, 0x000000008a100000, 0x000000008a200000|  0%| F|  |TAMS 0x000000008a100000| PB 0x000000008a100000| Untracked 
|  94|0x000000008a200000, 0x000000008a200000, 0x000000008a300000|  0%| F|  |TAMS 0x000000008a200000| PB 0x000000008a200000| Untracked 
|  95|0x000000008a300000, 0x000000008a300000, 0x000000008a400000|  0%| F|  |TAMS 0x000000008a300000| PB 0x000000008a300000| Untracked 
|  96|0x000000008a400000, 0x000000008a400000, 0x000000008a500000|  0%| F|  |TAMS 0x000000008a400000| PB 0x000000008a400000| Untracked 
|  97|0x000000008a500000, 0x000000008a500000, 0x000000008a600000|  0%| F|  |TAMS 0x000000008a500000| PB 0x000000008a500000| Untracked 
|  98|0x000000008a600000, 0x000000008a600000, 0x000000008a700000|  0%| F|  |TAMS 0x000000008a600000| PB 0x000000008a600000| Untracked 
|  99|0x000000008a700000, 0x000000008a700000, 0x000000008a800000|  0%| F|  |TAMS 0x000000008a700000| PB 0x000000008a700000| Untracked 
| 100|0x000000008a800000, 0x000000008a800000, 0x000000008a900000|  0%| F|  |TAMS 0x000000008a800000| PB 0x000000008a800000| Untracked 
| 101|0x000000008a900000, 0x000000008a900000, 0x000000008aa00000|  0%| F|  |TAMS 0x000000008a900000| PB 0x000000008a900000| Untracked 
| 102|0x000000008aa00000, 0x000000008aa00000, 0x000000008ab00000|  0%| F|  |TAMS 0x000000008aa00000| PB 0x000000008aa00000| Untracked 
| 103|0x000000008ab00000, 0x000000008ab00000, 0x000000008ac00000|  0%| F|  |TAMS 0x000000008ab00000| PB 0x000000008ab00000| Untracked 
| 104|0x000000008ac00000, 0x000000008ac00000, 0x000000008ad00000|  0%| F|  |TAMS 0x000000008ac00000| PB 0x000000008ac00000| Untracked 
| 105|0x000000008ad00000, 0x000000008ad00000, 0x000000008ae00000|  0%| F|  |TAMS 0x000000008ad00000| PB 0x000000008ad00000| Untracked 
| 106|0x000000008ae00000, 0x000000008ae8bc58, 0x000000008af00000| 54%| E|  |TAMS 0x000000008ae00000| PB 0x000000008ae00000| Complete 
| 107|0x000000008af00000, 0x000000008b000000, 0x000000008b000000|100%| E|CS|TAMS 0x000000008af00000| PB 0x000000008af00000| Complete 
| 108|0x000000008b000000, 0x000000008b100000, 0x000000008b100000|100%| E|CS|TAMS 0x000000008b000000| PB 0x000000008b000000| Complete 
| 109|0x000000008b100000, 0x000000008b200000, 0x000000008b200000|100%| E|CS|TAMS 0x000000008b100000| PB 0x000000008b100000| Complete 
| 110|0x000000008b200000, 0x000000008b300000, 0x000000008b300000|100%| E|CS|TAMS 0x000000008b200000| PB 0x000000008b200000| Complete 
| 111|0x000000008b300000, 0x000000008b400000, 0x000000008b400000|100%| E|CS|TAMS 0x000000008b300000| PB 0x000000008b300000| Complete 
| 112|0x000000008b400000, 0x000000008b500000, 0x000000008b500000|100%| E|CS|TAMS 0x000000008b400000| PB 0x000000008b400000| Complete 
| 113|0x000000008b500000, 0x000000008b600000, 0x000000008b600000|100%| E|CS|TAMS 0x000000008b500000| PB 0x000000008b500000| Complete 
| 114|0x000000008b600000, 0x000000008b700000, 0x000000008b700000|100%| E|CS|TAMS 0x000000008b600000| PB 0x000000008b600000| Complete 
| 115|0x000000008b700000, 0x000000008b800000, 0x000000008b800000|100%| E|CS|TAMS 0x000000008b700000| PB 0x000000008b700000| Complete 
| 116|0x000000008b800000, 0x000000008b900000, 0x000000008b900000|100%| E|CS|TAMS 0x000000008b800000| PB 0x000000008b800000| Complete 
| 117|0x000000008b900000, 0x000000008ba00000, 0x000000008ba00000|100%| E|CS|TAMS 0x000000008b900000| PB 0x000000008b900000| Complete 
| 118|0x000000008ba00000, 0x000000008bb00000, 0x000000008bb00000|100%| E|CS|TAMS 0x000000008ba00000| PB 0x000000008ba00000| Complete 
| 119|0x000000008bb00000, 0x000000008bc00000, 0x000000008bc00000|100%| E|CS|TAMS 0x000000008bb00000| PB 0x000000008bb00000| Complete 
| 120|0x000000008bc00000, 0x000000008bd00000, 0x000000008bd00000|100%| E|CS|TAMS 0x000000008bc00000| PB 0x000000008bc00000| Complete 
| 121|0x000000008bd00000, 0x000000008be00000, 0x000000008be00000|100%| E|CS|TAMS 0x000000008bd00000| PB 0x000000008bd00000| Complete 
| 122|0x000000008be00000, 0x000000008bf00000, 0x000000008bf00000|100%| E|CS|TAMS 0x000000008be00000| PB 0x000000008be00000| Complete 
| 123|0x000000008bf00000, 0x000000008c000000, 0x000000008c000000|100%| E|CS|TAMS 0x000000008bf00000| PB 0x000000008bf00000| Complete 

Card table byte_map: [0x0000013c74230000,0x0000013c74610000] _byte_map_base: 0x0000013c73e0e000

Marking Bits: (CMBitMap*) 0x0000013c697eee00
 Bits: [0x0000013c74610000, 0x0000013c76500000)

Polling page: 0x0000013c69870000

Metaspace:

Usage:
  Non-class:      6.56 MB used.
      Class:    782.61 KB used.
       Both:      7.32 MB used.

Virtual space:
  Non-class space:       64.00 MB reserved,       6.62 MB ( 10%) committed,  1 nodes.
      Class space:        1.00 GB reserved,     896.00 KB ( <1%) committed,  1 nodes.
             Both:        1.06 GB reserved,       7.50 MB ( <1%) committed. 

Chunk freelists:
   Non-Class:  9.00 MB
       Class:  15.11 MB
        Both:  24.11 MB

MaxMetaspaceSize: unlimited
CompressedClassSpaceSize: 1.00 GB
Initial GC threshold: 21.00 MB
Current GC threshold: 21.00 MB
CDS: on
 - commit_granule_bytes: 65536.
 - commit_granule_words: 8192.
 - virtual_space_node_default_size: 8388608.
 - enlarge_chunks_in_place: 1.
 - use_allocation_guard: 0.


Internal statistics:

num_allocs_failed_limit: 0.
num_arena_births: 140.
num_arena_deaths: 0.
num_vsnodes_births: 2.
num_vsnodes_deaths: 0.
num_space_committed: 120.
num_space_uncommitted: 0.
num_chunks_returned_to_freelist: 0.
num_chunks_taken_from_freelist: 179.
num_chunk_merges: 0.
num_chunk_splits: 105.
num_chunks_enlarged: 39.
num_inconsistent_stats: 0.

CodeHeap 'non-profiled nmethods': size=120000Kb used=407Kb max_used=407Kb free=119592Kb
 bounds [0x0000013c07ad0000, 0x0000013c07d40000, 0x0000013c0f000000]
CodeHeap 'profiled nmethods': size=120000Kb used=1863Kb max_used=1863Kb free=118136Kb
 bounds [0x0000013c00000000, 0x0000013c00270000, 0x0000013c07530000]
CodeHeap 'non-nmethods': size=5760Kb used=1726Kb max_used=1770Kb free=4033Kb
 bounds [0x0000013c07530000, 0x0000013c077a0000, 0x0000013c07ad0000]
 total_blobs=1774 nmethods=1157 adapters=522
 compilation: enabled
              stopped_count=0, restarted_count=0
 full_count=0

Compilation events (20 events):
Event: 17722.562 Thread 0x0000013c78fe04c0 1147   !   3       jdk.internal.ref.PhantomCleanable::isListEmpty (34 bytes)
Event: 17722.563 Thread 0x0000013c78fe04c0 nmethod 1147 0x0000013c001cc590 code [0x0000013c001cc740, 0x0000013c001cc9a0]
Event: 17722.563 Thread 0x0000013c78fe04c0 1148       3       jdk.internal.misc.InnocuousThread::eraseThreadLocals (23 bytes)
Event: 17722.565 Thread 0x0000013c78fe04c0 nmethod 1148 0x0000013c001cca90 code [0x0000013c001ccc40, 0x0000013c001cce30]
Event: 17722.565 Thread 0x0000013c78fe04c0 1149   !   3       java.lang.ref.ReferenceQueue::remove (61 bytes)
Event: 17722.570 Thread 0x0000013c78fe04c0 nmethod 1149 0x0000013c001cce90 code [0x0000013c001cd120, 0x0000013c001cdcd8]
Event: 17782.575 Thread 0x0000013c78fe04c0 1150       3       java.util.concurrent.locks.AbstractQueuedSynchronizer$ConditionObject::unlinkCancelledWaiters (91 bytes)
Event: 17782.575 Thread 0x0000013c78fe04c0 nmethod 1150 0x0000013c001ce090 code [0x0000013c001ce260, 0x0000013c001ce6e8]
Event: 19077.553 Thread 0x0000013c78fe04c0 1151       3       java.lang.StringConcatHelper::newString (67 bytes)
Event: 19077.557 Thread 0x0000013c78fe04c0 nmethod 1151 0x0000013c001ce810 code [0x0000013c001cea80, 0x0000013c001cf440]
Event: 19077.557 Thread 0x0000013c78fe04c0 1152       3       java.lang.StringConcatHelper::simpleConcat (94 bytes)
Event: 19077.562 Thread 0x0000013c78fe04c0 nmethod 1152 0x0000013c001cf810 code [0x0000013c001cfb60, 0x0000013c001d0e28]
Event: 19077.562 Thread 0x0000013c78fe04c0 1153       3       java.lang.StringConcatHelper::initialCoder (14 bytes)
Event: 19077.563 Thread 0x0000013c78fe04c0 nmethod 1153 0x0000013c001d1490 code [0x0000013c001d1620, 0x0000013c001d1738]
Event: 19077.565 Thread 0x0000013c78fdd7f0 1154       4       java.util.HashMap::keysToArray (81 bytes)
Event: 19077.570 Thread 0x0000013c78fdd7f0 nmethod 1154 0x0000013c07b35190 code [0x0000013c07b35340, 0x0000013c07b35648]
Event: 19077.587 Thread 0x0000013c78fe04c0 1155       3       java.awt.EventQueue::getNextEventPrivate (76 bytes)
Event: 19077.590 Thread 0x0000013c78fe04c0 nmethod 1155 0x0000013c001d1790 code [0x0000013c001d1960, 0x0000013c001d1cc0]
Event: 20309.908 Thread 0x0000013c78fdd7f0 1156  s    4       sun.java2d.loops.GraphicsPrimitive::makeUniqueID (26 bytes)
Event: 20309.913 Thread 0x0000013c78fe04c0 1157       1       sun.awt.Win32GraphicsDevice::getDefaultScaleX (5 bytes)

GC Heap History (0 events):
No events

Dll operation events (9 events):
Event: 0.005 Loaded shared library C:\Program Files\Java\jdk-21\bin\java.dll
Event: 0.038 Loaded shared library C:\Program Files\Java\jdk-21\bin\jsvml.dll
Event: 0.077 Loaded shared library C:\Program Files\Java\jdk-21\bin\jimage.dll
Event: 0.083 Loaded shared library C:\Program Files\Java\jdk-21\bin\net.dll
Event: 0.084 Loaded shared library C:\Program Files\Java\jdk-21\bin\nio.dll
Event: 0.090 Loaded shared library C:\Program Files\Java\jdk-21\bin\zip.dll
Event: 0.105 Loaded shared library C:\Program Files\Java\jdk-21\bin\awt.dll
Event: 0.234 Loaded shared library C:\Program Files\Java\jdk-21\bin\freetype.dll
Event: 0.235 Loaded shared library C:\Program Files\Java\jdk-21\bin\fontmanager.dll

Deoptimization events (20 events):
Event: 6056.013 Thread 0x0000013c7d41cff0 Uncommon trap: trap_request=0xffffffbe fr.pc=0x0000013c07b20e48 relative=0x0000000000000288
Event: 6056.028 Thread 0x0000013c7d41cff0 Uncommon trap: reason=profile_predicate action=maybe_recompile pc=0x0000013c07b20e48 method=java.util.HashMap.keysToArray([Ljava/lang/Object;)[Ljava/lang/Object; @ 36 c2
Event: 6056.028 Thread 0x0000013c7d41cff0 DEOPT PACKING pc=0x0000013c07b20e48 sp=0x0000003a34dfe550
Event: 6056.035 Thread 0x0000013c7d41cff0 DEOPT UNPACKING pc=0x0000013c07587da2 sp=0x0000003a34dfe500 mode 2
Event: 6063.989 Thread 0x0000013c7d41cff0 Uncommon trap: trap_request=0xffffffbe fr.pc=0x0000013c07b20e48 relative=0x0000000000000288
Event: 6063.989 Thread 0x0000013c7d41cff0 Uncommon trap: reason=profile_predicate action=maybe_recompile pc=0x0000013c07b20e48 method=java.util.HashMap.keysToArray([Ljava/lang/Object;)[Ljava/lang/Object; @ 36 c2
Event: 6064.003 Thread 0x0000013c7d41cff0 DEOPT PACKING pc=0x0000013c07b20e48 sp=0x0000003a34dfe550
Event: 6064.003 Thread 0x0000013c7d41cff0 DEOPT UNPACKING pc=0x0000013c07587da2 sp=0x0000003a34dfe500 mode 2
Event: 16492.729 Thread 0x0000013c7d41cff0 Uncommon trap: trap_request=0xffffffbe fr.pc=0x0000013c07b20e48 relative=0x0000000000000288
Event: 16492.729 Thread 0x0000013c7d41cff0 Uncommon trap: reason=profile_predicate action=maybe_recompile pc=0x0000013c07b20e48 method=java.util.HashMap.keysToArray([Ljava/lang/Object;)[Ljava/lang/Object; @ 36 c2
Event: 16492.729 Thread 0x0000013c7d41cff0 DEOPT PACKING pc=0x0000013c07b20e48 sp=0x0000003a34dfe560
Event: 16492.730 Thread 0x0000013c7d41cff0 DEOPT UNPACKING pc=0x0000013c07587da2 sp=0x0000003a34dfe510 mode 2
Event: 19077.564 Thread 0x0000013c7d41cff0 Uncommon trap: trap_request=0xffffffbe fr.pc=0x0000013c07b20e48 relative=0x0000000000000288
Event: 19077.564 Thread 0x0000013c7d41cff0 Uncommon trap: reason=profile_predicate action=maybe_recompile pc=0x0000013c07b20e48 method=java.util.HashMap.keysToArray([Ljava/lang/Object;)[Ljava/lang/Object; @ 36 c2
Event: 19077.564 Thread 0x0000013c7d41cff0 DEOPT PACKING pc=0x0000013c07b20e48 sp=0x0000003a34dfe550
Event: 19077.564 Thread 0x0000013c7d41cff0 DEOPT UNPACKING pc=0x0000013c07587da2 sp=0x0000003a34dfe500 mode 2
Event: 19083.532 Thread 0x0000013c7d41cff0 Uncommon trap: trap_request=0xffffff76 fr.pc=0x0000013c07b35568 relative=0x0000000000000228
Event: 19083.532 Thread 0x0000013c7d41cff0 Uncommon trap: reason=predicate action=maybe_recompile pc=0x0000013c07b35568 method=java.util.HashMap.keysToArray([Ljava/lang/Object;)[Ljava/lang/Object; @ 48 c2
Event: 19083.532 Thread 0x0000013c7d41cff0 DEOPT PACKING pc=0x0000013c07b35568 sp=0x0000003a34dfe550
Event: 19083.532 Thread 0x0000013c7d41cff0 DEOPT UNPACKING pc=0x0000013c07587da2 sp=0x0000003a34dfe508 mode 2

Classes loaded (20 events):
Event: 0.579 Loading class java/awt/event/AWTEventListenerProxy
Event: 0.579 Loading class java/awt/event/AWTEventListenerProxy done
Event: 0.579 Loading class java/awt/Toolkit$SelectiveAWTEventListener
Event: 0.579 Loading class java/awt/Toolkit$SelectiveAWTEventListener done
Event: 0.579 Loading class java/awt/Toolkit$ToolkitEventMulticaster
Event: 0.579 Loading class java/awt/Toolkit$ToolkitEventMulticaster done
Event: 0.579 Loading class java/awt/event/MouseWheelEvent
Event: 0.579 Loading class java/awt/event/MouseWheelEvent done
Event: 2.038 Loading class java/awt/LightweightDispatcher$2
Event: 2.038 Loading class java/awt/LightweightDispatcher$2 done
Event: 3.078 Loading class java/awt/KeyboardFocusManager$2
Event: 3.078 Loading class java/awt/KeyboardFocusManager$2 done
Event: 3.078 Loading class sun/awt/SunToolkit$1
Event: 3.078 Loading class sun/awt/SunToolkit$1 done
Event: 14228.991 Loading class java/util/WeakHashMap$KeyIterator
Event: 14229.036 Loading class java/util/WeakHashMap$HashIterator
Event: 14229.060 Loading class java/util/WeakHashMap$HashIterator done
Event: 14229.060 Loading class java/util/WeakHashMap$KeyIterator done
Event: 14229.730 Loading class javax/swing/RepaintManager$DisplayChangedRunnable
Event: 14229.808 Loading class javax/swing/RepaintManager$DisplayChangedRunnable done

Classes unloaded (0 events):
No events

Classes redefined (0 events):
No events

Internal exceptions (20 events):
Event: 0.335 Thread 0x0000013c7d47b910 Exception <a 'java/io/FileNotFoundException'{0x000000008b80f6d0}> (0x000000008b80f6d0) 
thrown [s\open\src\hotspot\share\prims\jni.cpp, line 520]
Event: 0.335 Thread 0x0000013c7d47b910 Exception <a 'java/io/FileNotFoundException'{0x000000008b814030}> (0x000000008b814030) 
thrown [s\open\src\hotspot\share\prims\jni.cpp, line 520]
Event: 0.335 Thread 0x0000013c7d47b910 Exception <a 'java/io/FileNotFoundException'{0x000000008b815a28}> (0x000000008b815a28) 
thrown [s\open\src\hotspot\share\prims\jni.cpp, line 520]
Event: 0.336 Thread 0x0000013c7d47b910 Exception <a 'java/io/FileNotFoundException'{0x000000008b8173f8}> (0x000000008b8173f8) 
thrown [s\open\src\hotspot\share\prims\jni.cpp, line 520]
Event: 0.336 Thread 0x0000013c7d47b910 Exception <a 'java/io/FileNotFoundException'{0x000000008b818e30}> (0x000000008b818e30) 
thrown [s\open\src\hotspot\share\prims\jni.cpp, line 520]
Event: 0.336 Thread 0x0000013c7d47b910 Exception <a 'java/io/FileNotFoundException'{0x000000008b81a868}> (0x000000008b81a868) 
thrown [s\open\src\hotspot\share\prims\jni.cpp, line 520]
Event: 0.336 Thread 0x0000013c7d47b910 Exception <a 'java/io/FileNotFoundException'{0x000000008b81c260}> (0x000000008b81c260) 
thrown [s\open\src\hotspot\share\prims\jni.cpp, line 520]
Event: 0.336 Thread 0x0000013c7d47b910 Exception <a 'java/io/FileNotFoundException'{0x000000008b81dc20}> (0x000000008b81dc20) 
thrown [s\open\src\hotspot\share\prims\jni.cpp, line 520]
Event: 0.336 Thread 0x0000013c7d47b910 Exception <a 'java/io/FileNotFoundException'{0x000000008b81f638}> (0x000000008b81f638) 
thrown [s\open\src\hotspot\share\prims\jni.cpp, line 520]
Event: 0.339 Thread 0x0000013c7d47b910 Exception <a 'java/io/FileNotFoundException'{0x000000008b8378f0}> (0x000000008b8378f0) 
thrown [s\open\src\hotspot\share\prims\jni.cpp, line 520]
Event: 0.339 Thread 0x0000013c7d47b910 Exception <a 'java/io/FileNotFoundException'{0x000000008b839330}> (0x000000008b839330) 
thrown [s\open\src\hotspot\share\prims\jni.cpp, line 520]
Event: 0.340 Thread 0x0000013c7d47b910 Exception <a 'java/io/FileNotFoundException'{0x000000008b83dc70}> (0x000000008b83dc70) 
thrown [s\open\src\hotspot\share\prims\jni.cpp, line 520]
Event: 0.340 Thread 0x0000013c7d47b910 Exception <a 'java/io/FileNotFoundException'{0x000000008b83f668}> (0x000000008b83f668) 
thrown [s\open\src\hotspot\share\prims\jni.cpp, line 520]
Event: 0.340 Thread 0x0000013c7d47b910 Exception <a 'java/io/FileNotFoundException'{0x000000008b841038}> (0x000000008b841038) 
thrown [s\open\src\hotspot\share\prims\jni.cpp, line 520]
Event: 0.340 Thread 0x0000013c7d47b910 Exception <a 'java/io/FileNotFoundException'{0x000000008b842a70}> (0x000000008b842a70) 
thrown [s\open\src\hotspot\share\prims\jni.cpp, line 520]
Event: 0.340 Thread 0x0000013c7d47b910 Exception <a 'java/io/FileNotFoundException'{0x000000008b8444a8}> (0x000000008b8444a8) 
thrown [s\open\src\hotspot\share\prims\jni.cpp, line 520]
Event: 0.340 Thread 0x0000013c7d47b910 Exception <a 'java/io/FileNotFoundException'{0x000000008b845ea0}> (0x000000008b845ea0) 
thrown [s\open\src\hotspot\share\prims\jni.cpp, line 520]
Event: 0.340 Thread 0x0000013c7d47b910 Exception <a 'java/io/FileNotFoundException'{0x000000008b847860}> (0x000000008b847860) 
thrown [s\open\src\hotspot\share\prims\jni.cpp, line 520]
Event: 0.340 Thread 0x0000013c7d47b910 Exception <a 'java/io/FileNotFoundException'{0x000000008b849278}> (0x000000008b849278) 
thrown [s\open\src\hotspot\share\prims\jni.cpp, line 520]
Event: 0.539 Thread 0x0000013c7d47b910 Implicit null exception at 0x0000013c07b0f31a to 0x0000013c07b0f3cc

ZGC Phase Switch (0 events):
No events

VM Operations (20 events):
Event: 1.213 Executing VM operation: Cleanup
Event: 1.213 Executing VM operation: Cleanup done
Event: 2.220 Executing VM operation: Cleanup
Event: 2.220 Executing VM operation: Cleanup done
Event: 3.231 Executing VM operation: Cleanup
Event: 3.231 Executing VM operation: Cleanup done
Event: 60.123 Executing VM operation: HandshakeAllThreads (HandshakeForDeflation)
Event: 60.123 Executing VM operation: HandshakeAllThreads (HandshakeForDeflation) done
Event: 60.123 Executing VM operation: RendezvousGCThreads
Event: 60.123 Executing VM operation: RendezvousGCThreads done
Event: 6056.549 Executing VM operation: Cleanup
Event: 6056.554 Executing VM operation: Cleanup done
Event: 6057.557 Executing VM operation: Cleanup
Event: 6057.558 Executing VM operation: Cleanup done
Event: 14230.236 Executing VM operation: Cleanup
Event: 14230.238 Executing VM operation: Cleanup done
Event: 16493.152 Executing VM operation: Cleanup
Event: 16493.153 Executing VM operation: Cleanup done
Event: 19077.848 Executing VM operation: Cleanup
Event: 19077.848 Executing VM operation: Cleanup done

Events (19 events):
Event: 0.020 Thread 0x0000013c6951b9c0 Thread added: 0x0000013c6951b9c0
Event: 0.035 Thread 0x0000013c78fbc520 Thread added: 0x0000013c78fbc520
Event: 0.036 Thread 0x0000013c78fbda60 Thread added: 0x0000013c78fbda60
Event: 0.036 Thread 0x0000013c78fc0640 Thread added: 0x0000013c78fc0640
Event: 0.036 Thread 0x0000013c78fc1930 Thread added: 0x0000013c78fc1930
Event: 0.036 Thread 0x0000013c78fc27a0 Thread added: 0x0000013c78fc27a0
Event: 0.036 Thread 0x0000013c78fc3410 Thread added: 0x0000013c78fc3410
Event: 0.036 Thread 0x0000013c78fdd7f0 Thread added: 0x0000013c78fdd7f0
Event: 0.036 Thread 0x0000013c78fe04c0 Thread added: 0x0000013c78fe04c0
Event: 0.054 Thread 0x0000013c7d267d10 Thread added: 0x0000013c7d267d10
Event: 0.058 Thread 0x0000013c7d283e00 Thread added: 0x0000013c7d283e00
Event: 0.152 Thread 0x0000013c7d411d50 Thread added: 0x0000013c7d411d50
Event: 0.153 Thread 0x0000013c7d4192a0 Thread added: 0x0000013c7d4192a0
Event: 0.154 Thread 0x0000013c7d41cff0 Thread added: 0x0000013c7d41cff0
Event: 0.220 Thread 0x0000013c7d47b910 Thread added: 0x0000013c7d47b910
Event: 0.270 Thread 0x0000013c6951b9c0 Thread exited: 0x0000013c6951b9c0
Event: 0.270 Thread 0x0000013c6951b9c0 Thread added: 0x0000013c6951b9c0
Event: 0.491 Thread 0x0000013c7ed43510 Thread added: 0x0000013c7ed43510
Event: 1.404 Thread 0x0000013c7ed43510 Thread exited: 0x0000013c7ed43510


Dynamic libraries:
0x00007ff7b1b40000 - 0x00007ff7b1b50000 	C:\Program Files\Java\jdk-21\bin\javaw.exe
0x00007ff929a70000 - 0x00007ff929c68000 	C:\WINDOWS\SYSTEM32\ntdll.dll
0x00007ff928be0000 - 0x00007ff928ca1000 	C:\WINDOWS\System32\KERNEL32.DLL
0x00007ff927750000 - 0x00007ff927a46000 	C:\WINDOWS\System32\KERNELBASE.dll
0x00007ff927650000 - 0x00007ff927750000 	C:\WINDOWS\System32\ucrtbase.dll
0x00007ff913ca0000 - 0x00007ff913cb9000 	C:\Program Files\Java\jdk-21\bin\jli.dll
0x00007ff9137d0000 - 0x00007ff9137eb000 	C:\Program Files\Java\jdk-21\bin\VCRUNTIME140.dll
0x00007ff928ac0000 - 0x00007ff928b70000 	C:\WINDOWS\System32\ADVAPI32.dll
0x00007ff9285e0000 - 0x00007ff92867e000 	C:\WINDOWS\System32\msvcrt.dll
0x00007ff928490000 - 0x00007ff928530000 	C:\WINDOWS\System32\sechost.dll
0x00007ff928680000 - 0x00007ff9287a3000 	C:\WINDOWS\System32\RPCRT4.dll
0x00007ff9275b0000 - 0x00007ff9275d7000 	C:\WINDOWS\System32\bcrypt.dll
0x00007ff927aa0000 - 0x00007ff927c3f000 	C:\WINDOWS\System32\USER32.dll
0x00007ff9271d0000 - 0x00007ff9271f2000 	C:\WINDOWS\System32\win32u.dll
0x00007ff904f80000 - 0x00007ff90521a000 	C:\WINDOWS\WinSxS\amd64_microsoft.windows.common-controls_6595b64144ccf1df_6.0.19041.4355_none_60b8b9eb71f62e16\COMCTL32.dll
0x00007ff928940000 - 0x00007ff92896b000 	C:\WINDOWS\System32\GDI32.dll
0x00007ff9273f0000 - 0x00007ff927507000 	C:\WINDOWS\System32\gdi32full.dll
0x00007ff927510000 - 0x00007ff9275ad000 	C:\WINDOWS\System32\msvcp_win.dll
0x00007ff91ad30000 - 0x00007ff91ad3a000 	C:\WINDOWS\SYSTEM32\VERSION.dll
0x00007ff927cf0000 - 0x00007ff927d1f000 	C:\WINDOWS\System32\IMM32.DLL
0x00007ff921270000 - 0x00007ff92127c000 	C:\Program Files\Java\jdk-21\bin\vcruntime140_1.dll
0x00007ff8f8b90000 - 0x00007ff8f8c1e000 	C:\Program Files\Java\jdk-21\bin\msvcp140.dll
0x00007ff8aceb0000 - 0x00007ff8adbc7000 	C:\Program Files\Java\jdk-21\bin\server\jvm.dll
0x00007ff9298e0000 - 0x00007ff92994b000 	C:\WINDOWS\System32\WS2_32.dll
0x00007ff9266a0000 - 0x00007ff9266eb000 	C:\WINDOWS\SYSTEM32\POWRPROF.dll
0x00007ff921b80000 - 0x00007ff921ba7000 	C:\WINDOWS\SYSTEM32\WINMM.dll
0x00007ff926510000 - 0x00007ff926522000 	C:\WINDOWS\SYSTEM32\UMPDC.dll
0x00007ff925930000 - 0x00007ff925942000 	C:\WINDOWS\SYSTEM32\kernel.appcore.dll
0x00007ff91ee10000 - 0x00007ff91ee1a000 	C:\Program Files\Java\jdk-21\bin\jimage.dll
0x00007ff9255c0000 - 0x00007ff9257a4000 	C:\WINDOWS\SYSTEM32\DBGHELP.DLL
0x00007ff921b40000 - 0x00007ff921b74000 	C:\WINDOWS\SYSTEM32\dbgcore.DLL
0x00007ff927360000 - 0x00007ff9273e2000 	C:\WINDOWS\System32\bcryptPrimitives.dll
0x00007ff90de40000 - 0x00007ff90de5f000 	C:\Program Files\Java\jdk-21\bin\java.dll
0x00007ff927d20000 - 0x00007ff92848c000 	C:\WINDOWS\System32\SHELL32.dll
0x00007ff924d00000 - 0x00007ff92549e000 	C:\WINDOWS\SYSTEM32\windows.storage.dll
0x00007ff929580000 - 0x00007ff9298d3000 	C:\WINDOWS\System32\combase.dll
0x00007ff926b40000 - 0x00007ff926b6e000 	C:\WINDOWS\SYSTEM32\Wldp.dll
0x00007ff929960000 - 0x00007ff929a2d000 	C:\WINDOWS\System32\OLEAUT32.dll
0x00007ff928530000 - 0x00007ff9285dd000 	C:\WINDOWS\System32\SHCORE.dll
0x00007ff928b70000 - 0x00007ff928bc5000 	C:\WINDOWS\System32\shlwapi.dll
0x00007ff927050000 - 0x00007ff927074000 	C:\WINDOWS\SYSTEM32\profapi.dll
0x00007ff8f80a0000 - 0x00007ff8f8177000 	C:\Program Files\Java\jdk-21\bin\jsvml.dll
0x00007ff91e930000 - 0x00007ff91e940000 	C:\Program Files\Java\jdk-21\bin\net.dll
0x00007ff920440000 - 0x00007ff92054a000 	C:\WINDOWS\SYSTEM32\WINHTTP.dll
0x00007ff9268a0000 - 0x00007ff92690a000 	C:\WINDOWS\system32\mswsock.dll
0x00007ff90de20000 - 0x00007ff90de36000 	C:\Program Files\Java\jdk-21\bin\nio.dll
0x00007ff907fb0000 - 0x00007ff907fc8000 	C:\Program Files\Java\jdk-21\bin\zip.dll
0x00007ff8cbee0000 - 0x00007ff8cc06f000 	C:\Program Files\Java\jdk-21\bin\awt.dll
0x00007ff91e770000 - 0x00007ff91e804000 	C:\WINDOWS\SYSTEM32\apphelp.dll
0x00007ff924410000 - 0x00007ff92443f000 	C:\WINDOWS\system32\DWMAPI.DLL
0x00007ff9218b0000 - 0x00007ff92194e000 	C:\WINDOWS\system32\uxtheme.dll
0x00007ff905e10000 - 0x00007ff905f38000 	C:\WINDOWS\system32\opengl32.dll
0x00007ff918c90000 - 0x00007ff918cbc000 	C:\WINDOWS\SYSTEM32\GLU32.dll
0x00007ff928de0000 - 0x00007ff928ef4000 	C:\WINDOWS\System32\MSCTF.dll
0x00007ff928cb0000 - 0x00007ff928ddb000 	C:\WINDOWS\System32\ole32.dll
0x00007ff8ed2c0000 - 0x00007ff8ed347000 	C:\Program Files\Java\jdk-21\bin\freetype.dll
0x00007ff8e1620000 - 0x00007ff8e1702000 	C:\Program Files\Java\jdk-21\bin\fontmanager.dll
0x00007ff912780000 - 0x00007ff912879000 	C:\WINDOWS\SYSTEM32\textinputframework.dll
0x00007ff91d810000 - 0x00007ff91db6b000 	C:\WINDOWS\System32\CoreUIComponents.dll
0x00007ff91f150000 - 0x00007ff91f242000 	C:\WINDOWS\System32\CoreMessaging.dll
0x00007ff926290000 - 0x00007ff9262c3000 	C:\WINDOWS\SYSTEM32\ntmarta.dll
0x00007ff9207d0000 - 0x00007ff920927000 	C:\WINDOWS\SYSTEM32\wintypes.dll

dbghelp: loaded successfully - version: 4.0.5 - missing functions: none
symbol engine: initialized successfully - sym options: 0x614 - pdb path: .;C:\Program Files\Java\jdk-21\bin;C:\WINDOWS\SYSTEM32;C:\WINDOWS\WinSxS\amd64_microsoft.windows.common-controls_6595b64144ccf1df_6.0.19041.4355_none_60b8b9eb71f62e16;C:\Program Files\Java\jdk-21\bin\server

VM Arguments:
jvm_args: -Dfile.encoding=UTF-8 -Dstdout.encoding=UTF-8 -Dstderr.encoding=UTF-8 -XX:+ShowCodeDetailsInExceptionMessages 
java_command: bank.SignupThree
java_class_path (initial): C:\Users\Richa Singh\Desktop\BankManagementSystem\bin;C:\Users\Richa Singh\Desktop\My Project Resource\jcalendar-1.4\lib\jcalendar-1.4.jar;C:\Users\Richa Singh\Downloads\mysql-connector-j-9.1.0\mysql-connector-j-9.1.0\mysql-connector-j-9.1.0.jar
Launcher Type: SUN_STANDARD

[Global flags]
     intx CICompilerCount                          = 4                                         {product} {ergonomic}
     uint ConcGCThreads                            = 2                                         {product} {ergonomic}
     uint G1ConcRefinementThreads                  = 8                                         {product} {ergonomic}
   size_t G1HeapRegionSize                         = 1048576                                   {product} {ergonomic}
    uintx GCDrainStackTargetSize                   = 64                                        {product} {ergonomic}
   size_t InitialHeapSize                          = 130023424                                 {product} {ergonomic}
   size_t MarkStackSize                            = 4194304                                   {product} {ergonomic}
   size_t MaxHeapSize                              = 2076180480                                {product} {ergonomic}
   size_t MaxNewSize                               = 1245708288                                {product} {ergonomic}
   size_t MinHeapDeltaBytes                        = 1048576                                   {product} {ergonomic}
   size_t MinHeapSize                              = 8388608                                   {product} {ergonomic}
    uintx NonNMethodCodeHeapSize                   = 5839372                                {pd product} {ergonomic}
    uintx NonProfiledCodeHeapSize                  = 122909434                              {pd product} {ergonomic}
    uintx ProfiledCodeHeapSize                     = 122909434                              {pd product} {ergonomic}
    uintx ReservedCodeCacheSize                    = 251658240                              {pd product} {ergonomic}
     bool SegmentedCodeCache                       = true                                      {product} {ergonomic}
     bool ShowCodeDetailsInExceptionMessages       = true                                   {manageable} {command line}
   size_t SoftMaxHeapSize                          = 2076180480                             {manageable} {ergonomic}
     bool UseCompressedOops                        = true                           {product lp64_product} {ergonomic}
     bool UseG1GC                                  = true                                      {product} {ergonomic}
     bool UseLargePagesIndividualAllocation        = false                                  {pd product} {ergonomic}

Logging:
Log output configuration:
 #0: stdout all=warning uptime,level,tags foldmultilines=false
 #1: stderr all=off uptime,level,tags foldmultilines=false

Environment Variables:
JAVA_HOME=C:\Program Files\Java\jdk-21
PATH=C:\Program Files\Common Files\Oracle\Java\javapath;C:\Windows\system32;C:\Windows;C:\Windows\System32\Wbem;C:\Windows\System32\WindowsPowerShell\v1.0\;C:\Windows\System32\OpenSSH\;C:\Program Files\NVIDIA Corporation\NVIDIA NvDLISR;C:\WINDOWS\system32;C:\WINDOWS;C:\WINDOWS\System32\Wbem;C:\WINDOWS\System32\WindowsPowerShell\v1.0\;C:\WINDOWS\System32\OpenSSH\;C:\Program Files\dotnet\;C:\Program Files (x86)\NVIDIA Corporation\PhysX\Common;C:\MinGW\bin;C:\MinGW\bin;C:\MinGW\bin;C:\MinGW\bin;C:\Program Files\MySQL\MySQL Shell 8.0\bin\;C:\Users\Richa Singh\AppData\Local\Programs\Python\Python310\Scripts\;C:\Users\Richa Singh\AppData\Local\Programs\Python\Python310\;C:\Users\Richa Singh\AppData\Local\Microsoft\WindowsApps;C:\Program Files\Java\jdk-21\bin;C:\Program Files\Java\jdk-21\bin;C:\Users\Richa Singh\AppData\Local\Programs\Microsoft VS Code\bin;C:\Users\Richa Singh\AppData\Local\JetBrains\IntelliJ IDEA Community Edition 2024.2.3\bin;;C:\Users\Richa Singh\AppData\Local\GitHubDesktop\bin
USERNAME=RICHA
OS=Windows_NT
PROCESSOR_IDENTIFIER=Intel64 Family 6 Model 140 Stepping 1, GenuineIntel
TMP=C:\Users\RICHAS~1\AppData\Local\Temp
TEMP=C:\Users\RICHAS~1\AppData\Local\Temp




Periodic native trim disabled

---------------  S Y S T E M  ---------------

OS:
 Windows 10 , 64 bit Build 19041 (10.0.19041.4597)
OS uptime: 7 days 3:24 hours

CPU: total 8 (initial active 8) (4 cores per cpu, 2 threads per core) family 6 model 140 stepping 1 microcode 0xb8, cx8, cmov, fxsr, ht, mmx, 3dnowpref, sse, sse2, sse3, ssse3, sse4.1, sse4.2, popcnt, lzcnt, tsc, tscinvbit, avx, avx2, aes, erms, clmul, bmi1, bmi2, adx, avx512f, avx512dq, avx512cd, avx512bw, avx512vl, sha, fma, vzeroupper, avx512_vpopcntdq, avx512_vpclmulqdq, avx512_vaes, avx512_vnni, clflush, clflushopt, clwb, avx512_vbmi2, avx512_vbmi, rdtscp, rdpid, fsrm, gfni, avx512_bitalg, f16c, pku, cet_ibt, cet_ss, avx512_ifma
Processor Information for all 8 processors :
  Max Mhz: 1382, Current Mhz: 1382, Mhz Limit: 1382

Memory: 4k page, system-wide physical 7914M (563M free)
TotalPageFile size 32490M (AvailPageFile size 0M)
current process WorkingSet (physical memory assigned to process): 13M, peak: 96M
current process commit charge ("private bytes"): 220M, peak: 240M

vm_info: Java HotSpot(TM) 64-Bit Server VM (21.0.2+13-LTS-58) for windows-amd64 JRE (21.0.2+13-LTS-58), built on 2024-01-05T18:32:24Z by "mach5one" with MS VC++ 17.1 (VS2022)

END.
