#
# There is insufficient memory for the Java Runtime Environment to continue.
# Native memory allocation (malloc) failed to allocate 168272 bytes for Chunk::new
# Possible reasons:
#   The system is out of physical RAM or swap space
#   The process is running with CompressedOops enabled, and the Java Heap may be blocking the growth of the native heap
# Possible solutions:
#   Reduce memory load on the system
#   Increase physical memory or swap space
#   Check if swap backing store is full
#   Decrease Java heap size (-Xmx/-Xms)
#   Decrease number of Java threads
#   Decrease Java thread stack sizes (-Xss)
#   Set larger code cache with -XX:ReservedCodeCacheSize=
#   JVM is running with Unscaled Compressed Oops mode in which the Java heap is
#     placed in the first 4GB address space. The Java Heap base address is the
#     maximum limit for the native heap growth. Please use -XX:HeapBaseMinAddress
#     to set the Java Heap base and to place the Java Heap above 4GB virtual address.
# This output file may be truncated or incomplete.
#
#  Out of Memory Error (arena.cpp:168), pid=27536, tid=28868
#
# JRE version: Java(TM) SE Runtime Environment (21.0.2+13) (build 21.0.2+13-LTS-58)
# Java VM: Java HotSpot(TM) 64-Bit Server VM (21.0.2+13-LTS-58, mixed mode, sharing, tiered, compressed oops, compressed class ptrs, g1 gc, windows-amd64)
# No core dump will be written. Minidumps are not enabled by default on client versions of Windows
#

---------------  S U M M A R Y ------------

Command Line: -Dfile.encoding=UTF-8 -Dstdout.encoding=UTF-8 -Dstderr.encoding=UTF-8 -XX:+ShowCodeDetailsInExceptionMessages bank.SignupThree

Host: 11th Gen Intel(R) Core(TM) i5-1135G7 @ 2.40GHz, 8 cores, 7G,  Windows 10 , 64 bit Build 19041 (10.0.19041.4597)
Time: Tue Oct 22 00:31:43 2024 India Standard Time elapsed time: 20361.304576 seconds (0d 5h 39m 21s)

---------------  T H R E A D  ---------------

Current thread (0x000001fad17d3c70):  JavaThread "C2 CompilerThread0" daemon [_thread_in_native, id=28868, stack(0x000000cb02f00000,0x000000cb03000000) (1024K)]


Current CompileTask:
C2:20361304 1329       4       java.util.HashSet::add (20 bytes)

Stack: [0x000000cb02f00000,0x000000cb03000000]
Native frames: (J=compiled Java code, j=interpreted, Vv=VM code, C=native code)
V  [jvm.dll+0x6cade9]
V  [jvm.dll+0x8569c1]
V  [jvm.dll+0x858d2e]
V  [jvm.dll+0x859413]
V  [jvm.dll+0x280e56]
V  [jvm.dll+0xc3f3d]
V  [jvm.dll+0xc4473]
V  [jvm.dll+0x3b5c2c]
V  [jvm.dll+0x382855]
V  [jvm.dll+0x381cca]
V  [jvm.dll+0x249bd0]
V  [jvm.dll+0x2491b1]
V  [jvm.dll+0x1c9634]
V  [jvm.dll+0x258859]
V  [jvm.dll+0x256e3a]
V  [jvm.dll+0x3ef6c6]
V  [jvm.dll+0x7ff568]
V  [jvm.dll+0x6c953d]
C  [ucrtbase.dll+0x21bb2]
C  [KERNEL32.DLL+0x17374]
C  [ntdll.dll+0x4cc91]


---------------  P R O C E S S  ---------------

Threads class SMR info:
_java_thread_list=0x000001fad1c57dd0, length=15, elements={
0x000001fad17bae00, 0x000001fad17bbb20, 0x000001fad17bf6a0, 0x000001fad17c0600,
0x000001fad17c1150, 0x000001fad17c6470, 0x000001fad17d3c70, 0x000001fad17d4c30,
0x000001fad1a26350, 0x000001fad1a269e0, 0x000001fad1a24280, 0x000001fad1a25cc0,
0x000001fad1a27700, 0x000001fad1a27070, 0x000001fad1a24910
}

Java Threads: ( => current thread )
  0x000001fad17bae00 JavaThread "Reference Handler"          daemon [_thread_blocked, id=25040, stack(0x000000cb02900000,0x000000cb02a00000) (1024K)]
  0x000001fad17bbb20 JavaThread "Finalizer"                  daemon [_thread_blocked, id=21260, stack(0x000000cb02a00000,0x000000cb02b00000) (1024K)]
  0x000001fad17bf6a0 JavaThread "Signal Dispatcher"          daemon [_thread_blocked, id=28288, stack(0x000000cb02b00000,0x000000cb02c00000) (1024K)]
  0x000001fad17c0600 JavaThread "Attach Listener"            daemon [_thread_blocked, id=14352, stack(0x000000cb02c00000,0x000000cb02d00000) (1024K)]
  0x000001fad17c1150 JavaThread "Service Thread"             daemon [_thread_blocked, id=24516, stack(0x000000cb02d00000,0x000000cb02e00000) (1024K)]
  0x000001fad17c6470 JavaThread "Monitor Deflation Thread"   daemon [_thread_blocked, id=28932, stack(0x000000cb02e00000,0x000000cb02f00000) (1024K)]
=>0x000001fad17d3c70 JavaThread "C2 CompilerThread0"         daemon [_thread_in_native, id=28868, stack(0x000000cb02f00000,0x000000cb03000000) (1024K)]
  0x000001fad17d4c30 JavaThread "C1 CompilerThread0"         daemon [_thread_blocked, id=27608, stack(0x000000cb03000000,0x000000cb03100000) (1024K)]
  0x000001fad1a26350 JavaThread "Notification Thread"        daemon [_thread_blocked, id=16852, stack(0x000000cb03100000,0x000000cb03200000) (1024K)]
  0x000001fad1a269e0 JavaThread "Common-Cleaner"             daemon [_thread_blocked, id=2676, stack(0x000000cb03200000,0x000000cb03300000) (1024K)]
  0x000001fad1a24280 JavaThread "Java2D Disposer"            daemon [_thread_blocked, id=6952, stack(0x000000cb03300000,0x000000cb03400000) (1024K)]
  0x000001fad1a25cc0 JavaThread "AWT-Shutdown"                      [_thread_blocked, id=33612, stack(0x000000cb03400000,0x000000cb03500000) (1024K)]
  0x000001fad1a27700 JavaThread "AWT-Windows"                daemon [_thread_in_native, id=5220, stack(0x000000cb03500000,0x000000cb03600000) (1024K)]
  0x000001fad1a27070 JavaThread "AWT-EventQueue-0"                  [_thread_blocked, id=25076, stack(0x000000cb03600000,0x000000cb03700000) (1024K)]
  0x000001fad1a24910 JavaThread "DestroyJavaVM"                     [_thread_blocked, id=14128, stack(0x000000cb02100000,0x000000cb02200000) (1024K)]
Total: 15

Other Threads:
  0x000001fab2d92e20 VMThread "VM Thread"                           [id=11040, stack(0x000000cb02800000,0x000000cb02900000) (1024K)]
  0x000001fad17871c0 WatcherThread "VM Periodic Task Thread"        [id=15404, stack(0x000000cb02700000,0x000000cb02800000) (1024K)]
  0x000001fab2d93ca0 WorkerThread "GC Thread#0"                     [id=18404, stack(0x000000cb02200000,0x000000cb02300000) (1024K)]
  0x000001fab4fc1f70 ConcurrentGCThread "G1 Main Marker"            [id=22572, stack(0x000000cb02300000,0x000000cb02400000) (1024K)]
  0x000001fab2d93900 WorkerThread "G1 Conc#0"                       [id=28136, stack(0x000000cb02400000,0x000000cb02500000) (1024K)]
  0x000001fab502eaa0 ConcurrentGCThread "G1 Refine#0"               [id=24620, stack(0x000000cb02500000,0x000000cb02600000) (1024K)]
  0x000001fad165a650 ConcurrentGCThread "G1 Service"                [id=28360, stack(0x000000cb02600000,0x000000cb02700000) (1024K)]
Total: 7

Threads with active compile tasks:
C2 CompilerThread0  20361349 1329       4       java.util.HashSet::add (20 bytes)
Total: 1

VM state: not at safepoint (normal execution)

VM Mutex/Monitor currently owned by a thread: None

Heap address: 0x0000000084400000, size: 1980 MB, Compressed Oops mode: 32-bit

CDS archive(s) mapped at: [0x000001fad2000000-0x000001fad2c90000-0x000001fad2c90000), size 13172736, SharedBaseAddress: 0x000001fad2000000, ArchiveRelocationMode: 1.
Compressed class space mapped at: 0x000001fad3000000-0x000001fb13000000, reserved size: 1073741824
Narrow klass base: 0x000001fad2000000, Narrow klass shift: 0, Narrow klass range: 0x100000000

GC Precious Log:
 CardTable entry size: 512
 Card Set container configuration: InlinePtr #cards 5 size 8 Array Of Cards #cards 12 size 40 Howl #buckets 4 coarsen threshold 1843 Howl Bitmap #cards 512 size 80 coarsen threshold 460 Card regions per heap region 1 cards per card region 2048
 CPUs: 8 total, 8 available
 Memory: 7914M
 Large Page Support: Disabled
 NUMA Support: Disabled
 Compressed Oops: Enabled (32-bit)
 Heap Region Size: 1M
 Heap Min Capacity: 8M
 Heap Initial Capacity: 124M
 Heap Max Capacity: 1980M
 Pre-touch: Disabled
 Parallel Workers: 8
 Concurrent Workers: 2
 Concurrent Refinement Workers: 8
 Periodic GC: Disabled

Heap:
 garbage-first heap   total 126976K, used 21504K [0x0000000084400000, 0x0000000100000000)
  region size 1024K, 18 young (18432K), 0 survivors (0K)
 Metaspace       used 7711K, committed 7872K, reserved 1114112K
  class space    used 789K, committed 896K, reserved 1048576K

Heap Regions: E=young(eden), S=young(survivor), O=old, HS=humongous(starts), HC=humongous(continues), CS=collection set, F=free, TAMS=top-at-mark-start, PB=parsable bottom
|   0|0x0000000084400000, 0x0000000084500000, 0x0000000084500000|100%|HS|  |TAMS 0x0000000084400000| PB 0x0000000084400000| Complete 
|   1|0x0000000084500000, 0x0000000084600000, 0x0000000084600000|100%|HC|  |TAMS 0x0000000084500000| PB 0x0000000084500000| Complete 
|   2|0x0000000084600000, 0x0000000084700000, 0x0000000084700000|100%|HC|  |TAMS 0x0000000084600000| PB 0x0000000084600000| Complete 
|   3|0x0000000084700000, 0x0000000084800000, 0x0000000084800000|100%|HC|  |TAMS 0x0000000084700000| PB 0x0000000084700000| Complete 
|   4|0x0000000084800000, 0x0000000084900000, 0x0000000084900000|100%|HC|  |TAMS 0x0000000084800000| PB 0x0000000084800000| Complete 
|   5|0x0000000084900000, 0x0000000084900000, 0x0000000084a00000|  0%| F|  |TAMS 0x0000000084900000| PB 0x0000000084900000| Untracked 
|   6|0x0000000084a00000, 0x0000000084a00000, 0x0000000084b00000|  0%| F|  |TAMS 0x0000000084a00000| PB 0x0000000084a00000| Untracked 
|   7|0x0000000084b00000, 0x0000000084b00000, 0x0000000084c00000|  0%| F|  |TAMS 0x0000000084b00000| PB 0x0000000084b00000| Untracked 
|   8|0x0000000084c00000, 0x0000000084c00000, 0x0000000084d00000|  0%| F|  |TAMS 0x0000000084c00000| PB 0x0000000084c00000| Untracked 
|   9|0x0000000084d00000, 0x0000000084d00000, 0x0000000084e00000|  0%| F|  |TAMS 0x0000000084d00000| PB 0x0000000084d00000| Untracked 
|  10|0x0000000084e00000, 0x0000000084e00000, 0x0000000084f00000|  0%| F|  |TAMS 0x0000000084e00000| PB 0x0000000084e00000| Untracked 
|  11|0x0000000084f00000, 0x0000000084f00000, 0x0000000085000000|  0%| F|  |TAMS 0x0000000084f00000| PB 0x0000000084f00000| Untracked 
|  12|0x0000000085000000, 0x0000000085000000, 0x0000000085100000|  0%| F|  |TAMS 0x0000000085000000| PB 0x0000000085000000| Untracked 
|  13|0x0000000085100000, 0x0000000085100000, 0x0000000085200000|  0%| F|  |TAMS 0x0000000085100000| PB 0x0000000085100000| Untracked 
|  14|0x0000000085200000, 0x0000000085200000, 0x0000000085300000|  0%| F|  |TAMS 0x0000000085200000| PB 0x0000000085200000| Untracked 
|  15|0x0000000085300000, 0x0000000085300000, 0x0000000085400000|  0%| F|  |TAMS 0x0000000085300000| PB 0x0000000085300000| Untracked 
|  16|0x0000000085400000, 0x0000000085400000, 0x0000000085500000|  0%| F|  |TAMS 0x0000000085400000| PB 0x0000000085400000| Untracked 
|  17|0x0000000085500000, 0x0000000085500000, 0x0000000085600000|  0%| F|  |TAMS 0x0000000085500000| PB 0x0000000085500000| Untracked 
|  18|0x0000000085600000, 0x0000000085600000, 0x0000000085700000|  0%| F|  |TAMS 0x0000000085600000| PB 0x0000000085600000| Untracked 
|  19|0x0000000085700000, 0x0000000085700000, 0x0000000085800000|  0%| F|  |TAMS 0x0000000085700000| PB 0x0000000085700000| Untracked 
|  20|0x0000000085800000, 0x0000000085800000, 0x0000000085900000|  0%| F|  |TAMS 0x0000000085800000| PB 0x0000000085800000| Untracked 
|  21|0x0000000085900000, 0x0000000085900000, 0x0000000085a00000|  0%| F|  |TAMS 0x0000000085900000| PB 0x0000000085900000| Untracked 
|  22|0x0000000085a00000, 0x0000000085a00000, 0x0000000085b00000|  0%| F|  |TAMS 0x0000000085a00000| PB 0x0000000085a00000| Untracked 
|  23|0x0000000085b00000, 0x0000000085b00000, 0x0000000085c00000|  0%| F|  |TAMS 0x0000000085b00000| PB 0x0000000085b00000| Untracked 
|  24|0x0000000085c00000, 0x0000000085c00000, 0x0000000085d00000|  0%| F|  |TAMS 0x0000000085c00000| PB 0x0000000085c00000| Untracked 
|  25|0x0000000085d00000, 0x0000000085d00000, 0x0000000085e00000|  0%| F|  |TAMS 0x0000000085d00000| PB 0x0000000085d00000| Untracked 
|  26|0x0000000085e00000, 0x0000000085e00000, 0x0000000085f00000|  0%| F|  |TAMS 0x0000000085e00000| PB 0x0000000085e00000| Untracked 
|  27|0x0000000085f00000, 0x0000000085f00000, 0x0000000086000000|  0%| F|  |TAMS 0x0000000085f00000| PB 0x0000000085f00000| Untracked 
|  28|0x0000000086000000, 0x0000000086000000, 0x0000000086100000|  0%| F|  |TAMS 0x0000000086000000| PB 0x0000000086000000| Untracked 
|  29|0x0000000086100000, 0x0000000086100000, 0x0000000086200000|  0%| F|  |TAMS 0x0000000086100000| PB 0x0000000086100000| Untracked 
|  30|0x0000000086200000, 0x0000000086200000, 0x0000000086300000|  0%| F|  |TAMS 0x0000000086200000| PB 0x0000000086200000| Untracked 
|  31|0x0000000086300000, 0x0000000086300000, 0x0000000086400000|  0%| F|  |TAMS 0x0000000086300000| PB 0x0000000086300000| Untracked 
|  32|0x0000000086400000, 0x0000000086400000, 0x0000000086500000|  0%| F|  |TAMS 0x0000000086400000| PB 0x0000000086400000| Untracked 
|  33|0x0000000086500000, 0x0000000086500000, 0x0000000086600000|  0%| F|  |TAMS 0x0000000086500000| PB 0x0000000086500000| Untracked 
|  34|0x0000000086600000, 0x0000000086600000, 0x0000000086700000|  0%| F|  |TAMS 0x0000000086600000| PB 0x0000000086600000| Untracked 
|  35|0x0000000086700000, 0x0000000086700000, 0x0000000086800000|  0%| F|  |TAMS 0x0000000086700000| PB 0x0000000086700000| Untracked 
|  36|0x0000000086800000, 0x0000000086800000, 0x0000000086900000|  0%| F|  |TAMS 0x0000000086800000| PB 0x0000000086800000| Untracked 
|  37|0x0000000086900000, 0x0000000086900000, 0x0000000086a00000|  0%| F|  |TAMS 0x0000000086900000| PB 0x0000000086900000| Untracked 
|  38|0x0000000086a00000, 0x0000000086a00000, 0x0000000086b00000|  0%| F|  |TAMS 0x0000000086a00000| PB 0x0000000086a00000| Untracked 
|  39|0x0000000086b00000, 0x0000000086b00000, 0x0000000086c00000|  0%| F|  |TAMS 0x0000000086b00000| PB 0x0000000086b00000| Untracked 
|  40|0x0000000086c00000, 0x0000000086c00000, 0x0000000086d00000|  0%| F|  |TAMS 0x0000000086c00000| PB 0x0000000086c00000| Untracked 
|  41|0x0000000086d00000, 0x0000000086d00000, 0x0000000086e00000|  0%| F|  |TAMS 0x0000000086d00000| PB 0x0000000086d00000| Untracked 
|  42|0x0000000086e00000, 0x0000000086e00000, 0x0000000086f00000|  0%| F|  |TAMS 0x0000000086e00000| PB 0x0000000086e00000| Untracked 
|  43|0x0000000086f00000, 0x0000000086f00000, 0x0000000087000000|  0%| F|  |TAMS 0x0000000086f00000| PB 0x0000000086f00000| Untracked 
|  44|0x0000000087000000, 0x0000000087000000, 0x0000000087100000|  0%| F|  |TAMS 0x0000000087000000| PB 0x0000000087000000| Untracked 
|  45|0x0000000087100000, 0x0000000087100000, 0x0000000087200000|  0%| F|  |TAMS 0x0000000087100000| PB 0x0000000087100000| Untracked 
|  46|0x0000000087200000, 0x0000000087200000, 0x0000000087300000|  0%| F|  |TAMS 0x0000000087200000| PB 0x0000000087200000| Untracked 
|  47|0x0000000087300000, 0x0000000087300000, 0x0000000087400000|  0%| F|  |TAMS 0x0000000087300000| PB 0x0000000087300000| Untracked 
|  48|0x0000000087400000, 0x0000000087400000, 0x0000000087500000|  0%| F|  |TAMS 0x0000000087400000| PB 0x0000000087400000| Untracked 
|  49|0x0000000087500000, 0x0000000087500000, 0x0000000087600000|  0%| F|  |TAMS 0x0000000087500000| PB 0x0000000087500000| Untracked 
|  50|0x0000000087600000, 0x0000000087600000, 0x0000000087700000|  0%| F|  |TAMS 0x0000000087600000| PB 0x0000000087600000| Untracked 
|  51|0x0000000087700000, 0x0000000087700000, 0x0000000087800000|  0%| F|  |TAMS 0x0000000087700000| PB 0x0000000087700000| Untracked 
|  52|0x0000000087800000, 0x0000000087800000, 0x0000000087900000|  0%| F|  |TAMS 0x0000000087800000| PB 0x0000000087800000| Untracked 
|  53|0x0000000087900000, 0x0000000087900000, 0x0000000087a00000|  0%| F|  |TAMS 0x0000000087900000| PB 0x0000000087900000| Untracked 
|  54|0x0000000087a00000, 0x0000000087a00000, 0x0000000087b00000|  0%| F|  |TAMS 0x0000000087a00000| PB 0x0000000087a00000| Untracked 
|  55|0x0000000087b00000, 0x0000000087b00000, 0x0000000087c00000|  0%| F|  |TAMS 0x0000000087b00000| PB 0x0000000087b00000| Untracked 
|  56|0x0000000087c00000, 0x0000000087c00000, 0x0000000087d00000|  0%| F|  |TAMS 0x0000000087c00000| PB 0x0000000087c00000| Untracked 
|  57|0x0000000087d00000, 0x0000000087d00000, 0x0000000087e00000|  0%| F|  |TAMS 0x0000000087d00000| PB 0x0000000087d00000| Untracked 
|  58|0x0000000087e00000, 0x0000000087e00000, 0x0000000087f00000|  0%| F|  |TAMS 0x0000000087e00000| PB 0x0000000087e00000| Untracked 
|  59|0x0000000087f00000, 0x0000000087f00000, 0x0000000088000000|  0%| F|  |TAMS 0x0000000087f00000| PB 0x0000000087f00000| Untracked 
|  60|0x0000000088000000, 0x0000000088000000, 0x0000000088100000|  0%| F|  |TAMS 0x0000000088000000| PB 0x0000000088000000| Untracked 
|  61|0x0000000088100000, 0x0000000088100000, 0x0000000088200000|  0%| F|  |TAMS 0x0000000088100000| PB 0x0000000088100000| Untracked 
|  62|0x0000000088200000, 0x0000000088200000, 0x0000000088300000|  0%| F|  |TAMS 0x0000000088200000| PB 0x0000000088200000| Untracked 
|  63|0x0000000088300000, 0x0000000088300000, 0x0000000088400000|  0%| F|  |TAMS 0x0000000088300000| PB 0x0000000088300000| Untracked 
|  64|0x0000000088400000, 0x0000000088400000, 0x0000000088500000|  0%| F|  |TAMS 0x0000000088400000| PB 0x0000000088400000| Untracked 
|  65|0x0000000088500000, 0x0000000088500000, 0x0000000088600000|  0%| F|  |TAMS 0x0000000088500000| PB 0x0000000088500000| Untracked 
|  66|0x0000000088600000, 0x0000000088600000, 0x0000000088700000|  0%| F|  |TAMS 0x0000000088600000| PB 0x0000000088600000| Untracked 
|  67|0x0000000088700000, 0x0000000088700000, 0x0000000088800000|  0%| F|  |TAMS 0x0000000088700000| PB 0x0000000088700000| Untracked 
|  68|0x0000000088800000, 0x0000000088800000, 0x0000000088900000|  0%| F|  |TAMS 0x0000000088800000| PB 0x0000000088800000| Untracked 
|  69|0x0000000088900000, 0x0000000088900000, 0x0000000088a00000|  0%| F|  |TAMS 0x0000000088900000| PB 0x0000000088900000| Untracked 
|  70|0x0000000088a00000, 0x0000000088a00000, 0x0000000088b00000|  0%| F|  |TAMS 0x0000000088a00000| PB 0x0000000088a00000| Untracked 
|  71|0x0000000088b00000, 0x0000000088b00000, 0x0000000088c00000|  0%| F|  |TAMS 0x0000000088b00000| PB 0x0000000088b00000| Untracked 
|  72|0x0000000088c00000, 0x0000000088c00000, 0x0000000088d00000|  0%| F|  |TAMS 0x0000000088c00000| PB 0x0000000088c00000| Untracked 
|  73|0x0000000088d00000, 0x0000000088d00000, 0x0000000088e00000|  0%| F|  |TAMS 0x0000000088d00000| PB 0x0000000088d00000| Untracked 
|  74|0x0000000088e00000, 0x0000000088e00000, 0x0000000088f00000|  0%| F|  |TAMS 0x0000000088e00000| PB 0x0000000088e00000| Untracked 
|  75|0x0000000088f00000, 0x0000000088f00000, 0x0000000089000000|  0%| F|  |TAMS 0x0000000088f00000| PB 0x0000000088f00000| Untracked 
|  76|0x0000000089000000, 0x0000000089000000, 0x0000000089100000|  0%| F|  |TAMS 0x0000000089000000| PB 0x0000000089000000| Untracked 
|  77|0x0000000089100000, 0x0000000089100000, 0x0000000089200000|  0%| F|  |TAMS 0x0000000089100000| PB 0x0000000089100000| Untracked 
|  78|0x0000000089200000, 0x0000000089200000, 0x0000000089300000|  0%| F|  |TAMS 0x0000000089200000| PB 0x0000000089200000| Untracked 
|  79|0x0000000089300000, 0x0000000089300000, 0x0000000089400000|  0%| F|  |TAMS 0x0000000089300000| PB 0x0000000089300000| Untracked 
|  80|0x0000000089400000, 0x0000000089400000, 0x0000000089500000|  0%| F|  |TAMS 0x0000000089400000| PB 0x0000000089400000| Untracked 
|  81|0x0000000089500000, 0x0000000089500000, 0x0000000089600000|  0%| F|  |TAMS 0x0000000089500000| PB 0x0000000089500000| Untracked 
|  82|0x0000000089600000, 0x0000000089600000, 0x0000000089700000|  0%| F|  |TAMS 0x0000000089600000| PB 0x0000000089600000| Untracked 
|  83|0x0000000089700000, 0x0000000089700000, 0x0000000089800000|  0%| F|  |TAMS 0x0000000089700000| PB 0x0000000089700000| Untracked 
|  84|0x0000000089800000, 0x0000000089800000, 0x0000000089900000|  0%| F|  |TAMS 0x0000000089800000| PB 0x0000000089800000| Untracked 
|  85|0x0000000089900000, 0x0000000089900000, 0x0000000089a00000|  0%| F|  |TAMS 0x0000000089900000| PB 0x0000000089900000| Untracked 
|  86|0x0000000089a00000, 0x0000000089a00000, 0x0000000089b00000|  0%| F|  |TAMS 0x0000000089a00000| PB 0x0000000089a00000| Untracked 
|  87|0x0000000089b00000, 0x0000000089b00000, 0x0000000089c00000|  0%| F|  |TAMS 0x0000000089b00000| PB 0x0000000089b00000| Untracked 
|  88|0x0000000089c00000, 0x0000000089c00000, 0x0000000089d00000|  0%| F|  |TAMS 0x0000000089c00000| PB 0x0000000089c00000| Untracked 
|  89|0x0000000089d00000, 0x0000000089d00000, 0x0000000089e00000|  0%| F|  |TAMS 0x0000000089d00000| PB 0x0000000089d00000| Untracked 
|  90|0x0000000089e00000, 0x0000000089e00000, 0x0000000089f00000|  0%| F|  |TAMS 0x0000000089e00000| PB 0x0000000089e00000| Untracked 
|  91|0x0000000089f00000, 0x0000000089f00000, 0x000000008a000000|  0%| F|  |TAMS 0x0000000089f00000| PB 0x0000000089f00000| Untracked 
|  92|0x000000008a000000, 0x000000008a000000, 0x000000008a100000|  0%| F|  |TAMS 0x000000008a000000| PB 0x000000008a000000| Untracked 
|  93|0x000000008a100000, 0x000000008a100000, 0x000000008a200000|  0%| F|  |TAMS 0x000000008a100000| PB 0x000000008a100000| Untracked 
|  94|0x000000008a200000, 0x000000008a200000, 0x000000008a300000|  0%| F|  |TAMS 0x000000008a200000| PB 0x000000008a200000| Untracked 
|  95|0x000000008a300000, 0x000000008a300000, 0x000000008a400000|  0%| F|  |TAMS 0x000000008a300000| PB 0x000000008a300000| Untracked 
|  96|0x000000008a400000, 0x000000008a400000, 0x000000008a500000|  0%| F|  |TAMS 0x000000008a400000| PB 0x000000008a400000| Untracked 
|  97|0x000000008a500000, 0x000000008a500000, 0x000000008a600000|  0%| F|  |TAMS 0x000000008a500000| PB 0x000000008a500000| Untracked 
|  98|0x000000008a600000, 0x000000008a600000, 0x000000008a700000|  0%| F|  |TAMS 0x000000008a600000| PB 0x000000008a600000| Untracked 
|  99|0x000000008a700000, 0x000000008a700000, 0x000000008a800000|  0%| F|  |TAMS 0x000000008a700000| PB 0x000000008a700000| Untracked 
| 100|0x000000008a800000, 0x000000008a800000, 0x000000008a900000|  0%| F|  |TAMS 0x000000008a800000| PB 0x000000008a800000| Untracked 
| 101|0x000000008a900000, 0x000000008a900000, 0x000000008aa00000|  0%| F|  |TAMS 0x000000008a900000| PB 0x000000008a900000| Untracked 
| 102|0x000000008aa00000, 0x000000008aa00000, 0x000000008ab00000|  0%| F|  |TAMS 0x000000008aa00000| PB 0x000000008aa00000| Untracked 
| 103|0x000000008ab00000, 0x000000008ab00000, 0x000000008ac00000|  0%| F|  |TAMS 0x000000008ab00000| PB 0x000000008ab00000| Untracked 
| 104|0x000000008ac00000, 0x000000008ac00000, 0x000000008ad00000|  0%| F|  |TAMS 0x000000008ac00000| PB 0x000000008ac00000| Untracked 
| 105|0x000000008ad00000, 0x000000008ad00000, 0x000000008ae00000|  0%| F|  |TAMS 0x000000008ad00000| PB 0x000000008ad00000| Untracked 
| 106|0x000000008ae00000, 0x000000008af00000, 0x000000008af00000|100%| E|  |TAMS 0x000000008ae00000| PB 0x000000008ae00000| Complete 
| 107|0x000000008af00000, 0x000000008b000000, 0x000000008b000000|100%| E|  |TAMS 0x000000008af00000| PB 0x000000008af00000| Complete 
| 108|0x000000008b000000, 0x000000008b100000, 0x000000008b100000|100%| E|CS|TAMS 0x000000008b000000| PB 0x000000008b000000| Complete 
| 109|0x000000008b100000, 0x000000008b200000, 0x000000008b200000|100%| E|CS|TAMS 0x000000008b100000| PB 0x000000008b100000| Complete 
| 110|0x000000008b200000, 0x000000008b300000, 0x000000008b300000|100%| E|CS|TAMS 0x000000008b200000| PB 0x000000008b200000| Complete 
| 111|0x000000008b300000, 0x000000008b400000, 0x000000008b400000|100%| E|CS|TAMS 0x000000008b300000| PB 0x000000008b300000| Complete 
| 112|0x000000008b400000, 0x000000008b500000, 0x000000008b500000|100%| E|CS|TAMS 0x000000008b400000| PB 0x000000008b400000| Complete 
| 113|0x000000008b500000, 0x000000008b600000, 0x000000008b600000|100%| E|CS|TAMS 0x000000008b500000| PB 0x000000008b500000| Complete 
| 114|0x000000008b600000, 0x000000008b700000, 0x000000008b700000|100%| E|CS|TAMS 0x000000008b600000| PB 0x000000008b600000| Complete 
| 115|0x000000008b700000, 0x000000008b800000, 0x000000008b800000|100%| E|CS|TAMS 0x000000008b700000| PB 0x000000008b700000| Complete 
| 116|0x000000008b800000, 0x000000008b900000, 0x000000008b900000|100%| E|CS|TAMS 0x000000008b800000| PB 0x000000008b800000| Complete 
| 117|0x000000008b900000, 0x000000008ba00000, 0x000000008ba00000|100%| E|CS|TAMS 0x000000008b900000| PB 0x000000008b900000| Complete 
| 118|0x000000008ba00000, 0x000000008bb00000, 0x000000008bb00000|100%| E|CS|TAMS 0x000000008ba00000| PB 0x000000008ba00000| Complete 
| 119|0x000000008bb00000, 0x000000008bc00000, 0x000000008bc00000|100%| E|CS|TAMS 0x000000008bb00000| PB 0x000000008bb00000| Complete 
| 120|0x000000008bc00000, 0x000000008bd00000, 0x000000008bd00000|100%| E|CS|TAMS 0x000000008bc00000| PB 0x000000008bc00000| Complete 
| 121|0x000000008bd00000, 0x000000008be00000, 0x000000008be00000|100%| E|CS|TAMS 0x000000008bd00000| PB 0x000000008bd00000| Complete 
| 122|0x000000008be00000, 0x000000008bf00000, 0x000000008bf00000|100%| E|CS|TAMS 0x000000008be00000| PB 0x000000008be00000| Complete 
| 123|0x000000008bf00000, 0x000000008c000000, 0x000000008c000000|100%| E|CS|TAMS 0x000000008bf00000| PB 0x000000008bf00000| Complete 

Card table byte_map: [0x000001faccae0000,0x000001faccec0000] _byte_map_base: 0x000001facc6be000

Marking Bits: (CMBitMap*) 0x000001fab4fb0540
 Bits: [0x000001faccec0000, 0x000001facedb0000)

Polling page: 0x000001fab2f20000

Metaspace:

Usage:
  Non-class:      6.76 MB used.
      Class:    789.98 KB used.
       Both:      7.53 MB used.

Virtual space:
  Non-class space:       64.00 MB reserved,       6.81 MB ( 11%) committed,  1 nodes.
      Class space:        1.00 GB reserved,     896.00 KB ( <1%) committed,  1 nodes.
             Both:        1.06 GB reserved,       7.69 MB ( <1%) committed. 

Chunk freelists:
   Non-Class:  9.00 MB
       Class:  15.11 MB
        Both:  24.11 MB

MaxMetaspaceSize: unlimited
CompressedClassSpaceSize: 1.00 GB
Initial GC threshold: 21.00 MB
Current GC threshold: 21.00 MB
CDS: on
 - commit_granule_bytes: 65536.
 - commit_granule_words: 8192.
 - virtual_space_node_default_size: 8388608.
 - enlarge_chunks_in_place: 1.
 - use_allocation_guard: 0.


Internal statistics:

num_allocs_failed_limit: 0.
num_arena_births: 140.
num_arena_deaths: 0.
num_vsnodes_births: 2.
num_vsnodes_deaths: 0.
num_space_committed: 123.
num_space_uncommitted: 0.
num_chunks_returned_to_freelist: 0.
num_chunks_taken_from_freelist: 179.
num_chunk_merges: 0.
num_chunk_splits: 105.
num_chunks_enlarged: 39.
num_inconsistent_stats: 0.

CodeHeap 'non-profiled nmethods': size=120000Kb used=387Kb max_used=387Kb free=119612Kb
 bounds [0x000001fac4ea0000, 0x000001fac5110000, 0x000001facc3d0000]
CodeHeap 'profiled nmethods': size=120000Kb used=2341Kb max_used=2341Kb free=117659Kb
 bounds [0x000001fabd3d0000, 0x000001fabd640000, 0x000001fac4900000]
CodeHeap 'non-nmethods': size=5760Kb used=1726Kb max_used=1757Kb free=4033Kb
 bounds [0x000001fac4900000, 0x000001fac4b70000, 0x000001fac4ea0000]
 total_blobs=1948 nmethods=1331 adapters=522
 compilation: enabled
              stopped_count=0, restarted_count=0
 full_count=0

Compilation events (20 events):
Event: 19128.925 Thread 0x000001fad17d4c30 nmethod 1322 0x000001fabd613590 code [0x000001fabd613800, 0x000001fabd6141c0]
Event: 19128.925 Thread 0x000001fad17d4c30 1323       3       java.lang.StringConcatHelper::simpleConcat (94 bytes)
Event: 19128.930 Thread 0x000001fad17d4c30 nmethod 1323 0x000001fabd614590 code [0x000001fabd6148e0, 0x000001fabd615ba8]
Event: 19128.931 Thread 0x000001fad17d4c30 1324       3       java.lang.StringConcatHelper::initialCoder (14 bytes)
Event: 19128.931 Thread 0x000001fad17d4c30 nmethod 1324 0x000001fabd616210 code [0x000001fabd6163a0, 0x000001fabd6164b8]
Event: 19128.931 Thread 0x000001fad17d4c30 1325       3       java.util.IdentityHashMap$IdentityHashMapIterator::nextIndex (72 bytes)
Event: 19128.935 Thread 0x000001fad17d4c30 nmethod 1325 0x000001fabd616510 code [0x000001fabd616700, 0x000001fabd616a90]
Event: 19135.005 Thread 0x000001fad17d4c30 1326       3       java.util.HashMap::<init> (11 bytes)
Event: 19135.006 Thread 0x000001fad17d4c30 nmethod 1326 0x000001fabd616c10 code [0x000001fabd616dc0, 0x000001fabd616f90]
Event: 19462.789 Thread 0x000001fad17d3c70 1327       4       jdk.internal.misc.Unsafe::putReferenceOpaque (9 bytes)
Event: 19462.798 Thread 0x000001fad17d3c70 nmethod 1327 0x000001fac4f00b10 code [0x000001fac4f00ca0, 0x000001fac4f00df8]
Event: 19582.813 Thread 0x000001fad17d4c30 1328   !   3       java.util.concurrent.locks.LockSupport::parkNanos (56 bytes)
Event: 19582.818 Thread 0x000001fad17d4c30 nmethod 1328 0x000001fabd617090 code [0x000001fabd6172a0, 0x000001fabd6176f0]
Event: 20361.274 Thread 0x000001fad17d3c70 1329       4       java.util.HashSet::add (20 bytes)
Event: 20361.280 Thread 0x000001fad17d4c30 1330  s    3       sun.java2d.loops.GraphicsPrimitiveMgr::locatePrim (95 bytes)
Event: 20361.289 Thread 0x000001fad17d4c30 nmethod 1330 0x000001fabd617890 code [0x000001fabd617ac0, 0x000001fabd618330]
Event: 20361.289 Thread 0x000001fad17d4c30 1332       3       java.beans.PropertyChangeSupport::fire (39 bytes)
Event: 20361.290 Thread 0x000001fad17d4c30 nmethod 1332 0x000001fabd618710 code [0x000001fabd6188c0, 0x000001fabd618b90]
Event: 20361.290 Thread 0x000001fad17d4c30 1331  s    3       java.beans.ChangeListenerMap::get (25 bytes)
Event: 20361.292 Thread 0x000001fad17d4c30 nmethod 1331 0x000001fabd618d10 code [0x000001fabd618ee0, 0x000001fabd6192e0]

GC Heap History (0 events):
No events

Dll operation events (9 events):
Event: 0.007 Loaded shared library C:\Program Files\Java\jdk-21\bin\java.dll
Event: 0.034 Loaded shared library C:\Program Files\Java\jdk-21\bin\jsvml.dll
Event: 0.064 Loaded shared library C:\Program Files\Java\jdk-21\bin\jimage.dll
Event: 0.069 Loaded shared library C:\Program Files\Java\jdk-21\bin\net.dll
Event: 0.071 Loaded shared library C:\Program Files\Java\jdk-21\bin\nio.dll
Event: 0.077 Loaded shared library C:\Program Files\Java\jdk-21\bin\zip.dll
Event: 0.096 Loaded shared library C:\Program Files\Java\jdk-21\bin\awt.dll
Event: 0.310 Loaded shared library C:\Program Files\Java\jdk-21\bin\freetype.dll
Event: 0.311 Loaded shared library C:\Program Files\Java\jdk-21\bin\fontmanager.dll

Deoptimization events (20 events):
Event: 0.773 Thread 0x000001fad1a27070 Uncommon trap: trap_request=0xffffff45 fr.pc=0x000001fac4ea8dd4 relative=0x00000000000000b4
Event: 0.773 Thread 0x000001fad1a27070 Uncommon trap: reason=unstable_if action=reinterpret pc=0x000001fac4ea8dd4 method=java.lang.String.hashCode()I @ 20 c2
Event: 0.773 Thread 0x000001fad1a27070 DEOPT PACKING pc=0x000001fac4ea8dd4 sp=0x000000cb036fd330
Event: 0.773 Thread 0x000001fad1a27070 DEOPT UNPACKING pc=0x000001fac4957da2 sp=0x000000cb036fd2c0 mode 2
Event: 0.773 Thread 0x000001fad1a27070 Uncommon trap: trap_request=0xffffff45 fr.pc=0x000001fac4ec1330 relative=0x0000000000000190
Event: 0.773 Thread 0x000001fad1a27070 Uncommon trap: reason=unstable_if action=reinterpret pc=0x000001fac4ec1330 method=jdk.internal.util.ArraysSupport.vectorizedHashCode(Ljava/lang/Object;IIII)I @ 2 c2
Event: 0.773 Thread 0x000001fad1a27070 DEOPT PACKING pc=0x000001fac4ec1330 sp=0x000000cb036fd230
Event: 0.773 Thread 0x000001fad1a27070 DEOPT UNPACKING pc=0x000001fac4957da2 sp=0x000000cb036fd1e0 mode 2
Event: 0.787 Thread 0x000001fad1a27070 Uncommon trap: trap_request=0xffffff45 fr.pc=0x000001fac4ee2880 relative=0x0000000000000420
Event: 0.787 Thread 0x000001fad1a27070 Uncommon trap: reason=unstable_if action=reinterpret pc=0x000001fac4ee2880 method=java.lang.Character.isSurrogate(C)Z @ 3 c2
Event: 0.787 Thread 0x000001fad1a27070 DEOPT PACKING pc=0x000001fac4ee2880 sp=0x000000cb036fcee0
Event: 0.787 Thread 0x000001fad1a27070 DEOPT UNPACKING pc=0x000001fac4957da2 sp=0x000000cb036fcdf8 mode 2
Event: 0.813 Thread 0x000001fad1a27070 Uncommon trap: trap_request=0xffffff45 fr.pc=0x000001fac4edf1ec relative=0x000000000000012c
Event: 0.813 Thread 0x000001fad1a27070 Uncommon trap: reason=unstable_if action=reinterpret pc=0x000001fac4edf1ec method=java.lang.ThreadLocal$ThreadLocalMap.getEntry(Ljava/lang/ThreadLocal;)Ljava/lang/ThreadLocal$ThreadLocalMap$Entry; @ 21 c2
Event: 0.813 Thread 0x000001fad1a27070 DEOPT PACKING pc=0x000001fac4edf1ec sp=0x000000cb036fd7e0
Event: 0.813 Thread 0x000001fad1a27070 DEOPT UNPACKING pc=0x000001fac4957da2 sp=0x000000cb036fd700 mode 2
Event: 6.133 Thread 0x000001fad1a27070 Uncommon trap: trap_request=0xffffff45 fr.pc=0x000001fac4ef73b8 relative=0x0000000000000098
Event: 6.133 Thread 0x000001fad1a27070 Uncommon trap: reason=unstable_if action=reinterpret pc=0x000001fac4ef73b8 method=java.awt.Component.inside(II)Z @ 1 c2
Event: 6.133 Thread 0x000001fad1a27070 DEOPT PACKING pc=0x000001fac4ef73b8 sp=0x000000cb036feb70
Event: 6.133 Thread 0x000001fad1a27070 DEOPT UNPACKING pc=0x000001fac4957da2 sp=0x000000cb036fea00 mode 2

Classes loaded (20 events):
Event: 1.035 Loading class java/lang/FdLibm$Acos
Event: 1.035 Loading class java/lang/FdLibm$Acos done
Event: 3.411 Loading class java/awt/Canvas
Event: 3.411 Loading class java/awt/Canvas done
Event: 3.411 Loading class java/awt/Scrollbar
Event: 3.412 Loading class java/awt/Adjustable
Event: 3.412 Loading class java/awt/Adjustable done
Event: 3.412 Loading class java/awt/Scrollbar done
Event: 8.240 Loading class java/awt/LightweightDispatcher$2
Event: 8.240 Loading class java/awt/LightweightDispatcher$2 done
Event: 8.998 Loading class java/awt/KeyboardFocusManager$2
Event: 8.999 Loading class java/awt/KeyboardFocusManager$2 done
Event: 8.999 Loading class sun/awt/SunToolkit$1
Event: 8.999 Loading class sun/awt/SunToolkit$1 done
Event: 14278.348 Loading class java/util/WeakHashMap$KeyIterator
Event: 14278.359 Loading class java/util/WeakHashMap$HashIterator
Event: 14278.361 Loading class java/util/WeakHashMap$HashIterator done
Event: 14278.362 Loading class java/util/WeakHashMap$KeyIterator done
Event: 14278.399 Loading class javax/swing/RepaintManager$DisplayChangedRunnable
Event: 14278.411 Loading class javax/swing/RepaintManager$DisplayChangedRunnable done

Classes unloaded (0 events):
No events

Classes redefined (0 events):
No events

Internal exceptions (20 events):
Event: 0.423 Thread 0x000001fad1a27070 Exception <a 'java/io/FileNotFoundException'{0x000000008b80f710}> (0x000000008b80f710) 
thrown [s\open\src\hotspot\share\prims\jni.cpp, line 520]
Event: 0.425 Thread 0x000001fad1a27070 Exception <a 'java/io/FileNotFoundException'{0x000000008b814070}> (0x000000008b814070) 
thrown [s\open\src\hotspot\share\prims\jni.cpp, line 520]
Event: 0.425 Thread 0x000001fad1a27070 Exception <a 'java/io/FileNotFoundException'{0x000000008b815a68}> (0x000000008b815a68) 
thrown [s\open\src\hotspot\share\prims\jni.cpp, line 520]
Event: 0.425 Thread 0x000001fad1a27070 Exception <a 'java/io/FileNotFoundException'{0x000000008b817438}> (0x000000008b817438) 
thrown [s\open\src\hotspot\share\prims\jni.cpp, line 520]
Event: 0.425 Thread 0x000001fad1a27070 Exception <a 'java/io/FileNotFoundException'{0x000000008b818e70}> (0x000000008b818e70) 
thrown [s\open\src\hotspot\share\prims\jni.cpp, line 520]
Event: 0.426 Thread 0x000001fad1a27070 Exception <a 'java/io/FileNotFoundException'{0x000000008b81a8a8}> (0x000000008b81a8a8) 
thrown [s\open\src\hotspot\share\prims\jni.cpp, line 520]
Event: 0.426 Thread 0x000001fad1a27070 Exception <a 'java/io/FileNotFoundException'{0x000000008b81c2a0}> (0x000000008b81c2a0) 
thrown [s\open\src\hotspot\share\prims\jni.cpp, line 520]
Event: 0.426 Thread 0x000001fad1a27070 Exception <a 'java/io/FileNotFoundException'{0x000000008b81dc60}> (0x000000008b81dc60) 
thrown [s\open\src\hotspot\share\prims\jni.cpp, line 520]
Event: 0.426 Thread 0x000001fad1a27070 Exception <a 'java/io/FileNotFoundException'{0x000000008b81f678}> (0x000000008b81f678) 
thrown [s\open\src\hotspot\share\prims\jni.cpp, line 520]
Event: 0.429 Thread 0x000001fad1a27070 Exception <a 'java/io/FileNotFoundException'{0x000000008b837930}> (0x000000008b837930) 
thrown [s\open\src\hotspot\share\prims\jni.cpp, line 520]
Event: 0.429 Thread 0x000001fad1a27070 Exception <a 'java/io/FileNotFoundException'{0x000000008b839370}> (0x000000008b839370) 
thrown [s\open\src\hotspot\share\prims\jni.cpp, line 520]
Event: 0.429 Thread 0x000001fad1a27070 Exception <a 'java/io/FileNotFoundException'{0x000000008b83dcb0}> (0x000000008b83dcb0) 
thrown [s\open\src\hotspot\share\prims\jni.cpp, line 520]
Event: 0.430 Thread 0x000001fad1a27070 Exception <a 'java/io/FileNotFoundException'{0x000000008b83f6a8}> (0x000000008b83f6a8) 
thrown [s\open\src\hotspot\share\prims\jni.cpp, line 520]
Event: 0.430 Thread 0x000001fad1a27070 Exception <a 'java/io/FileNotFoundException'{0x000000008b841078}> (0x000000008b841078) 
thrown [s\open\src\hotspot\share\prims\jni.cpp, line 520]
Event: 0.430 Thread 0x000001fad1a27070 Exception <a 'java/io/FileNotFoundException'{0x000000008b842ab0}> (0x000000008b842ab0) 
thrown [s\open\src\hotspot\share\prims\jni.cpp, line 520]
Event: 0.430 Thread 0x000001fad1a27070 Exception <a 'java/io/FileNotFoundException'{0x000000008b8444e8}> (0x000000008b8444e8) 
thrown [s\open\src\hotspot\share\prims\jni.cpp, line 520]
Event: 0.430 Thread 0x000001fad1a27070 Exception <a 'java/io/FileNotFoundException'{0x000000008b845ee0}> (0x000000008b845ee0) 
thrown [s\open\src\hotspot\share\prims\jni.cpp, line 520]
Event: 0.430 Thread 0x000001fad1a27070 Exception <a 'java/io/FileNotFoundException'{0x000000008b8478a0}> (0x000000008b8478a0) 
thrown [s\open\src\hotspot\share\prims\jni.cpp, line 520]
Event: 0.430 Thread 0x000001fad1a27070 Exception <a 'java/io/FileNotFoundException'{0x000000008b8492b8}> (0x000000008b8492b8) 
thrown [s\open\src\hotspot\share\prims\jni.cpp, line 520]
Event: 0.813 Thread 0x000001fad1a27070 Implicit null exception at 0x000001fac4edf11a to 0x000001fac4edf1cc

ZGC Phase Switch (0 events):
No events

VM Operations (20 events):
Event: 6.323 Executing VM operation: Cleanup
Event: 6.323 Executing VM operation: Cleanup done
Event: 7.335 Executing VM operation: Cleanup
Event: 7.335 Executing VM operation: Cleanup done
Event: 8.346 Executing VM operation: Cleanup
Event: 8.346 Executing VM operation: Cleanup done
Event: 9.354 Executing VM operation: Cleanup
Event: 9.354 Executing VM operation: Cleanup done
Event: 60.065 Executing VM operation: HandshakeAllThreads (HandshakeForDeflation)
Event: 60.065 Executing VM operation: HandshakeAllThreads (HandshakeForDeflation) done
Event: 60.065 Executing VM operation: RendezvousGCThreads
Event: 60.065 Executing VM operation: RendezvousGCThreads done
Event: 6107.982 Executing VM operation: Cleanup
Event: 6107.985 Executing VM operation: Cleanup done
Event: 6115.633 Executing VM operation: Cleanup
Event: 6115.634 Executing VM operation: Cleanup done
Event: 14278.661 Executing VM operation: Cleanup
Event: 14278.662 Executing VM operation: Cleanup done
Event: 14280.667 Executing VM operation: Cleanup
Event: 14280.667 Executing VM operation: Cleanup done

Events (17 events):
Event: 0.021 Thread 0x000001fab4f5d7d0 Thread added: 0x000001fab4f5d7d0
Event: 0.032 Thread 0x000001fad17bae00 Thread added: 0x000001fad17bae00
Event: 0.032 Thread 0x000001fad17bbb20 Thread added: 0x000001fad17bbb20
Event: 0.032 Thread 0x000001fad17bf6a0 Thread added: 0x000001fad17bf6a0
Event: 0.032 Thread 0x000001fad17c0600 Thread added: 0x000001fad17c0600
Event: 0.032 Thread 0x000001fad17c1150 Thread added: 0x000001fad17c1150
Event: 0.033 Thread 0x000001fad17c6470 Thread added: 0x000001fad17c6470
Event: 0.033 Thread 0x000001fad17d3c70 Thread added: 0x000001fad17d3c70
Event: 0.033 Thread 0x000001fad17d4c30 Thread added: 0x000001fad17d4c30
Event: 0.047 Thread 0x000001fad1a26350 Thread added: 0x000001fad1a26350
Event: 0.050 Thread 0x000001fad1a269e0 Thread added: 0x000001fad1a269e0
Event: 0.175 Thread 0x000001fad1a24280 Thread added: 0x000001fad1a24280
Event: 0.176 Thread 0x000001fad1a25cc0 Thread added: 0x000001fad1a25cc0
Event: 0.177 Thread 0x000001fad1a27700 Thread added: 0x000001fad1a27700
Event: 0.284 Thread 0x000001fad1a27070 Thread added: 0x000001fad1a27070
Event: 0.356 Thread 0x000001fab4f5d7d0 Thread exited: 0x000001fab4f5d7d0
Event: 0.356 Thread 0x000001fad1a24910 Thread added: 0x000001fad1a24910


Dynamic libraries:
0x00007ff7b1b40000 - 0x00007ff7b1b50000 	C:\Program Files\Java\jdk-21\bin\javaw.exe
0x00007ff929a70000 - 0x00007ff929c68000 	C:\WINDOWS\SYSTEM32\ntdll.dll
0x00007ff928be0000 - 0x00007ff928ca1000 	C:\WINDOWS\System32\KERNEL32.DLL
0x00007ff927750000 - 0x00007ff927a46000 	C:\WINDOWS\System32\KERNELBASE.dll
0x00007ff927650000 - 0x00007ff927750000 	C:\WINDOWS\System32\ucrtbase.dll
0x00007ff913ca0000 - 0x00007ff913cb9000 	C:\Program Files\Java\jdk-21\bin\jli.dll
0x00007ff9137d0000 - 0x00007ff9137eb000 	C:\Program Files\Java\jdk-21\bin\VCRUNTIME140.dll
0x00007ff928ac0000 - 0x00007ff928b70000 	C:\WINDOWS\System32\ADVAPI32.dll
0x00007ff9285e0000 - 0x00007ff92867e000 	C:\WINDOWS\System32\msvcrt.dll
0x00007ff928490000 - 0x00007ff928530000 	C:\WINDOWS\System32\sechost.dll
0x00007ff928680000 - 0x00007ff9287a3000 	C:\WINDOWS\System32\RPCRT4.dll
0x00007ff9275b0000 - 0x00007ff9275d7000 	C:\WINDOWS\System32\bcrypt.dll
0x00007ff927aa0000 - 0x00007ff927c3f000 	C:\WINDOWS\System32\USER32.dll
0x00007ff9271d0000 - 0x00007ff9271f2000 	C:\WINDOWS\System32\win32u.dll
0x00007ff904f80000 - 0x00007ff90521a000 	C:\WINDOWS\WinSxS\amd64_microsoft.windows.common-controls_6595b64144ccf1df_6.0.19041.4355_none_60b8b9eb71f62e16\COMCTL32.dll
0x00007ff928940000 - 0x00007ff92896b000 	C:\WINDOWS\System32\GDI32.dll
0x00007ff9273f0000 - 0x00007ff927507000 	C:\WINDOWS\System32\gdi32full.dll
0x00007ff927510000 - 0x00007ff9275ad000 	C:\WINDOWS\System32\msvcp_win.dll
0x00007ff91ad30000 - 0x00007ff91ad3a000 	C:\WINDOWS\SYSTEM32\VERSION.dll
0x00007ff927cf0000 - 0x00007ff927d1f000 	C:\WINDOWS\System32\IMM32.DLL
0x00007ff921270000 - 0x00007ff92127c000 	C:\Program Files\Java\jdk-21\bin\vcruntime140_1.dll
0x00007ff8f8b90000 - 0x00007ff8f8c1e000 	C:\Program Files\Java\jdk-21\bin\msvcp140.dll
0x00007ff8aceb0000 - 0x00007ff8adbc7000 	C:\Program Files\Java\jdk-21\bin\server\jvm.dll
0x00007ff9298e0000 - 0x00007ff92994b000 	C:\WINDOWS\System32\WS2_32.dll
0x00007ff9266a0000 - 0x00007ff9266eb000 	C:\WINDOWS\SYSTEM32\POWRPROF.dll
0x00007ff921b80000 - 0x00007ff921ba7000 	C:\WINDOWS\SYSTEM32\WINMM.dll
0x00007ff926510000 - 0x00007ff926522000 	C:\WINDOWS\SYSTEM32\UMPDC.dll
0x00007ff925930000 - 0x00007ff925942000 	C:\WINDOWS\SYSTEM32\kernel.appcore.dll
0x00007ff91ee10000 - 0x00007ff91ee1a000 	C:\Program Files\Java\jdk-21\bin\jimage.dll
0x00007ff9255c0000 - 0x00007ff9257a4000 	C:\WINDOWS\SYSTEM32\DBGHELP.DLL
0x00007ff921b40000 - 0x00007ff921b74000 	C:\WINDOWS\SYSTEM32\dbgcore.DLL
0x00007ff927360000 - 0x00007ff9273e2000 	C:\WINDOWS\System32\bcryptPrimitives.dll
0x00007ff90de40000 - 0x00007ff90de5f000 	C:\Program Files\Java\jdk-21\bin\java.dll
0x00007ff927d20000 - 0x00007ff92848c000 	C:\WINDOWS\System32\SHELL32.dll
0x00007ff924d00000 - 0x00007ff92549e000 	C:\WINDOWS\SYSTEM32\windows.storage.dll
0x00007ff929580000 - 0x00007ff9298d3000 	C:\WINDOWS\System32\combase.dll
0x00007ff926b40000 - 0x00007ff926b6e000 	C:\WINDOWS\SYSTEM32\Wldp.dll
0x00007ff929960000 - 0x00007ff929a2d000 	C:\WINDOWS\System32\OLEAUT32.dll
0x00007ff928530000 - 0x00007ff9285dd000 	C:\WINDOWS\System32\SHCORE.dll
0x00007ff928b70000 - 0x00007ff928bc5000 	C:\WINDOWS\System32\shlwapi.dll
0x00007ff927050000 - 0x00007ff927074000 	C:\WINDOWS\SYSTEM32\profapi.dll
0x00007ff8f80a0000 - 0x00007ff8f8177000 	C:\Program Files\Java\jdk-21\bin\jsvml.dll
0x00007ff91e930000 - 0x00007ff91e940000 	C:\Program Files\Java\jdk-21\bin\net.dll
0x00007ff920440000 - 0x00007ff92054a000 	C:\WINDOWS\SYSTEM32\WINHTTP.dll
0x00007ff9268a0000 - 0x00007ff92690a000 	C:\WINDOWS\system32\mswsock.dll
0x00007ff90de20000 - 0x00007ff90de36000 	C:\Program Files\Java\jdk-21\bin\nio.dll
0x00007ff907fb0000 - 0x00007ff907fc8000 	C:\Program Files\Java\jdk-21\bin\zip.dll
0x00007ff8cbee0000 - 0x00007ff8cc06f000 	C:\Program Files\Java\jdk-21\bin\awt.dll
0x00007ff91e770000 - 0x00007ff91e804000 	C:\WINDOWS\SYSTEM32\apphelp.dll
0x00007ff924410000 - 0x00007ff92443f000 	C:\WINDOWS\system32\DWMAPI.DLL
0x00007ff9218b0000 - 0x00007ff92194e000 	C:\WINDOWS\system32\uxtheme.dll
0x00007ff905e10000 - 0x00007ff905f38000 	C:\WINDOWS\system32\opengl32.dll
0x00007ff918c90000 - 0x00007ff918cbc000 	C:\WINDOWS\SYSTEM32\GLU32.dll
0x00007ff928de0000 - 0x00007ff928ef4000 	C:\WINDOWS\System32\MSCTF.dll
0x00007ff928cb0000 - 0x00007ff928ddb000 	C:\WINDOWS\System32\ole32.dll
0x00007ff8ed2c0000 - 0x00007ff8ed347000 	C:\Program Files\Java\jdk-21\bin\freetype.dll
0x00007ff8e1620000 - 0x00007ff8e1702000 	C:\Program Files\Java\jdk-21\bin\fontmanager.dll
0x00007ff912780000 - 0x00007ff912879000 	C:\WINDOWS\SYSTEM32\textinputframework.dll
0x00007ff91d810000 - 0x00007ff91db6b000 	C:\WINDOWS\System32\CoreUIComponents.dll
0x00007ff91f150000 - 0x00007ff91f242000 	C:\WINDOWS\System32\CoreMessaging.dll
0x00007ff926290000 - 0x00007ff9262c3000 	C:\WINDOWS\SYSTEM32\ntmarta.dll
0x00007ff9207d0000 - 0x00007ff920927000 	C:\WINDOWS\SYSTEM32\wintypes.dll
0x00007ff90c290000 - 0x00007ff90c33c000 	C:\WINDOWS\SYSTEM32\TextShaping.dll

dbghelp: loaded successfully - version: 4.0.5 - missing functions: none
symbol engine: initialized successfully - sym options: 0x614 - pdb path: .;C:\Program Files\Java\jdk-21\bin;C:\WINDOWS\SYSTEM32;C:\WINDOWS\WinSxS\amd64_microsoft.windows.common-controls_6595b64144ccf1df_6.0.19041.4355_none_60b8b9eb71f62e16;C:\Program Files\Java\jdk-21\bin\server

VM Arguments:
jvm_args: -Dfile.encoding=UTF-8 -Dstdout.encoding=UTF-8 -Dstderr.encoding=UTF-8 -XX:+ShowCodeDetailsInExceptionMessages 
java_command: bank.SignupThree
java_class_path (initial): C:\Users\Richa Singh\Desktop\BankManagementSystem\bin;C:\Users\Richa Singh\Desktop\My Project Resource\jcalendar-1.4\lib\jcalendar-1.4.jar;C:\Users\Richa Singh\Downloads\mysql-connector-j-9.1.0\mysql-connector-j-9.1.0\mysql-connector-j-9.1.0.jar
Launcher Type: SUN_STANDARD

[Global flags]
     intx CICompilerCount                          = 4                                         {product} {ergonomic}
     uint ConcGCThreads                            = 2                                         {product} {ergonomic}
     uint G1ConcRefinementThreads                  = 8                                         {product} {ergonomic}
   size_t G1HeapRegionSize                         = 1048576                                   {product} {ergonomic}
    uintx GCDrainStackTargetSize                   = 64                                        {product} {ergonomic}
   size_t InitialHeapSize                          = 130023424                                 {product} {ergonomic}
   size_t MarkStackSize                            = 4194304                                   {product} {ergonomic}
   size_t MaxHeapSize                              = 2076180480                                {product} {ergonomic}
   size_t MaxNewSize                               = 1245708288                                {product} {ergonomic}
   size_t MinHeapDeltaBytes                        = 1048576                                   {product} {ergonomic}
   size_t MinHeapSize                              = 8388608                                   {product} {ergonomic}
    uintx NonNMethodCodeHeapSize                   = 5839372                                {pd product} {ergonomic}
    uintx NonProfiledCodeHeapSize                  = 122909434                              {pd product} {ergonomic}
    uintx ProfiledCodeHeapSize                     = 122909434                              {pd product} {ergonomic}
    uintx ReservedCodeCacheSize                    = 251658240                              {pd product} {ergonomic}
     bool SegmentedCodeCache                       = true                                      {product} {ergonomic}
     bool ShowCodeDetailsInExceptionMessages       = true                                   {manageable} {command line}
   size_t SoftMaxHeapSize                          = 2076180480                             {manageable} {ergonomic}
     bool UseCompressedOops                        = true                           {product lp64_product} {ergonomic}
     bool UseG1GC                                  = true                                      {product} {ergonomic}
     bool UseLargePagesIndividualAllocation        = false                                  {pd product} {ergonomic}

Logging:
Log output configuration:
 #0: stdout all=warning uptime,level,tags foldmultilines=false
 #1: stderr all=off uptime,level,tags foldmultilines=false

Environment Variables:
JAVA_HOME=C:\Program Files\Java\jdk-21
PATH=C:\Program Files\Common Files\Oracle\Java\javapath;C:\Windows\system32;C:\Windows;C:\Windows\System32\Wbem;C:\Windows\System32\WindowsPowerShell\v1.0\;C:\Windows\System32\OpenSSH\;C:\Program Files\NVIDIA Corporation\NVIDIA NvDLISR;C:\WINDOWS\system32;C:\WINDOWS;C:\WINDOWS\System32\Wbem;C:\WINDOWS\System32\WindowsPowerShell\v1.0\;C:\WINDOWS\System32\OpenSSH\;C:\Program Files\dotnet\;C:\Program Files (x86)\NVIDIA Corporation\PhysX\Common;C:\MinGW\bin;C:\MinGW\bin;C:\MinGW\bin;C:\MinGW\bin;C:\Program Files\MySQL\MySQL Shell 8.0\bin\;C:\Users\Richa Singh\AppData\Local\Programs\Python\Python310\Scripts\;C:\Users\Richa Singh\AppData\Local\Programs\Python\Python310\;C:\Users\Richa Singh\AppData\Local\Microsoft\WindowsApps;C:\Program Files\Java\jdk-21\bin;C:\Program Files\Java\jdk-21\bin;C:\Users\Richa Singh\AppData\Local\Programs\Microsoft VS Code\bin;C:\Users\Richa Singh\AppData\Local\JetBrains\IntelliJ IDEA Community Edition 2024.2.3\bin;;C:\Users\Richa Singh\AppData\Local\GitHubDesktop\bin
USERNAME=RICHA
OS=Windows_NT
PROCESSOR_IDENTIFIER=Intel64 Family 6 Model 140 Stepping 1, GenuineIntel
TMP=C:\Users\RICHAS~1\AppData\Local\Temp
TEMP=C:\Users\RICHAS~1\AppData\Local\Temp




Periodic native trim disabled

---------------  S Y S T E M  ---------------

OS:
 Windows 10 , 64 bit Build 19041 (10.0.19041.4597)
OS uptime: 7 days 3:24 hours

CPU: total 8 (initial active 8) (4 cores per cpu, 2 threads per core) family 6 model 140 stepping 1 microcode 0xb8, cx8, cmov, fxsr, ht, mmx, 3dnowpref, sse, sse2, sse3, ssse3, sse4.1, sse4.2, popcnt, lzcnt, tsc, tscinvbit, avx, avx2, aes, erms, clmul, bmi1, bmi2, adx, avx512f, avx512dq, avx512cd, avx512bw, avx512vl, sha, fma, vzeroupper, avx512_vpopcntdq, avx512_vpclmulqdq, avx512_vaes, avx512_vnni, clflush, clflushopt, clwb, avx512_vbmi2, avx512_vbmi, rdtscp, rdpid, fsrm, gfni, avx512_bitalg, f16c, pku, cet_ibt, cet_ss, avx512_ifma
Processor Information for all 8 processors :
  Max Mhz: 1382, Current Mhz: 1382, Mhz Limit: 1382

Memory: 4k page, system-wide physical 7914M (564M free)
TotalPageFile size 32490M (AvailPageFile size 0M)
current process WorkingSet (physical memory assigned to process): 15M, peak: 86M
current process commit charge ("private bytes"): 221M, peak: 229M

vm_info: Java HotSpot(TM) 64-Bit Server VM (21.0.2+13-LTS-58) for windows-amd64 JRE (21.0.2+13-LTS-58), built on 2024-01-05T18:32:24Z by "mach5one" with MS VC++ 17.1 (VS2022)

END.
