#
# There is insufficient memory for the Java Runtime Environment to continue.
# Native memory allocation (malloc) failed to allocate 32744 bytes for Chunk::new
# Possible reasons:
#   The system is out of physical RAM or swap space
#   The process is running with CompressedOops enabled, and the Java Heap may be blocking the growth of the native heap
# Possible solutions:
#   Reduce memory load on the system
#   Increase physical memory or swap space
#   Check if swap backing store is full
#   Decrease Java heap size (-Xmx/-Xms)
#   Decrease number of Java threads
#   Decrease Java thread stack sizes (-Xss)
#   Set larger code cache with -XX:ReservedCodeCacheSize=
#   JVM is running with Unscaled Compressed Oops mode in which the Java heap is
#     placed in the first 4GB address space. The Java Heap base address is the
#     maximum limit for the native heap growth. Please use -XX:HeapBaseMinAddress
#     to set the Java Heap base and to place the Java Heap above 4GB virtual address.
# This output file may be truncated or incomplete.
#
#  Out of Memory Error (arena.cpp:168), pid=18864, tid=30412
#
# JRE version: Java(TM) SE Runtime Environment (21.0.2+13) (build 21.0.2+13-LTS-58)
# Java VM: Java HotSpot(TM) 64-Bit Server VM (21.0.2+13-LTS-58, mixed mode, sharing, tiered, compressed oops, compressed class ptrs, g1 gc, windows-amd64)
# No core dump will be written. Minidumps are not enabled by default on client versions of Windows
#

---------------  S U M M A R Y ------------

Command Line: -Dfile.encoding=UTF-8 -Dstdout.encoding=UTF-8 -Dstderr.encoding=UTF-8 -XX:+ShowCodeDetailsInExceptionMessages bank.Signup

Host: 11th Gen Intel(R) Core(TM) i5-1135G7 @ 2.40GHz, 8 cores, 7G,  Windows 10 , 64 bit Build 19041 (10.0.19041.4597)
Time: Tue Oct 22 00:31:43 2024 India Standard Time elapsed time: 128584.842244 seconds (1d 11h 43m 4s)

---------------  T H R E A D  ---------------

Current thread (0x0000016fec34e590):  JavaThread "C1 CompilerThread0" daemon [_thread_in_native, id=30412, stack(0x00000061e9400000,0x00000061e9500000) (1024K)]


Current CompileTask:
C1:128584842 1826       3       java.awt.geom.AffineTransform::equals (104 bytes)

Stack: [0x00000061e9400000,0x00000061e9500000]
Native frames: (J=compiled Java code, j=interpreted, Vv=VM code, C=native code)
V  [jvm.dll+0x6cade9]
V  [jvm.dll+0x8569c1]
V  [jvm.dll+0x858d2e]
V  [jvm.dll+0x859413]
V  [jvm.dll+0x280e56]
V  [jvm.dll+0xc3f3d]
V  [jvm.dll+0xc4473]
V  [jvm.dll+0x13f0de]
V  [jvm.dll+0x13e477]
V  [jvm.dll+0x19ab5b]
V  [jvm.dll+0x19b136]
V  [jvm.dll+0x154953]
V  [jvm.dll+0x154208]
V  [jvm.dll+0x154444]
V  [jvm.dll+0x153886]
V  [jvm.dll+0x1555ed]
V  [jvm.dll+0x258859]
V  [jvm.dll+0x256e3a]
V  [jvm.dll+0x3ef6c6]
V  [jvm.dll+0x7ff568]
V  [jvm.dll+0x6c953d]
C  [ucrtbase.dll+0x21bb2]
C  [KERNEL32.DLL+0x17374]
C  [ntdll.dll+0x4cc91]


---------------  P R O C E S S  ---------------

Threads class SMR info:
_java_thread_list=0x0000016ff278b1d0, length=16, elements={
0x0000016fec32dec0, 0x0000016fec32ebe0, 0x0000016fec3311a0, 0x0000016fec332c10,
0x0000016fec333670, 0x0000016fec3344e0, 0x0000016fec34a030, 0x0000016fec34e590,
0x0000016fec5e0ed0, 0x0000016fec5e5720, 0x0000016fec77e280, 0x0000016fec785d90,
0x0000016fec7892c0, 0x0000016ff2606570, 0x0000016fcd94b790, 0x0000016ff2fd4e90
}

Java Threads: ( => current thread )
  0x0000016fec32dec0 JavaThread "Reference Handler"          daemon [_thread_blocked, id=27136, stack(0x00000061e8d00000,0x00000061e8e00000) (1024K)]
  0x0000016fec32ebe0 JavaThread "Finalizer"                  daemon [_thread_blocked, id=29352, stack(0x00000061e8e00000,0x00000061e8f00000) (1024K)]
  0x0000016fec3311a0 JavaThread "Signal Dispatcher"          daemon [_thread_blocked, id=31272, stack(0x00000061e8f00000,0x00000061e9000000) (1024K)]
  0x0000016fec332c10 JavaThread "Attach Listener"            daemon [_thread_blocked, id=30772, stack(0x00000061e9000000,0x00000061e9100000) (1024K)]
  0x0000016fec333670 JavaThread "Service Thread"             daemon [_thread_blocked, id=21140, stack(0x00000061e9100000,0x00000061e9200000) (1024K)]
  0x0000016fec3344e0 JavaThread "Monitor Deflation Thread"   daemon [_thread_blocked, id=14720, stack(0x00000061e9200000,0x00000061e9300000) (1024K)]
  0x0000016fec34a030 JavaThread "C2 CompilerThread0"         daemon [_thread_blocked, id=26088, stack(0x00000061e9300000,0x00000061e9400000) (1024K)]
=>0x0000016fec34e590 JavaThread "C1 CompilerThread0"         daemon [_thread_in_native, id=30412, stack(0x00000061e9400000,0x00000061e9500000) (1024K)]
  0x0000016fec5e0ed0 JavaThread "Notification Thread"        daemon [_thread_blocked, id=26560, stack(0x00000061e9500000,0x00000061e9600000) (1024K)]
  0x0000016fec5e5720 JavaThread "Common-Cleaner"             daemon [_thread_blocked, id=21736, stack(0x00000061e9600000,0x00000061e9700000) (1024K)]
  0x0000016fec77e280 JavaThread "Java2D Disposer"            daemon [_thread_blocked, id=29172, stack(0x00000061e9700000,0x00000061e9800000) (1024K)]
  0x0000016fec785d90 JavaThread "AWT-Shutdown"                      [_thread_blocked, id=26684, stack(0x00000061e9800000,0x00000061e9900000) (1024K)]
  0x0000016fec7892c0 JavaThread "AWT-Windows"                daemon [_thread_in_native, id=25872, stack(0x00000061e9900000,0x00000061e9a00000) (1024K)]
  0x0000016ff2606570 JavaThread "AWT-EventQueue-0"                  [_thread_in_native, id=9392, stack(0x00000061e9b00000,0x00000061e9c00000) (1024K)]
  0x0000016fcd94b790 JavaThread "DestroyJavaVM"                     [_thread_blocked, id=30936, stack(0x00000061e8500000,0x00000061e8600000) (1024K)]
  0x0000016ff2fd4e90 JavaThread "TimerQueue"                 daemon [_thread_blocked, id=23524, stack(0x00000061ea000000,0x00000061ea100000) (1024K)]
Total: 16

Other Threads:
  0x0000016fec30cf10 VMThread "VM Thread"                           [id=20660, stack(0x00000061e8c00000,0x00000061e8d00000) (1024K)]
  0x0000016fec2f6ad0 WatcherThread "VM Periodic Task Thread"        [id=32840, stack(0x00000061e8b00000,0x00000061e8c00000) (1024K)]
  0x0000016fcdb8fac0 WorkerThread "GC Thread#0"                     [id=30904, stack(0x00000061e8600000,0x00000061e8700000) (1024K)]
  0x0000016fcdba1290 ConcurrentGCThread "G1 Main Marker"            [id=26876, stack(0x00000061e8700000,0x00000061e8800000) (1024K)]
  0x0000016fcdba1ca0 WorkerThread "G1 Conc#0"                       [id=30164, stack(0x00000061e8800000,0x00000061e8900000) (1024K)]
  0x0000016fcdc0e1d0 ConcurrentGCThread "G1 Refine#0"               [id=27012, stack(0x00000061e8900000,0x00000061e8a00000) (1024K)]
  0x0000016fcdc0eb50 ConcurrentGCThread "G1 Service"                [id=30924, stack(0x00000061e8a00000,0x00000061e8b00000) (1024K)]
Total: 7

Threads with active compile tasks:
C1 CompilerThread0  128584880 1826       3       java.awt.geom.AffineTransform::equals (104 bytes)
Total: 1

VM state: not at safepoint (normal execution)

VM Mutex/Monitor currently owned by a thread: None

Heap address: 0x0000000084400000, size: 1980 MB, Compressed Oops mode: 32-bit

CDS archive(s) mapped at: [0x0000016f80000000-0x0000016f80c90000-0x0000016f80c90000), size 13172736, SharedBaseAddress: 0x0000016f80000000, ArchiveRelocationMode: 1.
Compressed class space mapped at: 0x0000016f81000000-0x0000016fc1000000, reserved size: 1073741824
Narrow klass base: 0x0000016f80000000, Narrow klass shift: 0, Narrow klass range: 0x100000000

GC Precious Log:
 CardTable entry size: 512
 Card Set container configuration: InlinePtr #cards 5 size 8 Array Of Cards #cards 12 size 40 Howl #buckets 4 coarsen threshold 1843 Howl Bitmap #cards 512 size 80 coarsen threshold 460 Card regions per heap region 1 cards per card region 2048
 CPUs: 8 total, 8 available
 Memory: 7914M
 Large Page Support: Disabled
 NUMA Support: Disabled
 Compressed Oops: Enabled (32-bit)
 Heap Region Size: 1M
 Heap Min Capacity: 8M
 Heap Initial Capacity: 124M
 Heap Max Capacity: 1980M
 Pre-touch: Disabled
 Parallel Workers: 8
 Concurrent Workers: 2
 Concurrent Refinement Workers: 8
 Periodic GC: Disabled

Heap:
 garbage-first heap   total 126976K, used 26624K [0x0000000084400000, 0x0000000100000000)
  region size 1024K, 23 young (23552K), 0 survivors (0K)
 Metaspace       used 11548K, committed 11776K, reserved 1114112K
  class space    used 1331K, committed 1472K, reserved 1048576K

Heap Regions: E=young(eden), S=young(survivor), O=old, HS=humongous(starts), HC=humongous(continues), CS=collection set, F=free, TAMS=top-at-mark-start, PB=parsable bottom
|   0|0x0000000084400000, 0x0000000084500000, 0x0000000084500000|100%|HS|  |TAMS 0x0000000084400000| PB 0x0000000084400000| Complete 
|   1|0x0000000084500000, 0x0000000084600000, 0x0000000084600000|100%|HC|  |TAMS 0x0000000084500000| PB 0x0000000084500000| Complete 
|   2|0x0000000084600000, 0x0000000084700000, 0x0000000084700000|100%|HC|  |TAMS 0x0000000084600000| PB 0x0000000084600000| Complete 
|   3|0x0000000084700000, 0x0000000084800000, 0x0000000084800000|100%|HC|  |TAMS 0x0000000084700000| PB 0x0000000084700000| Complete 
|   4|0x0000000084800000, 0x0000000084800000, 0x0000000084900000|  0%| F|  |TAMS 0x0000000084800000| PB 0x0000000084800000| Untracked 
|   5|0x0000000084900000, 0x0000000084900000, 0x0000000084a00000|  0%| F|  |TAMS 0x0000000084900000| PB 0x0000000084900000| Untracked 
|   6|0x0000000084a00000, 0x0000000084a00000, 0x0000000084b00000|  0%| F|  |TAMS 0x0000000084a00000| PB 0x0000000084a00000| Untracked 
|   7|0x0000000084b00000, 0x0000000084b00000, 0x0000000084c00000|  0%| F|  |TAMS 0x0000000084b00000| PB 0x0000000084b00000| Untracked 
|   8|0x0000000084c00000, 0x0000000084c00000, 0x0000000084d00000|  0%| F|  |TAMS 0x0000000084c00000| PB 0x0000000084c00000| Untracked 
|   9|0x0000000084d00000, 0x0000000084d00000, 0x0000000084e00000|  0%| F|  |TAMS 0x0000000084d00000| PB 0x0000000084d00000| Untracked 
|  10|0x0000000084e00000, 0x0000000084e00000, 0x0000000084f00000|  0%| F|  |TAMS 0x0000000084e00000| PB 0x0000000084e00000| Untracked 
|  11|0x0000000084f00000, 0x0000000084f00000, 0x0000000085000000|  0%| F|  |TAMS 0x0000000084f00000| PB 0x0000000084f00000| Untracked 
|  12|0x0000000085000000, 0x0000000085000000, 0x0000000085100000|  0%| F|  |TAMS 0x0000000085000000| PB 0x0000000085000000| Untracked 
|  13|0x0000000085100000, 0x0000000085100000, 0x0000000085200000|  0%| F|  |TAMS 0x0000000085100000| PB 0x0000000085100000| Untracked 
|  14|0x0000000085200000, 0x0000000085200000, 0x0000000085300000|  0%| F|  |TAMS 0x0000000085200000| PB 0x0000000085200000| Untracked 
|  15|0x0000000085300000, 0x0000000085300000, 0x0000000085400000|  0%| F|  |TAMS 0x0000000085300000| PB 0x0000000085300000| Untracked 
|  16|0x0000000085400000, 0x0000000085400000, 0x0000000085500000|  0%| F|  |TAMS 0x0000000085400000| PB 0x0000000085400000| Untracked 
|  17|0x0000000085500000, 0x0000000085500000, 0x0000000085600000|  0%| F|  |TAMS 0x0000000085500000| PB 0x0000000085500000| Untracked 
|  18|0x0000000085600000, 0x0000000085600000, 0x0000000085700000|  0%| F|  |TAMS 0x0000000085600000| PB 0x0000000085600000| Untracked 
|  19|0x0000000085700000, 0x0000000085700000, 0x0000000085800000|  0%| F|  |TAMS 0x0000000085700000| PB 0x0000000085700000| Untracked 
|  20|0x0000000085800000, 0x0000000085800000, 0x0000000085900000|  0%| F|  |TAMS 0x0000000085800000| PB 0x0000000085800000| Untracked 
|  21|0x0000000085900000, 0x0000000085900000, 0x0000000085a00000|  0%| F|  |TAMS 0x0000000085900000| PB 0x0000000085900000| Untracked 
|  22|0x0000000085a00000, 0x0000000085a00000, 0x0000000085b00000|  0%| F|  |TAMS 0x0000000085a00000| PB 0x0000000085a00000| Untracked 
|  23|0x0000000085b00000, 0x0000000085b00000, 0x0000000085c00000|  0%| F|  |TAMS 0x0000000085b00000| PB 0x0000000085b00000| Untracked 
|  24|0x0000000085c00000, 0x0000000085c00000, 0x0000000085d00000|  0%| F|  |TAMS 0x0000000085c00000| PB 0x0000000085c00000| Untracked 
|  25|0x0000000085d00000, 0x0000000085d00000, 0x0000000085e00000|  0%| F|  |TAMS 0x0000000085d00000| PB 0x0000000085d00000| Untracked 
|  26|0x0000000085e00000, 0x0000000085e00000, 0x0000000085f00000|  0%| F|  |TAMS 0x0000000085e00000| PB 0x0000000085e00000| Untracked 
|  27|0x0000000085f00000, 0x0000000085f00000, 0x0000000086000000|  0%| F|  |TAMS 0x0000000085f00000| PB 0x0000000085f00000| Untracked 
|  28|0x0000000086000000, 0x0000000086000000, 0x0000000086100000|  0%| F|  |TAMS 0x0000000086000000| PB 0x0000000086000000| Untracked 
|  29|0x0000000086100000, 0x0000000086100000, 0x0000000086200000|  0%| F|  |TAMS 0x0000000086100000| PB 0x0000000086100000| Untracked 
|  30|0x0000000086200000, 0x0000000086200000, 0x0000000086300000|  0%| F|  |TAMS 0x0000000086200000| PB 0x0000000086200000| Untracked 
|  31|0x0000000086300000, 0x0000000086300000, 0x0000000086400000|  0%| F|  |TAMS 0x0000000086300000| PB 0x0000000086300000| Untracked 
|  32|0x0000000086400000, 0x0000000086400000, 0x0000000086500000|  0%| F|  |TAMS 0x0000000086400000| PB 0x0000000086400000| Untracked 
|  33|0x0000000086500000, 0x0000000086500000, 0x0000000086600000|  0%| F|  |TAMS 0x0000000086500000| PB 0x0000000086500000| Untracked 
|  34|0x0000000086600000, 0x0000000086600000, 0x0000000086700000|  0%| F|  |TAMS 0x0000000086600000| PB 0x0000000086600000| Untracked 
|  35|0x0000000086700000, 0x0000000086700000, 0x0000000086800000|  0%| F|  |TAMS 0x0000000086700000| PB 0x0000000086700000| Untracked 
|  36|0x0000000086800000, 0x0000000086800000, 0x0000000086900000|  0%| F|  |TAMS 0x0000000086800000| PB 0x0000000086800000| Untracked 
|  37|0x0000000086900000, 0x0000000086900000, 0x0000000086a00000|  0%| F|  |TAMS 0x0000000086900000| PB 0x0000000086900000| Untracked 
|  38|0x0000000086a00000, 0x0000000086a00000, 0x0000000086b00000|  0%| F|  |TAMS 0x0000000086a00000| PB 0x0000000086a00000| Untracked 
|  39|0x0000000086b00000, 0x0000000086b00000, 0x0000000086c00000|  0%| F|  |TAMS 0x0000000086b00000| PB 0x0000000086b00000| Untracked 
|  40|0x0000000086c00000, 0x0000000086c00000, 0x0000000086d00000|  0%| F|  |TAMS 0x0000000086c00000| PB 0x0000000086c00000| Untracked 
|  41|0x0000000086d00000, 0x0000000086d00000, 0x0000000086e00000|  0%| F|  |TAMS 0x0000000086d00000| PB 0x0000000086d00000| Untracked 
|  42|0x0000000086e00000, 0x0000000086e00000, 0x0000000086f00000|  0%| F|  |TAMS 0x0000000086e00000| PB 0x0000000086e00000| Untracked 
|  43|0x0000000086f00000, 0x0000000086f00000, 0x0000000087000000|  0%| F|  |TAMS 0x0000000086f00000| PB 0x0000000086f00000| Untracked 
|  44|0x0000000087000000, 0x0000000087000000, 0x0000000087100000|  0%| F|  |TAMS 0x0000000087000000| PB 0x0000000087000000| Untracked 
|  45|0x0000000087100000, 0x0000000087100000, 0x0000000087200000|  0%| F|  |TAMS 0x0000000087100000| PB 0x0000000087100000| Untracked 
|  46|0x0000000087200000, 0x0000000087200000, 0x0000000087300000|  0%| F|  |TAMS 0x0000000087200000| PB 0x0000000087200000| Untracked 
|  47|0x0000000087300000, 0x0000000087300000, 0x0000000087400000|  0%| F|  |TAMS 0x0000000087300000| PB 0x0000000087300000| Untracked 
|  48|0x0000000087400000, 0x0000000087400000, 0x0000000087500000|  0%| F|  |TAMS 0x0000000087400000| PB 0x0000000087400000| Untracked 
|  49|0x0000000087500000, 0x0000000087500000, 0x0000000087600000|  0%| F|  |TAMS 0x0000000087500000| PB 0x0000000087500000| Untracked 
|  50|0x0000000087600000, 0x0000000087600000, 0x0000000087700000|  0%| F|  |TAMS 0x0000000087600000| PB 0x0000000087600000| Untracked 
|  51|0x0000000087700000, 0x0000000087700000, 0x0000000087800000|  0%| F|  |TAMS 0x0000000087700000| PB 0x0000000087700000| Untracked 
|  52|0x0000000087800000, 0x0000000087800000, 0x0000000087900000|  0%| F|  |TAMS 0x0000000087800000| PB 0x0000000087800000| Untracked 
|  53|0x0000000087900000, 0x0000000087900000, 0x0000000087a00000|  0%| F|  |TAMS 0x0000000087900000| PB 0x0000000087900000| Untracked 
|  54|0x0000000087a00000, 0x0000000087a00000, 0x0000000087b00000|  0%| F|  |TAMS 0x0000000087a00000| PB 0x0000000087a00000| Untracked 
|  55|0x0000000087b00000, 0x0000000087b00000, 0x0000000087c00000|  0%| F|  |TAMS 0x0000000087b00000| PB 0x0000000087b00000| Untracked 
|  56|0x0000000087c00000, 0x0000000087c00000, 0x0000000087d00000|  0%| F|  |TAMS 0x0000000087c00000| PB 0x0000000087c00000| Untracked 
|  57|0x0000000087d00000, 0x0000000087d00000, 0x0000000087e00000|  0%| F|  |TAMS 0x0000000087d00000| PB 0x0000000087d00000| Untracked 
|  58|0x0000000087e00000, 0x0000000087e00000, 0x0000000087f00000|  0%| F|  |TAMS 0x0000000087e00000| PB 0x0000000087e00000| Untracked 
|  59|0x0000000087f00000, 0x0000000087f00000, 0x0000000088000000|  0%| F|  |TAMS 0x0000000087f00000| PB 0x0000000087f00000| Untracked 
|  60|0x0000000088000000, 0x0000000088000000, 0x0000000088100000|  0%| F|  |TAMS 0x0000000088000000| PB 0x0000000088000000| Untracked 
|  61|0x0000000088100000, 0x0000000088100000, 0x0000000088200000|  0%| F|  |TAMS 0x0000000088100000| PB 0x0000000088100000| Untracked 
|  62|0x0000000088200000, 0x0000000088200000, 0x0000000088300000|  0%| F|  |TAMS 0x0000000088200000| PB 0x0000000088200000| Untracked 
|  63|0x0000000088300000, 0x0000000088300000, 0x0000000088400000|  0%| F|  |TAMS 0x0000000088300000| PB 0x0000000088300000| Untracked 
|  64|0x0000000088400000, 0x0000000088400000, 0x0000000088500000|  0%| F|  |TAMS 0x0000000088400000| PB 0x0000000088400000| Untracked 
|  65|0x0000000088500000, 0x0000000088500000, 0x0000000088600000|  0%| F|  |TAMS 0x0000000088500000| PB 0x0000000088500000| Untracked 
|  66|0x0000000088600000, 0x0000000088600000, 0x0000000088700000|  0%| F|  |TAMS 0x0000000088600000| PB 0x0000000088600000| Untracked 
|  67|0x0000000088700000, 0x0000000088700000, 0x0000000088800000|  0%| F|  |TAMS 0x0000000088700000| PB 0x0000000088700000| Untracked 
|  68|0x0000000088800000, 0x0000000088800000, 0x0000000088900000|  0%| F|  |TAMS 0x0000000088800000| PB 0x0000000088800000| Untracked 
|  69|0x0000000088900000, 0x0000000088900000, 0x0000000088a00000|  0%| F|  |TAMS 0x0000000088900000| PB 0x0000000088900000| Untracked 
|  70|0x0000000088a00000, 0x0000000088a00000, 0x0000000088b00000|  0%| F|  |TAMS 0x0000000088a00000| PB 0x0000000088a00000| Untracked 
|  71|0x0000000088b00000, 0x0000000088b00000, 0x0000000088c00000|  0%| F|  |TAMS 0x0000000088b00000| PB 0x0000000088b00000| Untracked 
|  72|0x0000000088c00000, 0x0000000088c00000, 0x0000000088d00000|  0%| F|  |TAMS 0x0000000088c00000| PB 0x0000000088c00000| Untracked 
|  73|0x0000000088d00000, 0x0000000088d00000, 0x0000000088e00000|  0%| F|  |TAMS 0x0000000088d00000| PB 0x0000000088d00000| Untracked 
|  74|0x0000000088e00000, 0x0000000088e00000, 0x0000000088f00000|  0%| F|  |TAMS 0x0000000088e00000| PB 0x0000000088e00000| Untracked 
|  75|0x0000000088f00000, 0x0000000088f00000, 0x0000000089000000|  0%| F|  |TAMS 0x0000000088f00000| PB 0x0000000088f00000| Untracked 
|  76|0x0000000089000000, 0x0000000089000000, 0x0000000089100000|  0%| F|  |TAMS 0x0000000089000000| PB 0x0000000089000000| Untracked 
|  77|0x0000000089100000, 0x0000000089100000, 0x0000000089200000|  0%| F|  |TAMS 0x0000000089100000| PB 0x0000000089100000| Untracked 
|  78|0x0000000089200000, 0x0000000089200000, 0x0000000089300000|  0%| F|  |TAMS 0x0000000089200000| PB 0x0000000089200000| Untracked 
|  79|0x0000000089300000, 0x0000000089300000, 0x0000000089400000|  0%| F|  |TAMS 0x0000000089300000| PB 0x0000000089300000| Untracked 
|  80|0x0000000089400000, 0x0000000089400000, 0x0000000089500000|  0%| F|  |TAMS 0x0000000089400000| PB 0x0000000089400000| Untracked 
|  81|0x0000000089500000, 0x0000000089500000, 0x0000000089600000|  0%| F|  |TAMS 0x0000000089500000| PB 0x0000000089500000| Untracked 
|  82|0x0000000089600000, 0x0000000089600000, 0x0000000089700000|  0%| F|  |TAMS 0x0000000089600000| PB 0x0000000089600000| Untracked 
|  83|0x0000000089700000, 0x0000000089700000, 0x0000000089800000|  0%| F|  |TAMS 0x0000000089700000| PB 0x0000000089700000| Untracked 
|  84|0x0000000089800000, 0x0000000089800000, 0x0000000089900000|  0%| F|  |TAMS 0x0000000089800000| PB 0x0000000089800000| Untracked 
|  85|0x0000000089900000, 0x0000000089900000, 0x0000000089a00000|  0%| F|  |TAMS 0x0000000089900000| PB 0x0000000089900000| Untracked 
|  86|0x0000000089a00000, 0x0000000089a00000, 0x0000000089b00000|  0%| F|  |TAMS 0x0000000089a00000| PB 0x0000000089a00000| Untracked 
|  87|0x0000000089b00000, 0x0000000089b00000, 0x0000000089c00000|  0%| F|  |TAMS 0x0000000089b00000| PB 0x0000000089b00000| Untracked 
|  88|0x0000000089c00000, 0x0000000089c00000, 0x0000000089d00000|  0%| F|  |TAMS 0x0000000089c00000| PB 0x0000000089c00000| Untracked 
|  89|0x0000000089d00000, 0x0000000089d00000, 0x0000000089e00000|  0%| F|  |TAMS 0x0000000089d00000| PB 0x0000000089d00000| Untracked 
|  90|0x0000000089e00000, 0x0000000089e00000, 0x0000000089f00000|  0%| F|  |TAMS 0x0000000089e00000| PB 0x0000000089e00000| Untracked 
|  91|0x0000000089f00000, 0x0000000089f00000, 0x000000008a000000|  0%| F|  |TAMS 0x0000000089f00000| PB 0x0000000089f00000| Untracked 
|  92|0x000000008a000000, 0x000000008a000000, 0x000000008a100000|  0%| F|  |TAMS 0x000000008a000000| PB 0x000000008a000000| Untracked 
|  93|0x000000008a100000, 0x000000008a100000, 0x000000008a200000|  0%| F|  |TAMS 0x000000008a100000| PB 0x000000008a100000| Untracked 
|  94|0x000000008a200000, 0x000000008a200000, 0x000000008a300000|  0%| F|  |TAMS 0x000000008a200000| PB 0x000000008a200000| Untracked 
|  95|0x000000008a300000, 0x000000008a300000, 0x000000008a400000|  0%| F|  |TAMS 0x000000008a300000| PB 0x000000008a300000| Untracked 
|  96|0x000000008a400000, 0x000000008a400000, 0x000000008a500000|  0%| F|  |TAMS 0x000000008a400000| PB 0x000000008a400000| Untracked 
|  97|0x000000008a500000, 0x000000008a500000, 0x000000008a600000|  0%| F|  |TAMS 0x000000008a500000| PB 0x000000008a500000| Untracked 
|  98|0x000000008a600000, 0x000000008a600000, 0x000000008a700000|  0%| F|  |TAMS 0x000000008a600000| PB 0x000000008a600000| Untracked 
|  99|0x000000008a700000, 0x000000008a700000, 0x000000008a800000|  0%| F|  |TAMS 0x000000008a700000| PB 0x000000008a700000| Untracked 
| 100|0x000000008a800000, 0x000000008a800000, 0x000000008a900000|  0%| F|  |TAMS 0x000000008a800000| PB 0x000000008a800000| Untracked 
| 101|0x000000008a900000, 0x000000008a9efe10, 0x000000008aa00000| 93%| E|  |TAMS 0x000000008a900000| PB 0x000000008a900000| Complete 
| 102|0x000000008aa00000, 0x000000008ab00000, 0x000000008ab00000|100%| E|CS|TAMS 0x000000008aa00000| PB 0x000000008aa00000| Complete 
| 103|0x000000008ab00000, 0x000000008ac00000, 0x000000008ac00000|100%| E|CS|TAMS 0x000000008ab00000| PB 0x000000008ab00000| Complete 
| 104|0x000000008ac00000, 0x000000008ad00000, 0x000000008ad00000|100%| E|CS|TAMS 0x000000008ac00000| PB 0x000000008ac00000| Complete 
| 105|0x000000008ad00000, 0x000000008ae00000, 0x000000008ae00000|100%| E|CS|TAMS 0x000000008ad00000| PB 0x000000008ad00000| Complete 
| 106|0x000000008ae00000, 0x000000008af00000, 0x000000008af00000|100%| E|CS|TAMS 0x000000008ae00000| PB 0x000000008ae00000| Complete 
| 107|0x000000008af00000, 0x000000008b000000, 0x000000008b000000|100%| E|CS|TAMS 0x000000008af00000| PB 0x000000008af00000| Complete 
| 108|0x000000008b000000, 0x000000008b100000, 0x000000008b100000|100%| E|CS|TAMS 0x000000008b000000| PB 0x000000008b000000| Complete 
| 109|0x000000008b100000, 0x000000008b200000, 0x000000008b200000|100%| E|CS|TAMS 0x000000008b100000| PB 0x000000008b100000| Complete 
| 110|0x000000008b200000, 0x000000008b300000, 0x000000008b300000|100%| E|CS|TAMS 0x000000008b200000| PB 0x000000008b200000| Complete 
| 111|0x000000008b300000, 0x000000008b400000, 0x000000008b400000|100%| E|CS|TAMS 0x000000008b300000| PB 0x000000008b300000| Complete 
| 112|0x000000008b400000, 0x000000008b500000, 0x000000008b500000|100%| E|CS|TAMS 0x000000008b400000| PB 0x000000008b400000| Complete 
| 113|0x000000008b500000, 0x000000008b600000, 0x000000008b600000|100%| E|CS|TAMS 0x000000008b500000| PB 0x000000008b500000| Complete 
| 114|0x000000008b600000, 0x000000008b700000, 0x000000008b700000|100%| E|CS|TAMS 0x000000008b600000| PB 0x000000008b600000| Complete 
| 115|0x000000008b700000, 0x000000008b800000, 0x000000008b800000|100%| E|CS|TAMS 0x000000008b700000| PB 0x000000008b700000| Complete 
| 116|0x000000008b800000, 0x000000008b900000, 0x000000008b900000|100%| E|CS|TAMS 0x000000008b800000| PB 0x000000008b800000| Complete 
| 117|0x000000008b900000, 0x000000008ba00000, 0x000000008ba00000|100%| E|CS|TAMS 0x000000008b900000| PB 0x000000008b900000| Complete 
| 118|0x000000008ba00000, 0x000000008bb00000, 0x000000008bb00000|100%| E|CS|TAMS 0x000000008ba00000| PB 0x000000008ba00000| Complete 
| 119|0x000000008bb00000, 0x000000008bc00000, 0x000000008bc00000|100%| E|CS|TAMS 0x000000008bb00000| PB 0x000000008bb00000| Complete 
| 120|0x000000008bc00000, 0x000000008bd00000, 0x000000008bd00000|100%| E|CS|TAMS 0x000000008bc00000| PB 0x000000008bc00000| Complete 
| 121|0x000000008bd00000, 0x000000008be00000, 0x000000008be00000|100%| E|CS|TAMS 0x000000008bd00000| PB 0x000000008bd00000| Complete 
| 122|0x000000008be00000, 0x000000008bf00000, 0x000000008bf00000|100%| E|CS|TAMS 0x000000008be00000| PB 0x000000008be00000| Complete 
| 123|0x000000008bf00000, 0x000000008c000000, 0x000000008c000000|100%| E|CS|TAMS 0x000000008bf00000| PB 0x000000008bf00000| Complete 

Card table byte_map: [0x0000016fe75d0000,0x0000016fe79b0000] _byte_map_base: 0x0000016fe71ae000

Marking Bits: (CMBitMap*) 0x0000016fcdb900d0
 Bits: [0x0000016fe79b0000, 0x0000016fe98a0000)

Polling page: 0x0000016fd7760000

Metaspace:

Usage:
  Non-class:      9.98 MB used.
      Class:      1.30 MB used.
       Both:     11.28 MB used.

Virtual space:
  Non-class space:       64.00 MB reserved,      10.06 MB ( 16%) committed,  1 nodes.
      Class space:        1.00 GB reserved,       1.44 MB ( <1%) committed,  1 nodes.
             Both:        1.06 GB reserved,      11.50 MB (  1%) committed. 

Chunk freelists:
   Non-Class:  5.00 MB
       Class:  14.59 MB
        Both:  19.59 MB

MaxMetaspaceSize: unlimited
CompressedClassSpaceSize: 1.00 GB
Initial GC threshold: 21.00 MB
Current GC threshold: 21.00 MB
CDS: on
 - commit_granule_bytes: 65536.
 - commit_granule_words: 8192.
 - virtual_space_node_default_size: 8388608.
 - enlarge_chunks_in_place: 1.
 - use_allocation_guard: 0.


Internal statistics:

num_allocs_failed_limit: 0.
num_arena_births: 162.
num_arena_deaths: 0.
num_vsnodes_births: 2.
num_vsnodes_deaths: 0.
num_space_committed: 184.
num_space_uncommitted: 0.
num_chunks_returned_to_freelist: 0.
num_chunks_taken_from_freelist: 232.
num_chunk_merges: 0.
num_chunk_splits: 137.
num_chunks_enlarged: 51.
num_inconsistent_stats: 0.

CodeHeap 'non-profiled nmethods': size=120000Kb used=600Kb max_used=600Kb free=119399Kb
 bounds [0x0000016fdf250000, 0x0000016fdf4c0000, 0x0000016fe6780000]
CodeHeap 'profiled nmethods': size=120000Kb used=3345Kb max_used=3345Kb free=116654Kb
 bounds [0x0000016fd7780000, 0x0000016fd7ad0000, 0x0000016fdecb0000]
CodeHeap 'non-nmethods': size=5760Kb used=1826Kb max_used=1845Kb free=3933Kb
 bounds [0x0000016fdecb0000, 0x0000016fdef20000, 0x0000016fdf250000]
 total_blobs=2505 nmethods=1824 adapters=585
 compilation: enabled
              stopped_count=0, restarted_count=0
 full_count=0

Compilation events (20 events):
Event: 125709.068 Thread 0x0000016fec34e590 1816       3       java.lang.ref.ReferenceQueue::await (15 bytes)
Event: 125709.090 Thread 0x0000016fec34e590 nmethod 1816 0x0000016fd7ac1890 code [0x0000016fd7ac1a40, 0x0000016fd7ac1bd0]
Event: 127351.953 Thread 0x0000016fec34a030 1817       4       java.util.HashMap::resize (356 bytes)
Event: 127351.965 Thread 0x0000016fec34e590 1818       3       java.awt.Color::<init> (72 bytes)
Event: 127351.975 Thread 0x0000016fec34e590 nmethod 1818 0x0000016fd7ac1d10 code [0x0000016fd7ac1ec0, 0x0000016fd7ac2128]
Event: 127351.975 Thread 0x0000016fec34e590 1820       3       java.awt.Color::<init> (11 bytes)
Event: 127351.975 Thread 0x0000016fec34e590 nmethod 1820 0x0000016fd7ac2210 code [0x0000016fd7ac23c0, 0x0000016fd7ac2500]
Event: 127351.975 Thread 0x0000016fec34e590 1819       3       java.awt.Color::testColorValueRange (121 bytes)
Event: 127351.978 Thread 0x0000016fec34e590 nmethod 1819 0x0000016fd7ac2590 code [0x0000016fd7ac27c0, 0x0000016fd7ac2dd8]
Event: 127352.001 Thread 0x0000016fec34a030 nmethod 1817 0x0000016fdf2e2710 code [0x0000016fdf2e2920, 0x0000016fdf2e3598]
Event: 127352.281 Thread 0x0000016fec34a030 1821       4       sun.util.logging.PlatformLogger::isLoggable (23 bytes)
Event: 127352.302 Thread 0x0000016fec34a030 nmethod 1821 0x0000016fdf2e3910 code [0x0000016fdf2e3b20, 0x0000016fdf2e4588]
Event: 127352.303 Thread 0x0000016fec34a030 1822       4       jdk.internal.logger.AbstractLoggerWrapper::isLoggable (26 bytes)
Event: 127352.309 Thread 0x0000016fec34a030 nmethod 1822 0x0000016fdf2e4990 code [0x0000016fdf2e4ba0, 0x0000016fdf2e5588]
Event: 127358.167 Thread 0x0000016fec34e590 1823  s    3       sun.awt.windows.WDesktopProperties::setColorProperty (94 bytes)
Event: 127358.182 Thread 0x0000016fec34e590 nmethod 1823 0x0000016fd7ac3010 code [0x0000016fd7ac32a0, 0x0000016fd7ac40f8]
Event: 127358.221 Thread 0x0000016fec34a030 1824       4       java.lang.String::compareTo (9 bytes)
Event: 127358.226 Thread 0x0000016fec34a030 nmethod 1824 0x0000016fdf2e5910 code [0x0000016fdf2e5aa0, 0x0000016fdf2e5d20]
Event: 128584.801 Thread 0x0000016fec34a030 1825       4       java.util.HashSet::add (20 bytes)
Event: 128584.814 Thread 0x0000016fec34e590 1826       3       java.awt.geom.AffineTransform::equals (104 bytes)

GC Heap History (0 events):
No events

Dll operation events (10 events):
Event: 0.008 Loaded shared library C:\Program Files\Java\jdk-21\bin\java.dll
Event: 0.055 Loaded shared library C:\Program Files\Java\jdk-21\bin\jsvml.dll
Event: 0.090 Loaded shared library C:\Program Files\Java\jdk-21\bin\net.dll
Event: 0.092 Loaded shared library C:\Program Files\Java\jdk-21\bin\nio.dll
Event: 0.097 Loaded shared library C:\Program Files\Java\jdk-21\bin\zip.dll
Event: 0.109 Loaded shared library C:\Program Files\Java\jdk-21\bin\jimage.dll
Event: 0.131 Loaded shared library C:\Program Files\Java\jdk-21\bin\awt.dll
Event: 0.309 Loaded shared library C:\Program Files\Java\jdk-21\bin\verify.dll
Event: 0.364 Loaded shared library C:\Program Files\Java\jdk-21\bin\freetype.dll
Event: 0.364 Loaded shared library C:\Program Files\Java\jdk-21\bin\fontmanager.dll

Deoptimization events (20 events):
Event: 0.972 Thread 0x0000016ff2606570 Uncommon trap: trap_request=0xffffff45 fr.pc=0x0000016fdf2bab80 relative=0x0000000000000420
Event: 0.972 Thread 0x0000016ff2606570 Uncommon trap: reason=unstable_if action=reinterpret pc=0x0000016fdf2bab80 method=java.lang.Character.isSurrogate(C)Z @ 3 c2
Event: 0.972 Thread 0x0000016ff2606570 DEOPT PACKING pc=0x0000016fdf2bab80 sp=0x00000061e9bfc920
Event: 0.972 Thread 0x0000016ff2606570 DEOPT UNPACKING pc=0x0000016fded07da2 sp=0x00000061e9bfc838 mode 2
Event: 4.114 Thread 0x0000016ff2606570 Uncommon trap: trap_request=0xffffff45 fr.pc=0x0000016fdf2b3be4 relative=0x00000000000000c4
Event: 4.114 Thread 0x0000016ff2606570 Uncommon trap: reason=unstable_if action=reinterpret pc=0x0000016fdf2b3be4 method=java.nio.Buffer.limit(I)Ljava/nio/Buffer; @ 42 c2
Event: 4.114 Thread 0x0000016ff2606570 DEOPT PACKING pc=0x0000016fdf2b3be4 sp=0x00000061e9bfd110
Event: 4.114 Thread 0x0000016ff2606570 DEOPT UNPACKING pc=0x0000016fded07da2 sp=0x00000061e9bfd098 mode 2
Event: 6.170 Thread 0x0000016ff2606570 Uncommon trap: trap_request=0xffffffde fr.pc=0x0000016fdf2707c8 relative=0x00000000000001a8
Event: 6.170 Thread 0x0000016ff2606570 Uncommon trap: reason=class_check action=maybe_recompile pc=0x0000016fdf2707c8 method=java.lang.String.equals(Ljava/lang/Object;)Z @ 8 c2
Event: 6.170 Thread 0x0000016ff2606570 DEOPT PACKING pc=0x0000016fdf2707c8 sp=0x00000061e9bfcd80
Event: 6.170 Thread 0x0000016ff2606570 DEOPT UNPACKING pc=0x0000016fded07da2 sp=0x00000061e9bfcd08 mode 2
Event: 6.170 Thread 0x0000016ff2606570 Uncommon trap: trap_request=0xffffffde fr.pc=0x0000016fdf2707c8 relative=0x00000000000001a8
Event: 6.170 Thread 0x0000016ff2606570 Uncommon trap: reason=class_check action=maybe_recompile pc=0x0000016fdf2707c8 method=java.lang.String.equals(Ljava/lang/Object;)Z @ 8 c2
Event: 6.170 Thread 0x0000016ff2606570 DEOPT PACKING pc=0x0000016fdf2707c8 sp=0x00000061e9bfccb0
Event: 6.170 Thread 0x0000016ff2606570 DEOPT UNPACKING pc=0x0000016fded07da2 sp=0x00000061e9bfcc38 mode 2
Event: 6.170 Thread 0x0000016ff2606570 Uncommon trap: trap_request=0xffffffde fr.pc=0x0000016fdf2707c8 relative=0x00000000000001a8
Event: 6.170 Thread 0x0000016ff2606570 Uncommon trap: reason=class_check action=maybe_recompile pc=0x0000016fdf2707c8 method=java.lang.String.equals(Ljava/lang/Object;)Z @ 8 c2
Event: 6.170 Thread 0x0000016ff2606570 DEOPT PACKING pc=0x0000016fdf2707c8 sp=0x00000061e9bfcc30
Event: 6.170 Thread 0x0000016ff2606570 DEOPT UNPACKING pc=0x0000016fded07da2 sp=0x00000061e9bfcbb8 mode 2

Classes loaded (20 events):
Event: 4.147 Loading class java/awt/WaitDispatchSupport$2
Event: 4.147 Loading class java/awt/WaitDispatchSupport$2 done
Event: 4.147 Loading class java/awt/WaitDispatchSupport$4
Event: 4.147 Loading class java/awt/WaitDispatchSupport$4 done
Event: 4.148 Loading class sun/awt/ModalExclude
Event: 4.148 Loading class sun/awt/ModalExclude done
Event: 6.171 Loading class java/awt/KeyboardFocusManager$2
Event: 6.171 Loading class java/awt/KeyboardFocusManager$2 done
Event: 6.172 Loading class sun/awt/SunToolkit$1
Event: 6.173 Loading class sun/awt/SunToolkit$1 done
Event: 6.187 Loading class java/awt/Window$1DisposeAction
Event: 6.187 Loading class java/awt/Window$1DisposeAction done
Event: 6.188 Loading class java/awt/LightweightDispatcher$2
Event: 6.188 Loading class java/awt/LightweightDispatcher$2 done
Event: 122501.639 Loading class java/util/WeakHashMap$KeyIterator
Event: 122501.659 Loading class java/util/WeakHashMap$HashIterator
Event: 122501.663 Loading class java/util/WeakHashMap$HashIterator done
Event: 122501.663 Loading class java/util/WeakHashMap$KeyIterator done
Event: 122501.728 Loading class javax/swing/RepaintManager$DisplayChangedRunnable
Event: 122501.739 Loading class javax/swing/RepaintManager$DisplayChangedRunnable done

Classes unloaded (0 events):
No events

Classes redefined (0 events):
No events

Internal exceptions (20 events):
Event: 0.614 Thread 0x0000016ff2606570 Exception <a 'java/io/FileNotFoundException'{0x000000008b481e60}> (0x000000008b481e60) 
thrown [s\open\src\hotspot\share\prims\jni.cpp, line 520]
Event: 0.614 Thread 0x0000016ff2606570 Exception <a 'java/io/FileNotFoundException'{0x000000008b483858}> (0x000000008b483858) 
thrown [s\open\src\hotspot\share\prims\jni.cpp, line 520]
Event: 0.614 Thread 0x0000016ff2606570 Exception <a 'java/io/FileNotFoundException'{0x000000008b485228}> (0x000000008b485228) 
thrown [s\open\src\hotspot\share\prims\jni.cpp, line 520]
Event: 0.614 Thread 0x0000016ff2606570 Exception <a 'java/io/FileNotFoundException'{0x000000008b486c60}> (0x000000008b486c60) 
thrown [s\open\src\hotspot\share\prims\jni.cpp, line 520]
Event: 0.614 Thread 0x0000016ff2606570 Exception <a 'java/io/FileNotFoundException'{0x000000008b488698}> (0x000000008b488698) 
thrown [s\open\src\hotspot\share\prims\jni.cpp, line 520]
Event: 0.615 Thread 0x0000016ff2606570 Exception <a 'java/io/FileNotFoundException'{0x000000008b48a090}> (0x000000008b48a090) 
thrown [s\open\src\hotspot\share\prims\jni.cpp, line 520]
Event: 0.615 Thread 0x0000016ff2606570 Exception <a 'java/io/FileNotFoundException'{0x000000008b48ba50}> (0x000000008b48ba50) 
thrown [s\open\src\hotspot\share\prims\jni.cpp, line 520]
Event: 0.615 Thread 0x0000016ff2606570 Exception <a 'java/io/FileNotFoundException'{0x000000008b48d468}> (0x000000008b48d468) 
thrown [s\open\src\hotspot\share\prims\jni.cpp, line 520]
Event: 0.619 Thread 0x0000016ff2606570 Exception <a 'java/io/FileNotFoundException'{0x000000008b4a5720}> (0x000000008b4a5720) 
thrown [s\open\src\hotspot\share\prims\jni.cpp, line 520]
Event: 0.619 Thread 0x0000016ff2606570 Exception <a 'java/io/FileNotFoundException'{0x000000008b4a7160}> (0x000000008b4a7160) 
thrown [s\open\src\hotspot\share\prims\jni.cpp, line 520]
Event: 0.620 Thread 0x0000016ff2606570 Exception <a 'java/io/FileNotFoundException'{0x000000008b4abaa0}> (0x000000008b4abaa0) 
thrown [s\open\src\hotspot\share\prims\jni.cpp, line 520]
Event: 0.620 Thread 0x0000016ff2606570 Exception <a 'java/io/FileNotFoundException'{0x000000008b4ad498}> (0x000000008b4ad498) 
thrown [s\open\src\hotspot\share\prims\jni.cpp, line 520]
Event: 0.620 Thread 0x0000016ff2606570 Exception <a 'java/io/FileNotFoundException'{0x000000008b4aee68}> (0x000000008b4aee68) 
thrown [s\open\src\hotspot\share\prims\jni.cpp, line 520]
Event: 0.620 Thread 0x0000016ff2606570 Exception <a 'java/io/FileNotFoundException'{0x000000008b4b08a0}> (0x000000008b4b08a0) 
thrown [s\open\src\hotspot\share\prims\jni.cpp, line 520]
Event: 0.620 Thread 0x0000016ff2606570 Exception <a 'java/io/FileNotFoundException'{0x000000008b4b22d8}> (0x000000008b4b22d8) 
thrown [s\open\src\hotspot\share\prims\jni.cpp, line 520]
Event: 0.620 Thread 0x0000016ff2606570 Exception <a 'java/io/FileNotFoundException'{0x000000008b4b3cd0}> (0x000000008b4b3cd0) 
thrown [s\open\src\hotspot\share\prims\jni.cpp, line 520]
Event: 0.620 Thread 0x0000016ff2606570 Exception <a 'java/io/FileNotFoundException'{0x000000008b4b5690}> (0x000000008b4b5690) 
thrown [s\open\src\hotspot\share\prims\jni.cpp, line 520]
Event: 0.620 Thread 0x0000016ff2606570 Exception <a 'java/io/FileNotFoundException'{0x000000008b4b70a8}> (0x000000008b4b70a8) 
thrown [s\open\src\hotspot\share\prims\jni.cpp, line 520]
Event: 4.129 Thread 0x0000016ff2606570 Exception <a 'java/lang/NoSuchMethodError'{0x000000008a90ece0}: 'void java.lang.invoke.DirectMethodHandle$Holder.invokeStatic(java.lang.Object, java.lang.Object)'> (0x000000008a90ece0) 
thrown [s\open\src\hotspot\share\interpreter\linkResolver.cpp, line 773]
Event: 4.146 Thread 0x0000016ff2606570 Exception <a 'java/lang/NoSuchMethodError'{0x000000008a925ec8}: 'int java.lang.invoke.DirectMethodHandle$Holder.invokeStatic(java.lang.Object)'> (0x000000008a925ec8) 
thrown [s\open\src\hotspot\share\interpreter\linkResolver.cpp, line 773]

ZGC Phase Switch (0 events):
No events

VM Operations (20 events):
Event: 5.578 Executing VM operation: Cleanup
Event: 5.578 Executing VM operation: Cleanup done
Event: 6.586 Executing VM operation: Cleanup
Event: 6.586 Executing VM operation: Cleanup done
Event: 7.587 Executing VM operation: Cleanup
Event: 7.587 Executing VM operation: Cleanup done
Event: 60.163 Executing VM operation: HandshakeAllThreads (HandshakeForDeflation)
Event: 60.163 Executing VM operation: HandshakeAllThreads (HandshakeForDeflation) done
Event: 60.163 Executing VM operation: RendezvousGCThreads
Event: 60.163 Executing VM operation: RendezvousGCThreads done
Event: 12992.807 Executing VM operation: Cleanup
Event: 12992.885 Executing VM operation: Cleanup done
Event: 118148.861 Executing VM operation: Cleanup
Event: 118148.868 Executing VM operation: Cleanup done
Event: 122502.456 Executing VM operation: Cleanup
Event: 122502.458 Executing VM operation: Cleanup done
Event: 125769.500 Executing VM operation: Cleanup
Event: 125769.502 Executing VM operation: Cleanup done
Event: 127359.054 Executing VM operation: Cleanup
Event: 127359.054 Executing VM operation: Cleanup done

Events (20 events):
Event: 0.051 Thread 0x0000016fec32ebe0 Thread added: 0x0000016fec32ebe0
Event: 0.052 Thread 0x0000016fec3311a0 Thread added: 0x0000016fec3311a0
Event: 0.052 Thread 0x0000016fec332c10 Thread added: 0x0000016fec332c10
Event: 0.052 Thread 0x0000016fec333670 Thread added: 0x0000016fec333670
Event: 0.052 Thread 0x0000016fec3344e0 Thread added: 0x0000016fec3344e0
Event: 0.052 Thread 0x0000016fec34a030 Thread added: 0x0000016fec34a030
Event: 0.053 Thread 0x0000016fec34e590 Thread added: 0x0000016fec34e590
Event: 0.072 Thread 0x0000016fec5e0ed0 Thread added: 0x0000016fec5e0ed0
Event: 0.076 Thread 0x0000016fec5e5720 Thread added: 0x0000016fec5e5720
Event: 0.209 Thread 0x0000016fec77e280 Thread added: 0x0000016fec77e280
Event: 0.211 Thread 0x0000016fec785d90 Thread added: 0x0000016fec785d90
Event: 0.212 Thread 0x0000016fec7892c0 Thread added: 0x0000016fec7892c0
Event: 0.356 Thread 0x0000016fec34d120 Thread added: 0x0000016fec34d120
Event: 0.389 Thread 0x0000016ff2606570 Thread added: 0x0000016ff2606570
Event: 0.454 Thread 0x0000016fec885400 Thread added: 0x0000016fec885400
Event: 0.534 Thread 0x0000016fcd94b790 Thread exited: 0x0000016fcd94b790
Event: 0.534 Thread 0x0000016fcd94b790 Thread added: 0x0000016fcd94b790
Event: 1.019 Thread 0x0000016ff2fd4e90 Thread added: 0x0000016ff2fd4e90
Event: 1.525 Thread 0x0000016fec34d120 Thread exited: 0x0000016fec34d120
Event: 9.119 Thread 0x0000016fec885400 Thread exited: 0x0000016fec885400


Dynamic libraries:
0x00007ff7b1b40000 - 0x00007ff7b1b50000 	C:\Program Files\Java\jdk-21\bin\javaw.exe
0x00007ff929a70000 - 0x00007ff929c68000 	C:\WINDOWS\SYSTEM32\ntdll.dll
0x00007ff928be0000 - 0x00007ff928ca1000 	C:\WINDOWS\System32\KERNEL32.DLL
0x00007ff927750000 - 0x00007ff927a46000 	C:\WINDOWS\System32\KERNELBASE.dll
0x00007ff927650000 - 0x00007ff927750000 	C:\WINDOWS\System32\ucrtbase.dll
0x00007ff913ca0000 - 0x00007ff913cb9000 	C:\Program Files\Java\jdk-21\bin\jli.dll
0x00007ff9137d0000 - 0x00007ff9137eb000 	C:\Program Files\Java\jdk-21\bin\VCRUNTIME140.dll
0x00007ff928ac0000 - 0x00007ff928b70000 	C:\WINDOWS\System32\ADVAPI32.dll
0x00007ff9285e0000 - 0x00007ff92867e000 	C:\WINDOWS\System32\msvcrt.dll
0x00007ff928490000 - 0x00007ff928530000 	C:\WINDOWS\System32\sechost.dll
0x00007ff928680000 - 0x00007ff9287a3000 	C:\WINDOWS\System32\RPCRT4.dll
0x00007ff9275b0000 - 0x00007ff9275d7000 	C:\WINDOWS\System32\bcrypt.dll
0x00007ff927aa0000 - 0x00007ff927c3f000 	C:\WINDOWS\System32\USER32.dll
0x00007ff9271d0000 - 0x00007ff9271f2000 	C:\WINDOWS\System32\win32u.dll
0x00007ff904f80000 - 0x00007ff90521a000 	C:\WINDOWS\WinSxS\amd64_microsoft.windows.common-controls_6595b64144ccf1df_6.0.19041.4355_none_60b8b9eb71f62e16\COMCTL32.dll
0x00007ff928940000 - 0x00007ff92896b000 	C:\WINDOWS\System32\GDI32.dll
0x00007ff9273f0000 - 0x00007ff927507000 	C:\WINDOWS\System32\gdi32full.dll
0x00007ff927510000 - 0x00007ff9275ad000 	C:\WINDOWS\System32\msvcp_win.dll
0x00007ff91ad30000 - 0x00007ff91ad3a000 	C:\WINDOWS\SYSTEM32\VERSION.dll
0x00007ff927cf0000 - 0x00007ff927d1f000 	C:\WINDOWS\System32\IMM32.DLL
0x00007ff921270000 - 0x00007ff92127c000 	C:\Program Files\Java\jdk-21\bin\vcruntime140_1.dll
0x00007ff8f8b90000 - 0x00007ff8f8c1e000 	C:\Program Files\Java\jdk-21\bin\msvcp140.dll
0x00007ff8aceb0000 - 0x00007ff8adbc7000 	C:\Program Files\Java\jdk-21\bin\server\jvm.dll
0x00007ff9298e0000 - 0x00007ff92994b000 	C:\WINDOWS\System32\WS2_32.dll
0x00007ff9266a0000 - 0x00007ff9266eb000 	C:\WINDOWS\SYSTEM32\POWRPROF.dll
0x00007ff921b80000 - 0x00007ff921ba7000 	C:\WINDOWS\SYSTEM32\WINMM.dll
0x00007ff926510000 - 0x00007ff926522000 	C:\WINDOWS\SYSTEM32\UMPDC.dll
0x00007ff925930000 - 0x00007ff925942000 	C:\WINDOWS\SYSTEM32\kernel.appcore.dll
0x00007ff91ee10000 - 0x00007ff91ee1a000 	C:\Program Files\Java\jdk-21\bin\jimage.dll
0x00007ff9255c0000 - 0x00007ff9257a4000 	C:\WINDOWS\SYSTEM32\DBGHELP.DLL
0x00007ff921b40000 - 0x00007ff921b74000 	C:\WINDOWS\SYSTEM32\dbgcore.DLL
0x00007ff927360000 - 0x00007ff9273e2000 	C:\WINDOWS\System32\bcryptPrimitives.dll
0x00007ff90de40000 - 0x00007ff90de5f000 	C:\Program Files\Java\jdk-21\bin\java.dll
0x00007ff927d20000 - 0x00007ff92848c000 	C:\WINDOWS\System32\SHELL32.dll
0x00007ff924d00000 - 0x00007ff92549e000 	C:\WINDOWS\SYSTEM32\windows.storage.dll
0x00007ff929580000 - 0x00007ff9298d3000 	C:\WINDOWS\System32\combase.dll
0x00007ff926b40000 - 0x00007ff926b6e000 	C:\WINDOWS\SYSTEM32\Wldp.dll
0x00007ff929960000 - 0x00007ff929a2d000 	C:\WINDOWS\System32\OLEAUT32.dll
0x00007ff928530000 - 0x00007ff9285dd000 	C:\WINDOWS\System32\SHCORE.dll
0x00007ff928b70000 - 0x00007ff928bc5000 	C:\WINDOWS\System32\shlwapi.dll
0x00007ff927050000 - 0x00007ff927074000 	C:\WINDOWS\SYSTEM32\profapi.dll
0x00007ff8f80a0000 - 0x00007ff8f8177000 	C:\Program Files\Java\jdk-21\bin\jsvml.dll
0x00007ff91e930000 - 0x00007ff91e940000 	C:\Program Files\Java\jdk-21\bin\net.dll
0x00007ff920440000 - 0x00007ff92054a000 	C:\WINDOWS\SYSTEM32\WINHTTP.dll
0x00007ff9268a0000 - 0x00007ff92690a000 	C:\WINDOWS\system32\mswsock.dll
0x00007ff90de20000 - 0x00007ff90de36000 	C:\Program Files\Java\jdk-21\bin\nio.dll
0x00007ff907fb0000 - 0x00007ff907fc8000 	C:\Program Files\Java\jdk-21\bin\zip.dll
0x00007ff8cbee0000 - 0x00007ff8cc06f000 	C:\Program Files\Java\jdk-21\bin\awt.dll
0x00007ff91e770000 - 0x00007ff91e804000 	C:\WINDOWS\SYSTEM32\apphelp.dll
0x00007ff924410000 - 0x00007ff92443f000 	C:\WINDOWS\system32\DWMAPI.DLL
0x00007ff9218b0000 - 0x00007ff92194e000 	C:\WINDOWS\system32\uxtheme.dll
0x00007ff905e10000 - 0x00007ff905f38000 	C:\WINDOWS\system32\opengl32.dll
0x00007ff918c90000 - 0x00007ff918cbc000 	C:\WINDOWS\SYSTEM32\GLU32.dll
0x00007ff928de0000 - 0x00007ff928ef4000 	C:\WINDOWS\System32\MSCTF.dll
0x00007ff928cb0000 - 0x00007ff928ddb000 	C:\WINDOWS\System32\ole32.dll
0x00007ff91e810000 - 0x00007ff91e820000 	C:\Program Files\Java\jdk-21\bin\verify.dll
0x00007ff8ed2c0000 - 0x00007ff8ed347000 	C:\Program Files\Java\jdk-21\bin\freetype.dll
0x00007ff8e1620000 - 0x00007ff8e1702000 	C:\Program Files\Java\jdk-21\bin\fontmanager.dll
0x00007ff928890000 - 0x00007ff928939000 	C:\WINDOWS\System32\clbcatq.dll
0x00007ff9216b0000 - 0x00007ff921866000 	C:\WINDOWS\SYSTEM32\WindowsCodecs.dll
0x00007ff90c8b0000 - 0x00007ff90c8ee000 	C:\WINDOWS\system32\dataexchange.dll
0x00007ff91d1f0000 - 0x00007ff91d3d4000 	C:\WINDOWS\system32\dcomp.dll
0x00007ff91cf80000 - 0x00007ff91d1e3000 	C:\WINDOWS\system32\d3d11.dll
0x00007ff9259a0000 - 0x00007ff925a95000 	C:\WINDOWS\system32\dxgi.dll
0x00007ff921490000 - 0x00007ff921693000 	C:\WINDOWS\system32\twinapi.appcore.dll
0x00007ff912780000 - 0x00007ff912879000 	C:\WINDOWS\SYSTEM32\textinputframework.dll
0x00007ff91d810000 - 0x00007ff91db6b000 	C:\WINDOWS\System32\CoreUIComponents.dll
0x00007ff91f150000 - 0x00007ff91f242000 	C:\WINDOWS\System32\CoreMessaging.dll
0x00007ff926290000 - 0x00007ff9262c3000 	C:\WINDOWS\SYSTEM32\ntmarta.dll
0x00007ff9207d0000 - 0x00007ff920927000 	C:\WINDOWS\SYSTEM32\wintypes.dll
0x00007ff90c290000 - 0x00007ff90c33c000 	C:\WINDOWS\SYSTEM32\TextShaping.dll

dbghelp: loaded successfully - version: 4.0.5 - missing functions: none
symbol engine: initialized successfully - sym options: 0x614 - pdb path: .;C:\Program Files\Java\jdk-21\bin;C:\WINDOWS\SYSTEM32;C:\WINDOWS\WinSxS\amd64_microsoft.windows.common-controls_6595b64144ccf1df_6.0.19041.4355_none_60b8b9eb71f62e16;C:\Program Files\Java\jdk-21\bin\server

VM Arguments:
jvm_args: -Dfile.encoding=UTF-8 -Dstdout.encoding=UTF-8 -Dstderr.encoding=UTF-8 -XX:+ShowCodeDetailsInExceptionMessages 
java_command: bank.Signup
java_class_path (initial): C:\Users\Richa Singh\Desktop\BankManagementSystem\bin;C:\Users\Richa Singh\Desktop\My Project Resource\jcalendar-1.4\lib\jcalendar-1.4.jar
Launcher Type: SUN_STANDARD

[Global flags]
     intx CICompilerCount                          = 4                                         {product} {ergonomic}
     uint ConcGCThreads                            = 2                                         {product} {ergonomic}
     uint G1ConcRefinementThreads                  = 8                                         {product} {ergonomic}
   size_t G1HeapRegionSize                         = 1048576                                   {product} {ergonomic}
    uintx GCDrainStackTargetSize                   = 64                                        {product} {ergonomic}
   size_t InitialHeapSize                          = 130023424                                 {product} {ergonomic}
   size_t MarkStackSize                            = 4194304                                   {product} {ergonomic}
   size_t MaxHeapSize                              = 2076180480                                {product} {ergonomic}
   size_t MaxNewSize                               = 1245708288                                {product} {ergonomic}
   size_t MinHeapDeltaBytes                        = 1048576                                   {product} {ergonomic}
   size_t MinHeapSize                              = 8388608                                   {product} {ergonomic}
    uintx NonNMethodCodeHeapSize                   = 5839372                                {pd product} {ergonomic}
    uintx NonProfiledCodeHeapSize                  = 122909434                              {pd product} {ergonomic}
    uintx ProfiledCodeHeapSize                     = 122909434                              {pd product} {ergonomic}
    uintx ReservedCodeCacheSize                    = 251658240                              {pd product} {ergonomic}
     bool SegmentedCodeCache                       = true                                      {product} {ergonomic}
     bool ShowCodeDetailsInExceptionMessages       = true                                   {manageable} {command line}
   size_t SoftMaxHeapSize                          = 2076180480                             {manageable} {ergonomic}
     bool UseCompressedOops                        = true                           {product lp64_product} {ergonomic}
     bool UseG1GC                                  = true                                      {product} {ergonomic}
     bool UseLargePagesIndividualAllocation        = false                                  {pd product} {ergonomic}

Logging:
Log output configuration:
 #0: stdout all=warning uptime,level,tags foldmultilines=false
 #1: stderr all=off uptime,level,tags foldmultilines=false

Environment Variables:
JAVA_HOME=C:\Program Files\Java\jdk-21
PATH=C:\Program Files\Common Files\Oracle\Java\javapath;C:\Windows\system32;C:\Windows;C:\Windows\System32\Wbem;C:\Windows\System32\WindowsPowerShell\v1.0\;C:\Windows\System32\OpenSSH\;C:\Program Files\NVIDIA Corporation\NVIDIA NvDLISR;C:\WINDOWS\system32;C:\WINDOWS;C:\WINDOWS\System32\Wbem;C:\WINDOWS\System32\WindowsPowerShell\v1.0\;C:\WINDOWS\System32\OpenSSH\;C:\Program Files\dotnet\;C:\Program Files (x86)\NVIDIA Corporation\PhysX\Common;C:\MinGW\bin;C:\MinGW\bin;C:\MinGW\bin;C:\MinGW\bin;C:\Program Files\MySQL\MySQL Shell 8.0\bin\;C:\Users\Richa Singh\AppData\Local\Programs\Python\Python310\Scripts\;C:\Users\Richa Singh\AppData\Local\Programs\Python\Python310\;C:\Users\Richa Singh\AppData\Local\Microsoft\WindowsApps;C:\Program Files\Java\jdk-21\bin;C:\Program Files\Java\jdk-21\bin;C:\Users\Richa Singh\AppData\Local\Programs\Microsoft VS Code\bin;C:\Users\Richa Singh\AppData\Local\JetBrains\IntelliJ IDEA Community Edition 2024.2.3\bin;;C:\Users\Richa Singh\AppData\Local\GitHubDesktop\bin
USERNAME=RICHA
OS=Windows_NT
PROCESSOR_IDENTIFIER=Intel64 Family 6 Model 140 Stepping 1, GenuineIntel
TMP=C:\Users\RICHAS~1\AppData\Local\Temp
TEMP=C:\Users\RICHAS~1\AppData\Local\Temp




Periodic native trim disabled

---------------  S Y S T E M  ---------------

OS:
 Windows 10 , 64 bit Build 19041 (10.0.19041.4597)
OS uptime: 7 days 3:24 hours

CPU: total 8 (initial active 8) (4 cores per cpu, 2 threads per core) family 6 model 140 stepping 1 microcode 0xb8, cx8, cmov, fxsr, ht, mmx, 3dnowpref, sse, sse2, sse3, ssse3, sse4.1, sse4.2, popcnt, lzcnt, tsc, tscinvbit, avx, avx2, aes, erms, clmul, bmi1, bmi2, adx, avx512f, avx512dq, avx512cd, avx512bw, avx512vl, sha, fma, vzeroupper, avx512_vpopcntdq, avx512_vpclmulqdq, avx512_vaes, avx512_vnni, clflush, clflushopt, clwb, avx512_vbmi2, avx512_vbmi, rdtscp, rdpid, fsrm, gfni, avx512_bitalg, f16c, pku, cet_ibt, cet_ss, avx512_ifma
Processor Information for all 8 processors :
  Max Mhz: 1382, Current Mhz: 1382, Mhz Limit: 1382

Memory: 4k page, system-wide physical 7914M (309M free)
TotalPageFile size 32490M (AvailPageFile size 0M)
current process WorkingSet (physical memory assigned to process): 15M, peak: 106M
current process commit charge ("private bytes"): 228M, peak: 245M

vm_info: Java HotSpot(TM) 64-Bit Server VM (21.0.2+13-LTS-58) for windows-amd64 JRE (21.0.2+13-LTS-58), built on 2024-01-05T18:32:24Z by "mach5one" with MS VC++ 17.1 (VS2022)

END.
