#
# A fatal error has been detected by the Java Runtime Environment:
#
#  EXCEPTION_ACCESS_VIOLATION (0xc0000005) at pc=0x00007ff8cbfbb3f6, pid=15908, tid=29136
#
# JRE version: Java(TM) SE Runtime Environment (21.0.2+13) (build 21.0.2+13-LTS-58)
# Java VM: Java HotSpot(TM) 64-Bit Server VM (21.0.2+13-LTS-58, mixed mode, sharing, tiered, compressed oops, compressed class ptrs, g1 gc, windows-amd64)
# Problematic frame:
# C  [awt.dll+0xdb3f6]
#
# No core dump will be written. Minidumps are not enabled by default on client versions of Windows
#
# If you would like to submit a bug report, please visit:
#   https://bugreport.java.com/bugreport/crash.jsp
# The crash happened outside the Java Virtual Machine in native code.
# See problematic frame for where to report the bug.
#

---------------  S U M M A R Y ------------

Command Line: -Dfile.encoding=UTF-8 -Dstdout.encoding=UTF-8 -Dstderr.encoding=UTF-8 -XX:+ShowCodeDetailsInExceptionMessages bank.SignupThree

Host: 11th Gen Intel(R) Core(TM) i5-1135G7 @ 2.40GHz, 8 cores, 7G,  Windows 10 , 64 bit Build 19041 (10.0.19041.4597)
Time: Mon Oct 21 22:50:20 2024 India Standard Time elapsed time: 14003.842835 seconds (0d 3h 53m 23s)

---------------  T H R E A D  ---------------

Current thread (0x000001e1decd1c60):  JavaThread "AWT-EventQueue-0"        [_thread_in_native, id=29136, stack(0x000000dd72b00000,0x000000dd72c00000) (1024K)]

Stack: [0x000000dd72b00000,0x000000dd72c00000],  sp=0x000000dd72bfe910,  free space=1018k
Native frames: (J=compiled Java code, j=interpreted, Vv=VM code, C=native code)
C  [awt.dll+0xdb3f6]

Java frames: (J=compiled Java code, j=interpreted, Vv=VM code)
j  sun.awt.Win32GraphicsDevice.initNativeScale(I)V+0 java.desktop@21.0.2
j  sun.awt.Win32GraphicsDevice.initScaleFactors()V+60 java.desktop@21.0.2
j  sun.awt.Win32GraphicsDevice.displayChanged()V+16 java.desktop@21.0.2
j  sun.awt.Win32GraphicsEnvironment.displayChanged()V+271 java.desktop@21.0.2
j  sun.awt.windows.WToolkit.lambda$displayChanged$4()V+15 java.desktop@21.0.2
j  sun.awt.windows.WToolkit$$Lambda+0x000001e1e00e9848.run()V+0 java.desktop@21.0.2
j  java.awt.event.InvocationEvent.dispatch()V+47 java.desktop@21.0.2
j  java.awt.EventQueue.dispatchEventImpl(Ljava/awt/AWTEvent;Ljava/lang/Object;)V+21 java.desktop@21.0.2
j  java.awt.EventQueue$4.run()Ljava/lang/Void;+32 java.desktop@21.0.2
j  java.awt.EventQueue$4.run()Ljava/lang/Object;+1 java.desktop@21.0.2
J 1128 c1 java.security.ProtectionDomain$JavaSecurityAccessImpl.doIntersectionPrivilege(Ljava/security/PrivilegedAction;Ljava/security/AccessControlContext;Ljava/security/AccessControlContext;)Ljava/lang/Object; java.base@21.0.2 (22 bytes) @ 0x000001e1ca2bc1f4 [0x000001e1ca2bbf40+0x00000000000002b4]
j  java.awt.EventQueue.dispatchEvent(Ljava/awt/AWTEvent;)V+46 java.desktop@21.0.2
j  java.awt.EventDispatchThread.pumpOneEventForFilters(I)V+81 java.desktop@21.0.2
j  java.awt.EventDispatchThread.pumpEventsForFilter(ILjava/awt/Conditional;Ljava/awt/EventFilter;)V+35 java.desktop@21.0.2
j  java.awt.EventDispatchThread.pumpEventsForHierarchy(ILjava/awt/Conditional;Ljava/awt/Component;)V+11 java.desktop@21.0.2
j  java.awt.EventDispatchThread.pumpEvents(ILjava/awt/Conditional;)V+4 java.desktop@21.0.2
j  java.awt.EventDispatchThread.pumpEvents(Ljava/awt/Conditional;)V+3 java.desktop@21.0.2
j  java.awt.EventDispatchThread.run()V+9 java.desktop@21.0.2
v  ~StubRoutines::call_stub 0x000001e1d16310e7

siginfo: EXCEPTION_ACCESS_VIOLATION (0xc0000005), reading address 0xffffffffffffffff


Registers:
RAX=0x0065747942747570, RBX=0x000001e224178cc0, RCX=0x0065747942747570, RDX=0x0000000000000000
RSP=0x000000dd72bfe910, RBP=0x000000dd72bfe9f0, RSI=0x0000000000000000, RDI=0x0000000000000000
R8 =0x0000000000000001, R9 =0x00000000000000dd, R10=0x000001e1d163cedc, R11=0x0000000000000100
R12=0x0000000000000000, R13=0x000001e220230170, R14=0x000000dd72bfea18, R15=0x000001e1decd1c60
RIP=0x00007ff8cbfbb3f6, EFLAGS=0x0000000000010202


Register to memory mapping:

RAX=0x0065747942747570 is an unknown value
RBX=0x000001e224178cc0 points into unknown readable memory: 0x000001e2243bb1d0 | d0 b1 3b 24 e2 01 00 00
RCX=0x0065747942747570 is an unknown value
RDX=0x0 is null
RSP=0x000000dd72bfe910 is pointing into the stack for thread: 0x000001e1decd1c60
RBP=0x000000dd72bfe9f0 is pointing into the stack for thread: 0x000001e1decd1c60
RSI=0x0 is null
RDI=0x0 is null
R8 =0x0000000000000001 is an unknown value
R9 =0x00000000000000dd is an unknown value
R10=0x000001e1d163cedc is at code_begin+1020 in an Interpreter codelet
native method entry point (kind = native)  [0x000001e1d163cae0, 0x000001e1d163d708]  3112 bytes
R11=0x0000000000000100 is an unknown value
R12=0x0 is null
R13={method} {0x000001e220230178} 'initNativeScale' '(I)V' in 'sun/awt/Win32GraphicsDevice'
R14=0x000000dd72bfea18 is pointing into the stack for thread: 0x000001e1decd1c60
R15=0x000001e1decd1c60 is a thread

Top of Stack: (sp=0x000000dd72bfe910)
0x000000dd72bfe910:   000001e1dec97a78 000001e1deb68710
0x000000dd72bfe920:   000001e224178cc0 0000000000000000
0x000000dd72bfe930:   000001e224178cc0 00007ff8cbfbcc32
0x000000dd72bfe940:   00007ff8cc01a838 000001e220230170
0x000000dd72bfe950:   000001e1deb434e0 000000000000000d
0x000000dd72bfe960:   000001e1d16389b8 000001e1d163cf0b
0x000000dd72bfe970:   000001e220230170 000001e1d164b307
0x000000dd72bfe980:   000001e1decd1c60 000001e1d16389b8
0x000000dd72bfe990:   0000000000000000 00007ff8ad530079
0x000000dd72bfe9a0:   000000dd72bfeae0 000000dd72bfe9a8
0x000000dd72bfe9b0:   0000000000000000 0000000000000005
0x000000dd72bfe9c0:   000001e220233198 0000000000000000
0x000000dd72bfe9d0:   000000008bddc180 000001e220230170
0x000000dd72bfe9e0:   0000000000000000 000000dd72bfea10
0x000000dd72bfe9f0:   000000dd72bfea68 000001e1d1638846
0x000000dd72bfea00:   0000000000000000 000001e1d163a397
0x000000dd72bfea10:   0000000000000000 000000008bdeac18
0x000000dd72bfea20:   000000dd72bfea20 000001e2202307c4
0x000000dd72bfea30:   0000000000000002 000001e220233198
0x000000dd72bfea40:   0000000000000000 000000008bddc180
0x000000dd72bfea50:   000001e220230810 000000dd72bfea10
0x000000dd72bfea60:   000000dd72bfea78 000000dd72bfeac8
0x000000dd72bfea70:   000001e1d1638846 000000008bdeac18
0x000000dd72bfea80:   000000dd72bfea80 000001e220232088
0x000000dd72bfea90:   0000000000000003 000001e220233198
0x000000dd72bfeaa0:   0000000000000000 000000008bddc180
0x000000dd72bfeab0:   000001e2202320d0 000000dd72bfea78
0x000000dd72bfeac0:   000000dd72bfeae0 000000dd72bfeb30
0x000000dd72bfead0:   000001e1d1638846 0000000000000000
0x000000dd72bfeae0:   000000008bdeac18 000000dd72bfeae8
0x000000dd72bfeaf0:   000001e220186c9f 0000000000000008
0x000000dd72bfeb00:   000001e22018ad38 0000000000000000 

Instructions: (pc=0x00007ff8cbfbb3f6)
0x00007ff8cbfbb2f6:   00 68 00 00 00 0f 11 44 24 34 0f 11 44 24 44 0f
0x00007ff8cbfbb306:   11 44 24 54 0f 11 44 24 64 0f 11 44 24 74 0f 11
0x00007ff8cbfbb316:   84 24 84 00 00 00 89 84 24 94 00 00 00 c7 44 24
0x00007ff8cbfbb326:   30 68 00 00 00 48 8d 94 24 a0 00 00 00 48 8b cd
0x00007ff8cbfbb336:   ff 15 7c 8a 06 00 85 c0 74 40 48 8d 54 24 30 48
0x00007ff8cbfbb346:   8b ce ff 15 6a 8a 06 00 85 c0 74 2e 48 8d 54 24
0x00007ff8cbfbb356:   34 48 8d 8c 24 a4 00 00 00 ff 15 9b 85 06 00 85
0x00007ff8cbfbb366:   c0 74 17 48 8d 54 24 44 48 8d 8c 24 b4 00 00 00
0x00007ff8cbfbb376:   ff 15 84 85 06 00 85 c0 75 11 ff c7 3b 7b 0c 0f
0x00007ff8cbfbb386:   8c 15 ff ff ff 8b 3d ff bf 06 00 48 8b cb e8 d7
0x00007ff8cbfbb396:   cc f4 ff 90 8b c7 48 8b 8c 24 10 01 00 00 48 33
0x00007ff8cbfbb3a6:   cc e8 74 01 01 00 4c 8d 9c 24 20 01 00 00 49 8b
0x00007ff8cbfbb3b6:   5b 18 49 8b 6b 20 49 8b 73 28 49 8b e3 5f c3 cc
0x00007ff8cbfbb3c6:   cc cc cc cc cc cc cc cc cc cc 48 8b 41 08 48 8b
0x00007ff8cbfbb3d6:   80 18 0c 00 00 c3 cc cc cc cc 48 8b 41 08 48 05
0x00007ff8cbfbb3e6:   00 04 00 00 c3 cc cc cc cc cc 40 53 48 83 ec 20
0x00007ff8cbfbb3f6:   83 79 50 00 48 8b d9 75 56 48 8b 49 28 4c 8d 44
0x00007ff8cbfbb406:   24 38 48 8d 54 24 30 c7 44 24 30 00 00 80 bf c7
0x00007ff8cbfbb416:   44 24 38 00 00 80 bf e8 de e0 00 00 f3 0f 10 54
0x00007ff8cbfbb426:   24 30 0f 57 c0 0f 2f d0 76 25 f3 0f 10 4c 24 38
0x00007ff8cbfbb436:   0f 2f c8 76 1a f3 0f 5e 15 29 f3 02 00 f3 0f 5e
0x00007ff8cbfbb446:   0d 21 f3 02 00 f3 0f 11 53 48 f3 0f 11 4b 4c 48
0x00007ff8cbfbb456:   83 c4 20 5b c3 cc cc cc cc cc 48 89 5c 24 10 48
0x00007ff8cbfbb466:   89 74 24 18 57 41 56 41 57 48 83 ec 40 48 8b d9
0x00007ff8cbfbb476:   48 83 79 18 00 75 14 b9 28 04 00 00 e8 d9 96 00
0x00007ff8cbfbb486:   00 48 89 43 18 c7 00 28 00 00 00 48 8b 43 18 33
0x00007ff8cbfbb496:   ff 66 89 78 0e 48 8b 4b 28 e8 5c 03 00 00 48 8b
0x00007ff8cbfbb4a6:   f0 41 bf 01 00 00 00 45 8b c7 41 8b d7 48 8b c8
0x00007ff8cbfbb4b6:   ff 15 64 81 06 00 4c 8b f0 89 7c 24 30 48 8b 4b
0x00007ff8cbfbb4c6:   18 48 89 4c 24 28 48 89 7c 24 20 45 8b cf 45 33
0x00007ff8cbfbb4d6:   c0 48 8b d0 48 8b ce ff 15 25 82 06 00 48 8b 53
0x00007ff8cbfbb4e6:   30 48 8b 0b 8b 05 a4 be 06 00 83 79 04 08 0f 8e 


Stack slot to memory mapping:

stack at sp + 0 slots: 0x000001e1dec97a78 points into unknown readable memory: 0x00007ff8ad8645b0 | b0 45 86 ad f8 7f 00 00
stack at sp + 1 slots: 0x000001e1deb68710 points into unknown readable memory: 0x0000000000000000 | 00 00 00 00 00 00 00 00
stack at sp + 2 slots: 0x000001e224178cc0 points into unknown readable memory: 0x000001e2243bb1d0 | d0 b1 3b 24 e2 01 00 00
stack at sp + 3 slots: 0x0 is null
stack at sp + 4 slots: 0x000001e224178cc0 points into unknown readable memory: 0x000001e2243bb1d0 | d0 b1 3b 24 e2 01 00 00
stack at sp + 5 slots: 0x00007ff8cbfbcc32 awt.dll
stack at sp + 6 slots: 0x00007ff8cc01a838 awt.dll
stack at sp + 7 slots: {method} {0x000001e220230178} 'initNativeScale' '(I)V' in 'sun/awt/Win32GraphicsDevice'


Compiled method (c1) 14003990 1128       3       java.security.ProtectionDomain$JavaSecurityAccessImpl::doIntersectionPrivilege (22 bytes)
 total in heap  [0x000001e1ca2bbd10,0x000001e1ca2bc6f8] = 2536
 relocation     [0x000001e1ca2bbe70,0x000001e1ca2bbf30] = 192
 main code      [0x000001e1ca2bbf40,0x000001e1ca2bc450] = 1296
 stub code      [0x000001e1ca2bc450,0x000001e1ca2bc4e0] = 144
 metadata       [0x000001e1ca2bc4e0,0x000001e1ca2bc500] = 32
 scopes data    [0x000001e1ca2bc500,0x000001e1ca2bc5e0] = 224
 scopes pcs     [0x000001e1ca2bc5e0,0x000001e1ca2bc6e0] = 256
 dependencies   [0x000001e1ca2bc6e0,0x000001e1ca2bc6e8] = 8
 nul chk table  [0x000001e1ca2bc6e8,0x000001e1ca2bc6f8] = 16

[Constant Pool (empty)]

[MachCode]
[Entry Point]
  # {method} {0x000001e1df11c788} 'doIntersectionPrivilege' '(Ljava/security/PrivilegedAction;Ljava/security/AccessControlContext;Ljava/security/AccessControlContext;)Ljava/lang/Object;' in 'java/security/ProtectionDomain$JavaSecurityAccessImpl'
  # this:     rdx:rdx   = 'java/security/ProtectionDomain$JavaSecurityAccessImpl'
  # parm0:    r8:r8     = 'java/security/PrivilegedAction'
  # parm1:    r9:r9     = 'java/security/AccessControlContext'
  # parm2:    rdi:rdi   = 'java/security/AccessControlContext'
  #           [sp+0xa0]  (sp of caller)
  0x000001e1ca2bbf40: 448b 5208 | 49bb 0000 | 00df e101 | 0000 4d03 | d34c 3bd0 

  0x000001e1ca2bbf54: ;   {runtime_call ic_miss_stub}
  0x000001e1ca2bbf54: 0f85 262a | 3c07 660f | 1f44 0000 
[Verified Entry Point]
  0x000001e1ca2bbf60: 8984 2400 | 80ff ff55 | 4881 ec90 | 0000 0090 | 4181 7f20 | 0100 0000 

  0x000001e1ca2bbf78: ;   {runtime_call StubRoutines (final stubs)}
  0x000001e1ca2bbf78: 7405 e881 

  0x000001e1ca2bbf7c: ;   {metadata(method data for {method} {0x000001e1df11c788} 'doIntersectionPrivilege' '(Ljava/security/PrivilegedAction;Ljava/security/AccessControlContext;Ljava/security/AccessControlContext;)Ljava/lang/Object;' in 'java/security/ProtectionDomain$JavaSecurityAccessImpl')}
  0x000001e1ca2bbf7c: a23a 0748 | be28 dc68 | 20e2 0100 | 008b 9ecc | 0000 0083 | c302 899e | cc00 0000 | 81e3 fe07 
  0x000001e1ca2bbf9c: 0000 85db | 0f84 9303 | 0000 4d85 

  0x000001e1ca2bbfa8: ;   {metadata(method data for {method} {0x000001e1df11c788} 'doIntersectionPrivilege' '(Ljava/security/PrivilegedAction;Ljava/security/AccessControlContext;Ljava/security/AccessControlContext;)Ljava/lang/Object;' in 'java/security/ProtectionDomain$JavaSecurityAccessImpl')}
  0x000001e1ca2bbfa8: c048 ba28 | dc68 20e2 | 0100 0048 | be20 0100 | 0000 0000 | 0074 0a48 | be10 0100 | 0000 0000 
  0x000001e1ca2bbfc8: 0048 8b1c | 3248 8d5b | 0148 891c | 320f 84be | 0200 004c | 8944 2460 

  0x000001e1ca2bbfe0: ;   {metadata(method data for {method} {0x000001e1df11c788} 'doIntersectionPrivilege' '(Ljava/security/PrivilegedAction;Ljava/security/AccessControlContext;Ljava/security/AccessControlContext;)Ljava/lang/Object;' in 'java/security/ProtectionDomain$JavaSecurityAccessImpl')}
  0x000001e1ca2bbfe0: 48ba 28dc | 6820 e201 | 0000 4883 | 8240 0100 | 0001 488b | d74d 8bc1 | 0f1f 8000 

  0x000001e1ca2bbffc: ;   {static_call}
  0x000001e1ca2bbffc: 0000 00e8 

  0x000001e1ca2bc000: ; ImmutableOopMap {[96]=Oop }
                      ;*invokestatic getCombinedACC {reexecute=0 rethrow=0 return_oop=0}
                      ; - java.security.ProtectionDomain$JavaSecurityAccessImpl::doIntersectionPrivilege@15 (line 89)
  0x000001e1ca2bc000: dc08 0000 

  0x000001e1ca2bc004: ;   {other}
  0x000001e1ca2bc004: 0f1f 8400 | f402 0000 

  0x000001e1ca2bc00c: ;   {metadata(method data for {method} {0x000001e1df11c788} 'doIntersectionPrivilege' '(Ljava/security/PrivilegedAction;Ljava/security/AccessControlContext;Ljava/security/AccessControlContext;)Ljava/lang/Object;' in 'java/security/ProtectionDomain$JavaSecurityAccessImpl')}
  0x000001e1ca2bc00c: 48be 28dc | 6820 e201 | 0000 4883 | 8650 0100 

  0x000001e1ca2bc01c: ;   {metadata(method data for {method} {0x000001e1df478648} 'doPrivileged' '(Ljava/security/PrivilegedAction;Ljava/security/AccessControlContext;)Ljava/lang/Object;' in 'java/security/AccessController')}
  0x000001e1ca2bc01c: 0001 48be | a0da 6820 | e201 0000 | 8bbe cc00 | 0000 83c7 | 0289 becc | 0000 0081 | e7fe ff1f 
  0x000001e1ca2bc03c: 0085 ff0f | 8415 0300 

  0x000001e1ca2bc044: ;   {metadata(method data for {method} {0x000001e1df478648} 'doPrivileged' '(Ljava/security/PrivilegedAction;Ljava/security/AccessControlContext;)Ljava/lang/Object;' in 'java/security/AccessController')}
  0x000001e1ca2bc044: 0048 bea0 | da68 20e2 | 0100 0048 | 8386 1001 | 0000 0148 | 8944 2468 

  0x000001e1ca2bc05c: ;   {static_call}
  0x000001e1ca2bc05c: 6666 90e8 

  0x000001e1ca2bc060: ; ImmutableOopMap {[96]=Oop [104]=Oop }
                      ;*invokestatic getCallerClass {reexecute=0 rethrow=0 return_oop=0}
                      ; - java.security.AccessController::doPrivileged@0 (line 398)
                      ; - java.security.ProtectionDomain$JavaSecurityAccessImpl::doIntersectionPrivilege@18 (line 87)
  0x000001e1ca2bc060: 7ca5 9307 

  0x000001e1ca2bc064: ;   {other}
  0x000001e1ca2bc064: 0f1f 8400 | 5403 0001 

  0x000001e1ca2bc06c: ;   {metadata(method data for {method} {0x000001e1df478648} 'doPrivileged' '(Ljava/security/PrivilegedAction;Ljava/security/AccessControlContext;)Ljava/lang/Object;' in 'java/security/AccessController')}
  0x000001e1ca2bc06c: 48ba a0da | 6820 e201 | 0000 4883 | 8220 0100 | 0001 488b | 5424 684c | 8bc0 4889 | 4424 700f 
  0x000001e1ca2bc08c: ;   {static_call}
  0x000001e1ca2bc08c: 1f40 00e8 

  0x000001e1ca2bc090: ; ImmutableOopMap {[96]=Oop [112]=Oop }
                      ;*invokestatic checkContext {reexecute=0 rethrow=0 return_oop=0}
                      ; - java.security.AccessController::doPrivileged@6 (line 399)
                      ; - java.security.ProtectionDomain$JavaSecurityAccessImpl::doIntersectionPrivilege@18 (line 87)
  0x000001e1ca2bc090: 2cf2 ffff 

  0x000001e1ca2bc094: ;   {other}
  0x000001e1ca2bc094: 0f1f 8400 | 8403 0002 | 4889 4424 

  0x000001e1ca2bc0a0: ;   {metadata(method data for {method} {0x000001e1df478648} 'doPrivileged' '(Ljava/security/PrivilegedAction;Ljava/security/AccessControlContext;)Ljava/lang/Object;' in 'java/security/AccessController')}
  0x000001e1ca2bc0a0: 7848 baa0 | da68 20e2 | 0100 0048 | 8382 3001 

  0x000001e1ca2bc0b0: ;   {metadata(method data for {method} {0x000001e1df4788d0} 'executePrivileged' '(Ljava/security/PrivilegedAction;Ljava/security/AccessControlContext;Ljava/lang/Class;)Ljava/lang/Object;' in 'java/security/AccessController')}
  0x000001e1ca2bc0b0: 0000 0148 | baa0 d90e | 20e2 0100 | 008b b2cc | 0000 0083 | c602 89b2 | cc00 0000 | 81e6 feff 
  0x000001e1ca2bc0d0: 1f00 85f6 | 0f84 a102 | 0000 4885 

  0x000001e1ca2bc0dc: ;   {metadata(method data for {method} {0x000001e1df4788d0} 'executePrivileged' '(Ljava/security/PrivilegedAction;Ljava/security/AccessControlContext;Ljava/lang/Class;)Ljava/lang/Object;' in 'java/security/AccessController')}
  0x000001e1ca2bc0dc: c048 baa0 | d90e 20e2 | 0100 0048 | be10 0100 | 0000 0000 | 0074 0a48 | be20 0100 | 0000 0000 
  0x000001e1ca2bc0fc: 0048 8b3c | 3248 8d7f | 0148 893c | 320f 8425 

  0x000001e1ca2bc10c: ;   {metadata(method data for {method} {0x000001e1df4788d0} 'executePrivileged' '(Ljava/security/PrivilegedAction;Ljava/security/AccessControlContext;Ljava/lang/Class;)Ljava/lang/Object;' in 'java/security/AccessController')}
  0x000001e1ca2bc10c: 0000 0048 | baa0 d90e | 20e2 0100 | 0048 8382 | 3001 0000 | 0148 8bd0 

  0x000001e1ca2bc124: ;   {static_call}
  0x000001e1ca2bc124: 6666 90e8 

  0x000001e1ca2bc128: ; ImmutableOopMap {[96]=Oop [112]=Oop [120]=Oop }
                      ;*invokestatic ensureMaterializedForStackWalk {reexecute=0 rethrow=0 return_oop=0}
                      ; - java.security.AccessController::executePrivileged@5 (line 774)
                      ; - java.security.AccessController::doPrivileged@13 (line 400)
                      ; - java.security.ProtectionDomain$JavaSecurityAccessImpl::doIntersectionPrivilege@18 (line 87)
  0x000001e1ca2bc128: 3479 9707 

  0x000001e1ca2bc12c: ;   {other}
  0x000001e1ca2bc12c: 0f1f 8400 | 1c04 0003 

  0x000001e1ca2bc134: ;   {metadata(method data for {method} {0x000001e1df4788d0} 'executePrivileged' '(Ljava/security/PrivilegedAction;Ljava/security/AccessControlContext;Ljava/lang/Class;)Ljava/lang/Object;' in 'java/security/AccessController')}
  0x000001e1ca2bc134: 48ba a0d9 | 0e20 e201 | 0000 ff82 | 4001 0000 | 4c8b 4424 | 6049 3b00 

  0x000001e1ca2bc14c: ;   {metadata(method data for {method} {0x000001e1df4788d0} 'executePrivileged' '(Ljava/security/PrivilegedAction;Ljava/security/AccessControlContext;Ljava/lang/Class;)Ljava/lang/Object;' in 'java/security/AccessController')}
  0x000001e1ca2bc14c: 498b d048 | bea0 d90e | 20e2 0100 | 008b 5208 | 49ba 0000 | 00df e101 | 0000 4903 | d248 3b96 
  0x000001e1ca2bc16c: b001 0000 | 750d 4883 | 86b8 0100 | 0001 e960 | 0000 0048 | 3b96 c001 | 0000 750d | 4883 86c8 
  0x000001e1ca2bc18c: 0100 0001 | e94a 0000 | 0048 83be | b001 0000 | 0075 1748 | 8996 b001 | 0000 48c7 | 86b8 0100 
  0x000001e1ca2bc1ac: 0001 0000 | 00e9 2900 | 0000 4883 | bec0 0100 | 0000 7517 | 4889 96c0 | 0100 0048 | c786 c801 
  0x000001e1ca2bc1cc: 0000 0100 | 0000 e908 | 0000 0048 | 8386 a001 | 0000 0149 | 8bd0 6666 | 9048 b8b0 | 7b38 24e2 
  0x000001e1ca2bc1ec: ;   {virtual_call}
  0x000001e1ca2bc1ec: 0100 00e8 

  0x000001e1ca2bc1f0: ; ImmutableOopMap {[112]=Oop [120]=Oop }
                      ;*invokeinterface run {reexecute=0 rethrow=0 return_oop=0}
                      ; - java.security.AccessController::executePrivileged@29 (line 778)
                      ; - java.security.AccessController::doPrivileged@13 (line 400)
                      ; - java.security.ProtectionDomain$JavaSecurityAccessImpl::doIntersectionPrivilege@18 (line 87)
  0x000001e1ca2bc1f0: 1c28 4a07 

  0x000001e1ca2bc1f4: ;   {other}
  0x000001e1ca2bc1f4: 0f1f 8400 | e404 0004 

  0x000001e1ca2bc1fc: ;   {metadata(method data for {method} {0x000001e1df4788d0} 'executePrivileged' '(Ljava/security/PrivilegedAction;Ljava/security/AccessControlContext;Ljava/lang/Class;)Ljava/lang/Object;' in 'java/security/AccessController')}
  0x000001e1ca2bc1fc: 48ba a0d9 | 0e20 e201 | 0000 ff82 | d801 0000 | 488b 5424 

  0x000001e1ca2bc210: ;   {metadata(method data for {method} {0x000001e1df4788d0} 'executePrivileged' '(Ljava/security/PrivilegedAction;Ljava/security/AccessControlContext;Ljava/lang/Class;)Ljava/lang/Object;' in 'java/security/AccessController')}
  0x000001e1ca2bc210: 7048 bea0 | d90e 20e2 | 0100 0048 | 8386 3802 

  0x000001e1ca2bc220: ;   {metadata(method data for {method} {0x000001e1df03d400} 'reachabilityFence' '(Ljava/lang/Object;)V' in 'java/lang/ref/Reference')}
  0x000001e1ca2bc220: 0000 0148 | be68 190b | 20e2 0100 | 008b becc | 0000 0083 | c702 89be | cc00 0000 | 81e7 feff 
  0x000001e1ca2bc240: 1f00 85ff | 0f84 5701 

  0x000001e1ca2bc248: ;   {metadata(method data for {method} {0x000001e1df4788d0} 'executePrivileged' '(Ljava/security/PrivilegedAction;Ljava/security/AccessControlContext;Ljava/lang/Class;)Ljava/lang/Object;' in 'java/security/AccessController')}
  0x000001e1ca2bc248: 0000 48ba | a0d9 0e20 | e201 0000 | 4883 8248 | 0200 0001 

  0x000001e1ca2bc25c: ;   {metadata(method data for {method} {0x000001e1df03d400} 'reachabilityFence' '(Ljava/lang/Object;)V' in 'java/lang/ref/Reference')}
  0x000001e1ca2bc25c: 48ba 6819 | 0b20 e201 | 0000 8bb2 | cc00 0000 | 83c6 0289 | b2cc 0000 | 0081 e6fe | ff1f 0085 
  0x000001e1ca2bc27c: f60f 843f | 0100 0048 | 81c4 9000 

  0x000001e1ca2bc288: ;   {poll_return}
  0x000001e1ca2bc288: 0000 5d49 | 3ba7 5004 | 0000 0f87 | 4b01 0000 | c30f 1f80 | 0000 0000 

  0x000001e1ca2bc2a0: ;   {no_reloc}
  0x000001e1ca2bc2a0: e963 0100 | 0000 0000 | 0000 498b | 87b8 0100 | 0048 8d78 | 3049 3bbf | c801 0000 | 0f87 5001 
  0x000001e1ca2bc2c0: 0000 4989 | bfb8 0100 | 0048 c700 | 0100 0000 | 488b ca49 | ba00 0000 | dfe1 0100 | 0049 2bca 
  0x000001e1ca2bc2e0: 8948 0848 | 33c9 8948 | 0c48 33c9 | 4889 4810 | 4889 4818 | 4889 4820 | 4889 4828 

  0x000001e1ca2bc2fc: ;   {metadata(method data for {method} {0x000001e1df11c788} 'doIntersectionPrivilege' '(Ljava/security/PrivilegedAction;Ljava/security/AccessControlContext;Ljava/security/AccessControlContext;)Ljava/lang/Object;' in 'java/security/ProtectionDomain$JavaSecurityAccessImpl')}
  0x000001e1ca2bc2fc: 488b d048 | be28 dc68 | 20e2 0100 | 0048 8386 | 3001 0000 | 0148 8bd0 | 4889 8424 | 8000 0000 
  0x000001e1ca2bc31c: ;   {optimized virtual_call}
  0x000001e1ca2bc31c: 6666 90e8 

  0x000001e1ca2bc320: ; ImmutableOopMap {[128]=Oop }
                      ;*invokespecial <init> {reexecute=0 rethrow=0 return_oop=0}
                      ; - java.security.ProtectionDomain$JavaSecurityAccessImpl::doIntersectionPrivilege@8 (line 84)
  0x000001e1ca2bc320: 5c2b 3c07 

  0x000001e1ca2bc324: ;   {other}
  0x000001e1ca2bc324: 0f1f 8400 | 1406 0005 | 488b 8424 | 8000 0000 | e903 0100 

  0x000001e1ca2bc338: ;   {metadata({method} {0x000001e1df11c788} 'doIntersectionPrivilege' '(Ljava/security/PrivilegedAction;Ljava/security/AccessControlContext;Ljava/security/AccessControlContext;)Ljava/lang/Object;' in 'java/security/ProtectionDomain$JavaSecurityAccessImpl')}
  0x000001e1ca2bc338: 0049 ba80 | c711 dfe1 | 0100 004c | 8954 2408 | 48c7 0424 | ffff ffff 

  0x000001e1ca2bc350: ;   {runtime_call counter_overflow Runtime1 stub}
  0x000001e1ca2bc350: e82b a549 

  0x000001e1ca2bc354: ; ImmutableOopMap {rdx=Oop r8=Oop r9=Oop rdi=Oop }
                      ;*synchronization entry
                      ; - java.security.ProtectionDomain$JavaSecurityAccessImpl::doIntersectionPrivilege@-1 (line 83)
  0x000001e1ca2bc354: 07e9 4cfc 

  0x000001e1ca2bc358: ;   {metadata({method} {0x000001e1df478648} 'doPrivileged' '(Ljava/security/PrivilegedAction;Ljava/security/AccessControlContext;)Ljava/lang/Object;' in 'java/security/AccessController')}
  0x000001e1ca2bc358: ffff 49ba | 4086 47df | e101 0000 | 4c89 5424 | 0848 c704 | 24ff ffff 

  0x000001e1ca2bc370: ;   {runtime_call counter_overflow Runtime1 stub}
  0x000001e1ca2bc370: ffe8 0aa5 

  0x000001e1ca2bc374: ; ImmutableOopMap {rax=Oop [96]=Oop }
                      ;*synchronization entry
                      ; - java.security.AccessController::doPrivileged@-1 (line 398)
                      ; - java.security.ProtectionDomain$JavaSecurityAccessImpl::doIntersectionPrivilege@18 (line 87)
  0x000001e1ca2bc374: 4907 e9ca 

  0x000001e1ca2bc378: ;   {metadata({method} {0x000001e1df4788d0} 'executePrivileged' '(Ljava/security/PrivilegedAction;Ljava/security/AccessControlContext;Ljava/lang/Class;)Ljava/lang/Object;' in 'java/security/AccessController')}
  0x000001e1ca2bc378: fcff ff49 | bac8 8847 | dfe1 0100 | 004c 8954 | 2408 48c7 | 0424 ffff 

  0x000001e1ca2bc390: ;   {runtime_call counter_overflow Runtime1 stub}
  0x000001e1ca2bc390: ffff e8e9 

  0x000001e1ca2bc394: ; ImmutableOopMap {rax=Oop [96]=Oop [112]=Oop [120]=Oop }
                      ;*synchronization entry
                      ; - java.security.AccessController::executePrivileged@-1 (line 773)
                      ; - java.security.AccessController::doPrivileged@13 (line 400)
                      ; - java.security.ProtectionDomain$JavaSecurityAccessImpl::doIntersectionPrivilege@18 (line 87)
  0x000001e1ca2bc394: a449 07e9 | 3efd ffff 

  0x000001e1ca2bc39c: ;   {runtime_call throw_null_pointer_exception Runtime1 stub}
  0x000001e1ca2bc39c: e87f 3649 

  0x000001e1ca2bc3a0: ; ImmutableOopMap {r8=Oop [112]=Oop [120]=Oop }
                      ;*invokeinterface run {reexecute=0 rethrow=0 return_oop=0}
                      ; - java.security.AccessController::executePrivileged@29 (line 778)
                      ; - java.security.AccessController::doPrivileged@13 (line 400)
                      ; - java.security.ProtectionDomain$JavaSecurityAccessImpl::doIntersectionPrivilege@18 (line 87)
                      ;   {metadata({method} {0x000001e1df03d400} 'reachabilityFence' '(Ljava/lang/Object;)V' in 'java/lang/ref/Reference')}
  0x000001e1ca2bc3a0: 0749 baf8 | d303 dfe1 | 0100 004c | 8954 2408 | 48c7 0424 | ffff ffff 

  0x000001e1ca2bc3b8: ;   {runtime_call counter_overflow Runtime1 stub}
  0x000001e1ca2bc3b8: e8c3 a449 

  0x000001e1ca2bc3bc: ; ImmutableOopMap {rax=Oop rdx=Oop }
                      ;*synchronization entry
                      ; - java.lang.ref.Reference::reachabilityFence@-1 (line 628)
                      ; - java.security.AccessController::executePrivileged@56 (line 783)
                      ; - java.security.AccessController::doPrivileged@13 (line 400)
                      ; - java.security.ProtectionDomain$JavaSecurityAccessImpl::doIntersectionPrivilege@18 (line 87)
  0x000001e1ca2bc3bc: 07e9 88fe 

  0x000001e1ca2bc3c0: ;   {metadata({method} {0x000001e1df03d400} 'reachabilityFence' '(Ljava/lang/Object;)V' in 'java/lang/ref/Reference')}
  0x000001e1ca2bc3c0: ffff 49ba | f8d3 03df | e101 0000 | 4c89 5424 | 0848 c704 | 24ff ffff 

  0x000001e1ca2bc3d8: ;   {runtime_call counter_overflow Runtime1 stub}
  0x000001e1ca2bc3d8: ffe8 a2a4 

  0x000001e1ca2bc3dc: ; ImmutableOopMap {rax=Oop }
                      ;*synchronization entry
                      ; - java.lang.ref.Reference::reachabilityFence@-1 (line 628)
                      ; - java.security.AccessController::executePrivileged@60 (line 784)
                      ; - java.security.AccessController::doPrivileged@13 (line 400)
                      ; - java.security.ProtectionDomain$JavaSecurityAccessImpl::doIntersectionPrivilege@18 (line 87)
  0x000001e1ca2bc3dc: 4907 e9a0 

  0x000001e1ca2bc3e0: ;   {internal_word}
  0x000001e1ca2bc3e0: feff ff49 | ba8b c22b | cae1 0100 | 004d 8997 | 6804 0000 

  0x000001e1ca2bc3f4: ;   {runtime_call SafepointBlob}
  0x000001e1ca2bc3f4: e987 a73c 

  0x000001e1ca2bc3f8: ;   {metadata(nullptr)}
  0x000001e1ca2bc3f8: 0748 ba00 | 0000 0000 | 0000 00b8 | 000f 050a 

  0x000001e1ca2bc408: ;   {runtime_call load_klass_patching Runtime1 stub}
  0x000001e1ca2bc408: e8f3 8d49 

  0x000001e1ca2bc40c: ; ImmutableOopMap {}
                      ;*new {reexecute=1 rethrow=0 return_oop=0}
                      ; - (reexecute) java.security.ProtectionDomain$JavaSecurityAccessImpl::doIntersectionPrivilege@4 (line 84)
  0x000001e1ca2bc40c: 07e9 8efe | ffff 488b 

  0x000001e1ca2bc414: ;   {runtime_call fast_new_instance Runtime1 stub}
  0x000001e1ca2bc414: d2e8 e640 

  0x000001e1ca2bc418: ; ImmutableOopMap {}
                      ;*new {reexecute=0 rethrow=0 return_oop=0}
                      ; - java.security.ProtectionDomain$JavaSecurityAccessImpl::doIntersectionPrivilege@4 (line 84)
  0x000001e1ca2bc418: 4907 e9dd | feff ff49 | 8b87 0005 | 0000 49c7 | 8700 0500 | 0000 0000 | 0049 c787 | 0805 0000 
  0x000001e1ca2bc438: 0000 0000 | 4881 c490 | 0000 005d 

  0x000001e1ca2bc444: ;   {runtime_call unwind_exception Runtime1 stub}
  0x000001e1ca2bc444: e9b7 2649 | 07f4 f4f4 | f4f4 f4f4 
[Stub Code]
  0x000001e1ca2bc450: ;   {no_reloc}
  0x000001e1ca2bc450: 0f1f 4400 

  0x000001e1ca2bc454: ;   {static_stub}
  0x000001e1ca2bc454: 0048 bb00 | 0000 0000 

  0x000001e1ca2bc45c: ;   {runtime_call}
  0x000001e1ca2bc45c: 0000 00e9 | fbff ffff 

  0x000001e1ca2bc464: ;   {static_stub}
  0x000001e1ca2bc464: 48bb 0000 | 0000 0000 

  0x000001e1ca2bc46c: ;   {runtime_call}
  0x000001e1ca2bc46c: 0000 e9fb 

  0x000001e1ca2bc470: ;   {static_stub}
  0x000001e1ca2bc470: ffff ff48 | bb00 0000 | 0000 0000 

  0x000001e1ca2bc47c: ;   {runtime_call}
  0x000001e1ca2bc47c: 00e9 fbff 

  0x000001e1ca2bc480: ;   {static_stub}
  0x000001e1ca2bc480: ffff 48bb | 0000 0000 | 0000 0000 

  0x000001e1ca2bc48c: ;   {runtime_call}
  0x000001e1ca2bc48c: e9fb ffff 

  0x000001e1ca2bc490: ;   {static_stub}
  0x000001e1ca2bc490: ff48 bb00 | 0000 0000 

  0x000001e1ca2bc498: ;   {runtime_call}
  0x000001e1ca2bc498: 0000 00e9 | fbff ffff 

  0x000001e1ca2bc4a0: ;   {static_stub}
  0x000001e1ca2bc4a0: 48bb 0000 | 0000 0000 

  0x000001e1ca2bc4a8: ;   {runtime_call}
  0x000001e1ca2bc4a8: 0000 e9fb 

  0x000001e1ca2bc4ac: ;   {runtime_call handle_exception_from_callee Runtime1 stub}
  0x000001e1ca2bc4ac: ffff ffe8 | 4c5b 4907 

  0x000001e1ca2bc4b4: ;   {external_word}
  0x000001e1ca2bc4b4: 48b9 0048 | 85ad f87f | 0000 4883 

  0x000001e1ca2bc4c0: ;   {runtime_call}
  0x000001e1ca2bc4c0: e4f0 48b8 | 4024 4dad | f87f 0000 

  0x000001e1ca2bc4cc: ;   {section_word}
  0x000001e1ca2bc4cc: ffd0 f449 | bacf c42b | cae1 0100 

  0x000001e1ca2bc4d8: ;   {runtime_call DeoptimizationBlob}
  0x000001e1ca2bc4d8: 0041 52e9 | 40bb 3c07 
[/MachCode]


---------------  P R O C E S S  ---------------

Threads class SMR info:
_java_thread_list=0x000001e225bab060, length=15, elements={
0x000001e1decbe580, 0x000001e1decbffc0, 0x000001e1decc3810, 0x000001e1decc4360,
0x000001e1decccec0, 0x000001e1decd3010, 0x000001e1decda670, 0x000001e1decdcd30,
0x000001e1decd36a0, 0x000001e1decd0220, 0x000001e1decd08b0, 0x000001e1decd0f40,
0x000001e1decd15d0, 0x000001e1decd1c60, 0x000001e1decd2980
}

Java Threads: ( => current thread )
  0x000001e1decbe580 JavaThread "Reference Handler"          daemon [_thread_blocked, id=28024, stack(0x000000dd71e00000,0x000000dd71f00000) (1024K)]
  0x000001e1decbffc0 JavaThread "Finalizer"                  daemon [_thread_blocked, id=27044, stack(0x000000dd71f00000,0x000000dd72000000) (1024K)]
  0x000001e1decc3810 JavaThread "Signal Dispatcher"          daemon [_thread_blocked, id=8392, stack(0x000000dd72000000,0x000000dd72100000) (1024K)]
  0x000001e1decc4360 JavaThread "Attach Listener"            daemon [_thread_blocked, id=22708, stack(0x000000dd72100000,0x000000dd72200000) (1024K)]
  0x000001e1decccec0 JavaThread "Service Thread"             daemon [_thread_blocked, id=31556, stack(0x000000dd72200000,0x000000dd72300000) (1024K)]
  0x000001e1decd3010 JavaThread "Monitor Deflation Thread"   daemon [_thread_blocked, id=27000, stack(0x000000dd72300000,0x000000dd72400000) (1024K)]
  0x000001e1decda670 JavaThread "C2 CompilerThread0"         daemon [_thread_blocked, id=5716, stack(0x000000dd72400000,0x000000dd72500000) (1024K)]
  0x000001e1decdcd30 JavaThread "C1 CompilerThread0"         daemon [_thread_blocked, id=27740, stack(0x000000dd72500000,0x000000dd72600000) (1024K)]
  0x000001e1decd36a0 JavaThread "Notification Thread"        daemon [_thread_blocked, id=26224, stack(0x000000dd72600000,0x000000dd72700000) (1024K)]
  0x000001e1decd0220 JavaThread "Common-Cleaner"             daemon [_thread_blocked, id=25808, stack(0x000000dd72700000,0x000000dd72800000) (1024K)]
  0x000001e1decd08b0 JavaThread "Java2D Disposer"            daemon [_thread_blocked, id=3552, stack(0x000000dd72800000,0x000000dd72900000) (1024K)]
  0x000001e1decd0f40 JavaThread "AWT-Shutdown"                      [_thread_blocked, id=13600, stack(0x000000dd72900000,0x000000dd72a00000) (1024K)]
  0x000001e1decd15d0 JavaThread "AWT-Windows"                daemon [_thread_in_native, id=20488, stack(0x000000dd72a00000,0x000000dd72b00000) (1024K)]
=>0x000001e1decd1c60 JavaThread "AWT-EventQueue-0"                  [_thread_in_native, id=29136, stack(0x000000dd72b00000,0x000000dd72c00000) (1024K)]
  0x000001e1decd2980 JavaThread "DestroyJavaVM"                     [_thread_blocked, id=6568, stack(0x000000dd71600000,0x000000dd71700000) (1024K)]
Total: 15

Other Threads:
  0x000001e1deca04c0 VMThread "VM Thread"                           [id=33452, stack(0x000000dd71d00000,0x000000dd71e00000) (1024K)]
  0x000001e1dec88cf0 WatcherThread "VM Periodic Task Thread"        [id=14160, stack(0x000000dd71c00000,0x000000dd71d00000) (1024K)]
  0x000001e1c04adc00 WorkerThread "GC Thread#0"                     [id=12944, stack(0x000000dd71700000,0x000000dd71800000) (1024K)]
  0x000001e1c04bf540 ConcurrentGCThread "G1 Main Marker"            [id=14180, stack(0x000000dd71800000,0x000000dd71900000) (1024K)]
  0x000001e1c04c0040 WorkerThread "G1 Conc#0"                       [id=23236, stack(0x000000dd71900000,0x000000dd71a00000) (1024K)]
  0x000001e1c052e6d0 ConcurrentGCThread "G1 Refine#0"               [id=23396, stack(0x000000dd71a00000,0x000000dd71b00000) (1024K)]
  0x000001e1deb5c460 ConcurrentGCThread "G1 Service"                [id=17072, stack(0x000000dd71b00000,0x000000dd71c00000) (1024K)]
Total: 7

Threads with active compile tasks:
Total: 0

VM state: not at safepoint (normal execution)

VM Mutex/Monitor currently owned by a thread: None

Heap address: 0x0000000084400000, size: 1980 MB, Compressed Oops mode: 32-bit

CDS archive(s) mapped at: [0x000001e1df000000-0x000001e1dfc90000-0x000001e1dfc90000), size 13172736, SharedBaseAddress: 0x000001e1df000000, ArchiveRelocationMode: 1.
Compressed class space mapped at: 0x000001e1e0000000-0x000001e220000000, reserved size: 1073741824
Narrow klass base: 0x000001e1df000000, Narrow klass shift: 0, Narrow klass range: 0x100000000

GC Precious Log:
 CardTable entry size: 512
 Card Set container configuration: InlinePtr #cards 5 size 8 Array Of Cards #cards 12 size 40 Howl #buckets 4 coarsen threshold 1843 Howl Bitmap #cards 512 size 80 coarsen threshold 460 Card regions per heap region 1 cards per card region 2048
 CPUs: 8 total, 8 available
 Memory: 7914M
 Large Page Support: Disabled
 NUMA Support: Disabled
 Compressed Oops: Enabled (32-bit)
 Heap Region Size: 1M
 Heap Min Capacity: 8M
 Heap Initial Capacity: 124M
 Heap Max Capacity: 1980M
 Pre-touch: Disabled
 Parallel Workers: 8
 Concurrent Workers: 2
 Concurrent Refinement Workers: 8
 Periodic GC: Disabled

Heap:
 garbage-first heap   total 126976K, used 21504K [0x0000000084400000, 0x0000000100000000)
  region size 1024K, 18 young (18432K), 0 survivors (0K)
 Metaspace       used 7475K, committed 7680K, reserved 1114112K
  class space    used 780K, committed 896K, reserved 1048576K

Heap Regions: E=young(eden), S=young(survivor), O=old, HS=humongous(starts), HC=humongous(continues), CS=collection set, F=free, TAMS=top-at-mark-start, PB=parsable bottom
|   0|0x0000000084400000, 0x0000000084500000, 0x0000000084500000|100%|HS|  |TAMS 0x0000000084400000| PB 0x0000000084400000| Complete 
|   1|0x0000000084500000, 0x0000000084600000, 0x0000000084600000|100%|HC|  |TAMS 0x0000000084500000| PB 0x0000000084500000| Complete 
|   2|0x0000000084600000, 0x0000000084700000, 0x0000000084700000|100%|HC|  |TAMS 0x0000000084600000| PB 0x0000000084600000| Complete 
|   3|0x0000000084700000, 0x0000000084800000, 0x0000000084800000|100%|HC|  |TAMS 0x0000000084700000| PB 0x0000000084700000| Complete 
|   4|0x0000000084800000, 0x0000000084900000, 0x0000000084900000|100%|HC|  |TAMS 0x0000000084800000| PB 0x0000000084800000| Complete 
|   5|0x0000000084900000, 0x0000000084900000, 0x0000000084a00000|  0%| F|  |TAMS 0x0000000084900000| PB 0x0000000084900000| Untracked 
|   6|0x0000000084a00000, 0x0000000084a00000, 0x0000000084b00000|  0%| F|  |TAMS 0x0000000084a00000| PB 0x0000000084a00000| Untracked 
|   7|0x0000000084b00000, 0x0000000084b00000, 0x0000000084c00000|  0%| F|  |TAMS 0x0000000084b00000| PB 0x0000000084b00000| Untracked 
|   8|0x0000000084c00000, 0x0000000084c00000, 0x0000000084d00000|  0%| F|  |TAMS 0x0000000084c00000| PB 0x0000000084c00000| Untracked 
|   9|0x0000000084d00000, 0x0000000084d00000, 0x0000000084e00000|  0%| F|  |TAMS 0x0000000084d00000| PB 0x0000000084d00000| Untracked 
|  10|0x0000000084e00000, 0x0000000084e00000, 0x0000000084f00000|  0%| F|  |TAMS 0x0000000084e00000| PB 0x0000000084e00000| Untracked 
|  11|0x0000000084f00000, 0x0000000084f00000, 0x0000000085000000|  0%| F|  |TAMS 0x0000000084f00000| PB 0x0000000084f00000| Untracked 
|  12|0x0000000085000000, 0x0000000085000000, 0x0000000085100000|  0%| F|  |TAMS 0x0000000085000000| PB 0x0000000085000000| Untracked 
|  13|0x0000000085100000, 0x0000000085100000, 0x0000000085200000|  0%| F|  |TAMS 0x0000000085100000| PB 0x0000000085100000| Untracked 
|  14|0x0000000085200000, 0x0000000085200000, 0x0000000085300000|  0%| F|  |TAMS 0x0000000085200000| PB 0x0000000085200000| Untracked 
|  15|0x0000000085300000, 0x0000000085300000, 0x0000000085400000|  0%| F|  |TAMS 0x0000000085300000| PB 0x0000000085300000| Untracked 
|  16|0x0000000085400000, 0x0000000085400000, 0x0000000085500000|  0%| F|  |TAMS 0x0000000085400000| PB 0x0000000085400000| Untracked 
|  17|0x0000000085500000, 0x0000000085500000, 0x0000000085600000|  0%| F|  |TAMS 0x0000000085500000| PB 0x0000000085500000| Untracked 
|  18|0x0000000085600000, 0x0000000085600000, 0x0000000085700000|  0%| F|  |TAMS 0x0000000085600000| PB 0x0000000085600000| Untracked 
|  19|0x0000000085700000, 0x0000000085700000, 0x0000000085800000|  0%| F|  |TAMS 0x0000000085700000| PB 0x0000000085700000| Untracked 
|  20|0x0000000085800000, 0x0000000085800000, 0x0000000085900000|  0%| F|  |TAMS 0x0000000085800000| PB 0x0000000085800000| Untracked 
|  21|0x0000000085900000, 0x0000000085900000, 0x0000000085a00000|  0%| F|  |TAMS 0x0000000085900000| PB 0x0000000085900000| Untracked 
|  22|0x0000000085a00000, 0x0000000085a00000, 0x0000000085b00000|  0%| F|  |TAMS 0x0000000085a00000| PB 0x0000000085a00000| Untracked 
|  23|0x0000000085b00000, 0x0000000085b00000, 0x0000000085c00000|  0%| F|  |TAMS 0x0000000085b00000| PB 0x0000000085b00000| Untracked 
|  24|0x0000000085c00000, 0x0000000085c00000, 0x0000000085d00000|  0%| F|  |TAMS 0x0000000085c00000| PB 0x0000000085c00000| Untracked 
|  25|0x0000000085d00000, 0x0000000085d00000, 0x0000000085e00000|  0%| F|  |TAMS 0x0000000085d00000| PB 0x0000000085d00000| Untracked 
|  26|0x0000000085e00000, 0x0000000085e00000, 0x0000000085f00000|  0%| F|  |TAMS 0x0000000085e00000| PB 0x0000000085e00000| Untracked 
|  27|0x0000000085f00000, 0x0000000085f00000, 0x0000000086000000|  0%| F|  |TAMS 0x0000000085f00000| PB 0x0000000085f00000| Untracked 
|  28|0x0000000086000000, 0x0000000086000000, 0x0000000086100000|  0%| F|  |TAMS 0x0000000086000000| PB 0x0000000086000000| Untracked 
|  29|0x0000000086100000, 0x0000000086100000, 0x0000000086200000|  0%| F|  |TAMS 0x0000000086100000| PB 0x0000000086100000| Untracked 
|  30|0x0000000086200000, 0x0000000086200000, 0x0000000086300000|  0%| F|  |TAMS 0x0000000086200000| PB 0x0000000086200000| Untracked 
|  31|0x0000000086300000, 0x0000000086300000, 0x0000000086400000|  0%| F|  |TAMS 0x0000000086300000| PB 0x0000000086300000| Untracked 
|  32|0x0000000086400000, 0x0000000086400000, 0x0000000086500000|  0%| F|  |TAMS 0x0000000086400000| PB 0x0000000086400000| Untracked 
|  33|0x0000000086500000, 0x0000000086500000, 0x0000000086600000|  0%| F|  |TAMS 0x0000000086500000| PB 0x0000000086500000| Untracked 
|  34|0x0000000086600000, 0x0000000086600000, 0x0000000086700000|  0%| F|  |TAMS 0x0000000086600000| PB 0x0000000086600000| Untracked 
|  35|0x0000000086700000, 0x0000000086700000, 0x0000000086800000|  0%| F|  |TAMS 0x0000000086700000| PB 0x0000000086700000| Untracked 
|  36|0x0000000086800000, 0x0000000086800000, 0x0000000086900000|  0%| F|  |TAMS 0x0000000086800000| PB 0x0000000086800000| Untracked 
|  37|0x0000000086900000, 0x0000000086900000, 0x0000000086a00000|  0%| F|  |TAMS 0x0000000086900000| PB 0x0000000086900000| Untracked 
|  38|0x0000000086a00000, 0x0000000086a00000, 0x0000000086b00000|  0%| F|  |TAMS 0x0000000086a00000| PB 0x0000000086a00000| Untracked 
|  39|0x0000000086b00000, 0x0000000086b00000, 0x0000000086c00000|  0%| F|  |TAMS 0x0000000086b00000| PB 0x0000000086b00000| Untracked 
|  40|0x0000000086c00000, 0x0000000086c00000, 0x0000000086d00000|  0%| F|  |TAMS 0x0000000086c00000| PB 0x0000000086c00000| Untracked 
|  41|0x0000000086d00000, 0x0000000086d00000, 0x0000000086e00000|  0%| F|  |TAMS 0x0000000086d00000| PB 0x0000000086d00000| Untracked 
|  42|0x0000000086e00000, 0x0000000086e00000, 0x0000000086f00000|  0%| F|  |TAMS 0x0000000086e00000| PB 0x0000000086e00000| Untracked 
|  43|0x0000000086f00000, 0x0000000086f00000, 0x0000000087000000|  0%| F|  |TAMS 0x0000000086f00000| PB 0x0000000086f00000| Untracked 
|  44|0x0000000087000000, 0x0000000087000000, 0x0000000087100000|  0%| F|  |TAMS 0x0000000087000000| PB 0x0000000087000000| Untracked 
|  45|0x0000000087100000, 0x0000000087100000, 0x0000000087200000|  0%| F|  |TAMS 0x0000000087100000| PB 0x0000000087100000| Untracked 
|  46|0x0000000087200000, 0x0000000087200000, 0x0000000087300000|  0%| F|  |TAMS 0x0000000087200000| PB 0x0000000087200000| Untracked 
|  47|0x0000000087300000, 0x0000000087300000, 0x0000000087400000|  0%| F|  |TAMS 0x0000000087300000| PB 0x0000000087300000| Untracked 
|  48|0x0000000087400000, 0x0000000087400000, 0x0000000087500000|  0%| F|  |TAMS 0x0000000087400000| PB 0x0000000087400000| Untracked 
|  49|0x0000000087500000, 0x0000000087500000, 0x0000000087600000|  0%| F|  |TAMS 0x0000000087500000| PB 0x0000000087500000| Untracked 
|  50|0x0000000087600000, 0x0000000087600000, 0x0000000087700000|  0%| F|  |TAMS 0x0000000087600000| PB 0x0000000087600000| Untracked 
|  51|0x0000000087700000, 0x0000000087700000, 0x0000000087800000|  0%| F|  |TAMS 0x0000000087700000| PB 0x0000000087700000| Untracked 
|  52|0x0000000087800000, 0x0000000087800000, 0x0000000087900000|  0%| F|  |TAMS 0x0000000087800000| PB 0x0000000087800000| Untracked 
|  53|0x0000000087900000, 0x0000000087900000, 0x0000000087a00000|  0%| F|  |TAMS 0x0000000087900000| PB 0x0000000087900000| Untracked 
|  54|0x0000000087a00000, 0x0000000087a00000, 0x0000000087b00000|  0%| F|  |TAMS 0x0000000087a00000| PB 0x0000000087a00000| Untracked 
|  55|0x0000000087b00000, 0x0000000087b00000, 0x0000000087c00000|  0%| F|  |TAMS 0x0000000087b00000| PB 0x0000000087b00000| Untracked 
|  56|0x0000000087c00000, 0x0000000087c00000, 0x0000000087d00000|  0%| F|  |TAMS 0x0000000087c00000| PB 0x0000000087c00000| Untracked 
|  57|0x0000000087d00000, 0x0000000087d00000, 0x0000000087e00000|  0%| F|  |TAMS 0x0000000087d00000| PB 0x0000000087d00000| Untracked 
|  58|0x0000000087e00000, 0x0000000087e00000, 0x0000000087f00000|  0%| F|  |TAMS 0x0000000087e00000| PB 0x0000000087e00000| Untracked 
|  59|0x0000000087f00000, 0x0000000087f00000, 0x0000000088000000|  0%| F|  |TAMS 0x0000000087f00000| PB 0x0000000087f00000| Untracked 
|  60|0x0000000088000000, 0x0000000088000000, 0x0000000088100000|  0%| F|  |TAMS 0x0000000088000000| PB 0x0000000088000000| Untracked 
|  61|0x0000000088100000, 0x0000000088100000, 0x0000000088200000|  0%| F|  |TAMS 0x0000000088100000| PB 0x0000000088100000| Untracked 
|  62|0x0000000088200000, 0x0000000088200000, 0x0000000088300000|  0%| F|  |TAMS 0x0000000088200000| PB 0x0000000088200000| Untracked 
|  63|0x0000000088300000, 0x0000000088300000, 0x0000000088400000|  0%| F|  |TAMS 0x0000000088300000| PB 0x0000000088300000| Untracked 
|  64|0x0000000088400000, 0x0000000088400000, 0x0000000088500000|  0%| F|  |TAMS 0x0000000088400000| PB 0x0000000088400000| Untracked 
|  65|0x0000000088500000, 0x0000000088500000, 0x0000000088600000|  0%| F|  |TAMS 0x0000000088500000| PB 0x0000000088500000| Untracked 
|  66|0x0000000088600000, 0x0000000088600000, 0x0000000088700000|  0%| F|  |TAMS 0x0000000088600000| PB 0x0000000088600000| Untracked 
|  67|0x0000000088700000, 0x0000000088700000, 0x0000000088800000|  0%| F|  |TAMS 0x0000000088700000| PB 0x0000000088700000| Untracked 
|  68|0x0000000088800000, 0x0000000088800000, 0x0000000088900000|  0%| F|  |TAMS 0x0000000088800000| PB 0x0000000088800000| Untracked 
|  69|0x0000000088900000, 0x0000000088900000, 0x0000000088a00000|  0%| F|  |TAMS 0x0000000088900000| PB 0x0000000088900000| Untracked 
|  70|0x0000000088a00000, 0x0000000088a00000, 0x0000000088b00000|  0%| F|  |TAMS 0x0000000088a00000| PB 0x0000000088a00000| Untracked 
|  71|0x0000000088b00000, 0x0000000088b00000, 0x0000000088c00000|  0%| F|  |TAMS 0x0000000088b00000| PB 0x0000000088b00000| Untracked 
|  72|0x0000000088c00000, 0x0000000088c00000, 0x0000000088d00000|  0%| F|  |TAMS 0x0000000088c00000| PB 0x0000000088c00000| Untracked 
|  73|0x0000000088d00000, 0x0000000088d00000, 0x0000000088e00000|  0%| F|  |TAMS 0x0000000088d00000| PB 0x0000000088d00000| Untracked 
|  74|0x0000000088e00000, 0x0000000088e00000, 0x0000000088f00000|  0%| F|  |TAMS 0x0000000088e00000| PB 0x0000000088e00000| Untracked 
|  75|0x0000000088f00000, 0x0000000088f00000, 0x0000000089000000|  0%| F|  |TAMS 0x0000000088f00000| PB 0x0000000088f00000| Untracked 
|  76|0x0000000089000000, 0x0000000089000000, 0x0000000089100000|  0%| F|  |TAMS 0x0000000089000000| PB 0x0000000089000000| Untracked 
|  77|0x0000000089100000, 0x0000000089100000, 0x0000000089200000|  0%| F|  |TAMS 0x0000000089100000| PB 0x0000000089100000| Untracked 
|  78|0x0000000089200000, 0x0000000089200000, 0x0000000089300000|  0%| F|  |TAMS 0x0000000089200000| PB 0x0000000089200000| Untracked 
|  79|0x0000000089300000, 0x0000000089300000, 0x0000000089400000|  0%| F|  |TAMS 0x0000000089300000| PB 0x0000000089300000| Untracked 
|  80|0x0000000089400000, 0x0000000089400000, 0x0000000089500000|  0%| F|  |TAMS 0x0000000089400000| PB 0x0000000089400000| Untracked 
|  81|0x0000000089500000, 0x0000000089500000, 0x0000000089600000|  0%| F|  |TAMS 0x0000000089500000| PB 0x0000000089500000| Untracked 
|  82|0x0000000089600000, 0x0000000089600000, 0x0000000089700000|  0%| F|  |TAMS 0x0000000089600000| PB 0x0000000089600000| Untracked 
|  83|0x0000000089700000, 0x0000000089700000, 0x0000000089800000|  0%| F|  |TAMS 0x0000000089700000| PB 0x0000000089700000| Untracked 
|  84|0x0000000089800000, 0x0000000089800000, 0x0000000089900000|  0%| F|  |TAMS 0x0000000089800000| PB 0x0000000089800000| Untracked 
|  85|0x0000000089900000, 0x0000000089900000, 0x0000000089a00000|  0%| F|  |TAMS 0x0000000089900000| PB 0x0000000089900000| Untracked 
|  86|0x0000000089a00000, 0x0000000089a00000, 0x0000000089b00000|  0%| F|  |TAMS 0x0000000089a00000| PB 0x0000000089a00000| Untracked 
|  87|0x0000000089b00000, 0x0000000089b00000, 0x0000000089c00000|  0%| F|  |TAMS 0x0000000089b00000| PB 0x0000000089b00000| Untracked 
|  88|0x0000000089c00000, 0x0000000089c00000, 0x0000000089d00000|  0%| F|  |TAMS 0x0000000089c00000| PB 0x0000000089c00000| Untracked 
|  89|0x0000000089d00000, 0x0000000089d00000, 0x0000000089e00000|  0%| F|  |TAMS 0x0000000089d00000| PB 0x0000000089d00000| Untracked 
|  90|0x0000000089e00000, 0x0000000089e00000, 0x0000000089f00000|  0%| F|  |TAMS 0x0000000089e00000| PB 0x0000000089e00000| Untracked 
|  91|0x0000000089f00000, 0x0000000089f00000, 0x000000008a000000|  0%| F|  |TAMS 0x0000000089f00000| PB 0x0000000089f00000| Untracked 
|  92|0x000000008a000000, 0x000000008a000000, 0x000000008a100000|  0%| F|  |TAMS 0x000000008a000000| PB 0x000000008a000000| Untracked 
|  93|0x000000008a100000, 0x000000008a100000, 0x000000008a200000|  0%| F|  |TAMS 0x000000008a100000| PB 0x000000008a100000| Untracked 
|  94|0x000000008a200000, 0x000000008a200000, 0x000000008a300000|  0%| F|  |TAMS 0x000000008a200000| PB 0x000000008a200000| Untracked 
|  95|0x000000008a300000, 0x000000008a300000, 0x000000008a400000|  0%| F|  |TAMS 0x000000008a300000| PB 0x000000008a300000| Untracked 
|  96|0x000000008a400000, 0x000000008a400000, 0x000000008a500000|  0%| F|  |TAMS 0x000000008a400000| PB 0x000000008a400000| Untracked 
|  97|0x000000008a500000, 0x000000008a500000, 0x000000008a600000|  0%| F|  |TAMS 0x000000008a500000| PB 0x000000008a500000| Untracked 
|  98|0x000000008a600000, 0x000000008a600000, 0x000000008a700000|  0%| F|  |TAMS 0x000000008a600000| PB 0x000000008a600000| Untracked 
|  99|0x000000008a700000, 0x000000008a700000, 0x000000008a800000|  0%| F|  |TAMS 0x000000008a700000| PB 0x000000008a700000| Untracked 
| 100|0x000000008a800000, 0x000000008a800000, 0x000000008a900000|  0%| F|  |TAMS 0x000000008a800000| PB 0x000000008a800000| Untracked 
| 101|0x000000008a900000, 0x000000008a900000, 0x000000008aa00000|  0%| F|  |TAMS 0x000000008a900000| PB 0x000000008a900000| Untracked 
| 102|0x000000008aa00000, 0x000000008aa00000, 0x000000008ab00000|  0%| F|  |TAMS 0x000000008aa00000| PB 0x000000008aa00000| Untracked 
| 103|0x000000008ab00000, 0x000000008ab00000, 0x000000008ac00000|  0%| F|  |TAMS 0x000000008ab00000| PB 0x000000008ab00000| Untracked 
| 104|0x000000008ac00000, 0x000000008ac00000, 0x000000008ad00000|  0%| F|  |TAMS 0x000000008ac00000| PB 0x000000008ac00000| Untracked 
| 105|0x000000008ad00000, 0x000000008ad00000, 0x000000008ae00000|  0%| F|  |TAMS 0x000000008ad00000| PB 0x000000008ad00000| Untracked 
| 106|0x000000008ae00000, 0x000000008aeac478, 0x000000008af00000| 67%| E|  |TAMS 0x000000008ae00000| PB 0x000000008ae00000| Complete 
| 107|0x000000008af00000, 0x000000008b000000, 0x000000008b000000|100%| E|  |TAMS 0x000000008af00000| PB 0x000000008af00000| Complete 
| 108|0x000000008b000000, 0x000000008b100000, 0x000000008b100000|100%| E|CS|TAMS 0x000000008b000000| PB 0x000000008b000000| Complete 
| 109|0x000000008b100000, 0x000000008b200000, 0x000000008b200000|100%| E|CS|TAMS 0x000000008b100000| PB 0x000000008b100000| Complete 
| 110|0x000000008b200000, 0x000000008b300000, 0x000000008b300000|100%| E|CS|TAMS 0x000000008b200000| PB 0x000000008b200000| Complete 
| 111|0x000000008b300000, 0x000000008b400000, 0x000000008b400000|100%| E|CS|TAMS 0x000000008b300000| PB 0x000000008b300000| Complete 
| 112|0x000000008b400000, 0x000000008b500000, 0x000000008b500000|100%| E|CS|TAMS 0x000000008b400000| PB 0x000000008b400000| Complete 
| 113|0x000000008b500000, 0x000000008b600000, 0x000000008b600000|100%| E|CS|TAMS 0x000000008b500000| PB 0x000000008b500000| Complete 
| 114|0x000000008b600000, 0x000000008b700000, 0x000000008b700000|100%| E|CS|TAMS 0x000000008b600000| PB 0x000000008b600000| Complete 
| 115|0x000000008b700000, 0x000000008b800000, 0x000000008b800000|100%| E|CS|TAMS 0x000000008b700000| PB 0x000000008b700000| Complete 
| 116|0x000000008b800000, 0x000000008b900000, 0x000000008b900000|100%| E|CS|TAMS 0x000000008b800000| PB 0x000000008b800000| Complete 
| 117|0x000000008b900000, 0x000000008ba00000, 0x000000008ba00000|100%| E|CS|TAMS 0x000000008b900000| PB 0x000000008b900000| Complete 
| 118|0x000000008ba00000, 0x000000008bb00000, 0x000000008bb00000|100%| E|CS|TAMS 0x000000008ba00000| PB 0x000000008ba00000| Complete 
| 119|0x000000008bb00000, 0x000000008bc00000, 0x000000008bc00000|100%| E|CS|TAMS 0x000000008bb00000| PB 0x000000008bb00000| Complete 
| 120|0x000000008bc00000, 0x000000008bd00000, 0x000000008bd00000|100%| E|CS|TAMS 0x000000008bc00000| PB 0x000000008bc00000| Complete 
| 121|0x000000008bd00000, 0x000000008be00000, 0x000000008be00000|100%| E|CS|TAMS 0x000000008bd00000| PB 0x000000008bd00000| Complete 
| 122|0x000000008be00000, 0x000000008bf00000, 0x000000008bf00000|100%| E|CS|TAMS 0x000000008be00000| PB 0x000000008be00000| Complete 
| 123|0x000000008bf00000, 0x000000008c000000, 0x000000008c000000|100%| E|CS|TAMS 0x000000008bf00000| PB 0x000000008bf00000| Complete 

Card table byte_map: [0x000001e1d9f40000,0x000001e1da320000] _byte_map_base: 0x000001e1d9b1e000

Marking Bits: (CMBitMap*) 0x000001e1c04ae300
 Bits: [0x000001e1da320000, 0x000001e1dc210000)

Polling page: 0x000001e1c0530000

Metaspace:

Usage:
  Non-class:      6.54 MB used.
      Class:    780.91 KB used.
       Both:      7.30 MB used.

Virtual space:
  Non-class space:       64.00 MB reserved,       6.62 MB ( 10%) committed,  1 nodes.
      Class space:        1.00 GB reserved,     896.00 KB ( <1%) committed,  1 nodes.
             Both:        1.06 GB reserved,       7.50 MB ( <1%) committed. 

Chunk freelists:
   Non-Class:  9.00 MB
       Class:  15.11 MB
        Both:  24.11 MB

MaxMetaspaceSize: unlimited
CompressedClassSpaceSize: 1.00 GB
Initial GC threshold: 21.00 MB
Current GC threshold: 21.00 MB
CDS: on
 - commit_granule_bytes: 65536.
 - commit_granule_words: 8192.
 - virtual_space_node_default_size: 8388608.
 - enlarge_chunks_in_place: 1.
 - use_allocation_guard: 0.


Internal statistics:

num_allocs_failed_limit: 0.
num_arena_births: 140.
num_arena_deaths: 0.
num_vsnodes_births: 2.
num_vsnodes_deaths: 0.
num_space_committed: 120.
num_space_uncommitted: 0.
num_chunks_returned_to_freelist: 0.
num_chunks_taken_from_freelist: 179.
num_chunk_merges: 0.
num_chunk_splits: 105.
num_chunks_enlarged: 39.
num_inconsistent_stats: 0.

CodeHeap 'non-profiled nmethods': size=120000Kb used=407Kb max_used=407Kb free=119592Kb
 bounds [0x000001e1d1bd0000, 0x000001e1d1e40000, 0x000001e1d9100000]
CodeHeap 'profiled nmethods': size=120000Kb used=1827Kb max_used=1827Kb free=118172Kb
 bounds [0x000001e1ca100000, 0x000001e1ca370000, 0x000001e1d1630000]
CodeHeap 'non-nmethods': size=5760Kb used=1725Kb max_used=1771Kb free=4034Kb
 bounds [0x000001e1d1630000, 0x000001e1d18a0000, 0x000001e1d1bd0000]
 total_blobs=1775 nmethods=1158 adapters=522
 compilation: enabled
              stopped_count=0, restarted_count=0
 full_count=0

Compilation events (20 events):
Event: 9861.522 Thread 0x000001e1decdcd30 1148       3       java.util.concurrent.locks.LockSupport::setBlocker (12 bytes)
Event: 9861.539 Thread 0x000001e1decdcd30 nmethod 1148 0x000001e1ca2c3210 code [0x000001e1ca2c33c0, 0x000001e1ca2c35c0]
Event: 9861.539 Thread 0x000001e1decdcd30 1149       3       java.util.concurrent.locks.AbstractQueuedSynchronizer$Node::getAndUnsetStatus (14 bytes)
Event: 9861.549 Thread 0x000001e1decdcd30 nmethod 1149 0x000001e1ca2c3690 code [0x000001e1ca2c3860, 0x000001e1ca2c3b48]
Event: 10101.551 Thread 0x000001e1decdcd30 1150       3       java.lang.ref.ReferenceQueue::poll0 (65 bytes)
Event: 10101.570 Thread 0x000001e1decdcd30 nmethod 1150 0x000001e1ca2c3c90 code [0x000001e1ca2c3e60, 0x000001e1ca2c4378]
Event: 12321.818 Thread 0x000001e1decdcd30 1151       3       java.util.concurrent.locks.ReentrantLock$NonfairSync::tryAcquire (27 bytes)
Event: 12321.839 Thread 0x000001e1decdcd30 nmethod 1151 0x000001e1ca2c4490 code [0x000001e1ca2c4660, 0x000001e1ca2c48e8]
Event: 12441.835 Thread 0x000001e1decdcd30 1152       3       java.util.concurrent.locks.AbstractQueuedSynchronizer$Node::<init> (5 bytes)
Event: 12441.837 Thread 0x000001e1decdcd30 nmethod 1152 0x000001e1ca2c4990 code [0x000001e1ca2c4b40, 0x000001e1ca2c4ca8]
Event: 12681.868 Thread 0x000001e1decdcd30 1154   !   3       java.util.concurrent.locks.AbstractQueuedSynchronizer::acquire (424 bytes)
Event: 12681.892 Thread 0x000001e1decdcd30 nmethod 1154 0x000001e1ca2c4d90 code [0x000001e1ca2c5140, 0x000001e1ca2c6a58]
Event: 12681.892 Thread 0x000001e1decdcd30 1155   !   3       java.util.concurrent.locks.AbstractQueuedSynchronizer$ConditionObject::newConditionNode (78 bytes)
Event: 12681.901 Thread 0x000001e1decdcd30 nmethod 1155 0x000001e1ca2c7290 code [0x000001e1ca2c7500, 0x000001e1ca2c7cf8]
Event: 12681.901 Thread 0x000001e1decdcd30 1156   !   3       java.util.concurrent.locks.AbstractQueuedSynchronizer::tryInitializeHead (66 bytes)
Event: 12681.903 Thread 0x000001e1decdcd30 nmethod 1156 0x000001e1ca2c7f90 code [0x000001e1ca2c8180, 0x000001e1ca2c8738]
Event: 12861.894 Thread 0x000001e1decdcd30 1157       3       jdk.internal.misc.Unsafe::putIntOpaque (9 bytes)
Event: 12861.897 Thread 0x000001e1decdcd30 nmethod 1157 0x000001e1ca2c8910 code [0x000001e1ca2c8aa0, 0x000001e1ca2c8bb8]
Event: 13161.927 Thread 0x000001e1decda670 1159       4       java.util.concurrent.locks.AbstractQueuedSynchronizer::compareAndSetState (13 bytes)
Event: 13161.937 Thread 0x000001e1decda670 nmethod 1159 0x000001e1d1c35c90 code [0x000001e1d1c35e20, 0x000001e1d1c35ec0]

GC Heap History (0 events):
No events

Dll operation events (9 events):
Event: 0.006 Loaded shared library C:\Program Files\Java\jdk-21\bin\java.dll
Event: 0.036 Loaded shared library C:\Program Files\Java\jdk-21\bin\jsvml.dll
Event: 0.069 Loaded shared library C:\Program Files\Java\jdk-21\bin\jimage.dll
Event: 0.073 Loaded shared library C:\Program Files\Java\jdk-21\bin\net.dll
Event: 0.075 Loaded shared library C:\Program Files\Java\jdk-21\bin\nio.dll
Event: 0.081 Loaded shared library C:\Program Files\Java\jdk-21\bin\zip.dll
Event: 0.094 Loaded shared library C:\Program Files\Java\jdk-21\bin\awt.dll
Event: 0.220 Loaded shared library C:\Program Files\Java\jdk-21\bin\freetype.dll
Event: 0.221 Loaded shared library C:\Program Files\Java\jdk-21\bin\fontmanager.dll

Deoptimization events (20 events):
Event: 0.451 Thread 0x000001e1decd1c60 Uncommon trap: trap_request=0xffffff45 fr.pc=0x000001e1d1bd8ad4 relative=0x00000000000000b4
Event: 0.451 Thread 0x000001e1decd1c60 Uncommon trap: reason=unstable_if action=reinterpret pc=0x000001e1d1bd8ad4 method=java.lang.String.hashCode()I @ 20 c2
Event: 0.451 Thread 0x000001e1decd1c60 DEOPT PACKING pc=0x000001e1d1bd8ad4 sp=0x000000dd72bfcdc0
Event: 0.452 Thread 0x000001e1decd1c60 DEOPT UNPACKING pc=0x000001e1d1687da2 sp=0x000000dd72bfcd50 mode 2
Event: 0.452 Thread 0x000001e1decd1c60 Uncommon trap: trap_request=0xffffff45 fr.pc=0x000001e1d1bf0c30 relative=0x0000000000000190
Event: 0.452 Thread 0x000001e1decd1c60 Uncommon trap: reason=unstable_if action=reinterpret pc=0x000001e1d1bf0c30 method=jdk.internal.util.ArraysSupport.vectorizedHashCode(Ljava/lang/Object;IIII)I @ 2 c2
Event: 0.452 Thread 0x000001e1decd1c60 DEOPT PACKING pc=0x000001e1d1bf0c30 sp=0x000000dd72bfccc0
Event: 0.452 Thread 0x000001e1decd1c60 DEOPT UNPACKING pc=0x000001e1d1687da2 sp=0x000000dd72bfcc70 mode 2
Event: 0.497 Thread 0x000001e1decd1c60 Uncommon trap: trap_request=0xffffff45 fr.pc=0x000001e1d1c0e9ec relative=0x000000000000012c
Event: 0.497 Thread 0x000001e1decd1c60 Uncommon trap: reason=unstable_if action=reinterpret pc=0x000001e1d1c0e9ec method=java.lang.ThreadLocal$ThreadLocalMap.getEntry(Ljava/lang/ThreadLocal;)Ljava/lang/ThreadLocal$ThreadLocalMap$Entry; @ 21 c2
Event: 0.497 Thread 0x000001e1decd1c60 DEOPT PACKING pc=0x000001e1d1c0e9ec sp=0x000000dd72bfd270
Event: 0.497 Thread 0x000001e1decd1c60 DEOPT UNPACKING pc=0x000001e1d1687da2 sp=0x000000dd72bfd190 mode 2
Event: 5833.361 Thread 0x000001e1decd15d0 Uncommon trap: trap_request=0xffffffbe fr.pc=0x000001e1d1c21748 relative=0x0000000000000288
Event: 5833.588 Thread 0x000001e1decd15d0 Uncommon trap: reason=profile_predicate action=maybe_recompile pc=0x000001e1d1c21748 method=java.util.HashMap.keysToArray([Ljava/lang/Object;)[Ljava/lang/Object; @ 36 c2
Event: 5833.589 Thread 0x000001e1decd15d0 DEOPT PACKING pc=0x000001e1d1c21748 sp=0x000000dd72afe3c0
Event: 5833.602 Thread 0x000001e1decd15d0 DEOPT UNPACKING pc=0x000001e1d1687da2 sp=0x000000dd72afe370 mode 2
Event: 5841.043 Thread 0x000001e1decd15d0 Uncommon trap: trap_request=0xffffffbe fr.pc=0x000001e1d1c21748 relative=0x0000000000000288
Event: 5841.043 Thread 0x000001e1decd15d0 Uncommon trap: reason=profile_predicate action=maybe_recompile pc=0x000001e1d1c21748 method=java.util.HashMap.keysToArray([Ljava/lang/Object;)[Ljava/lang/Object; @ 36 c2
Event: 5841.043 Thread 0x000001e1decd15d0 DEOPT PACKING pc=0x000001e1d1c21748 sp=0x000000dd72afe3c0
Event: 5841.044 Thread 0x000001e1decd15d0 DEOPT UNPACKING pc=0x000001e1d1687da2 sp=0x000000dd72afe370 mode 2

Classes loaded (20 events):
Event: 0.545 Loading class java/text/AttributedString$AttributedStringIterator
Event: 0.545 Loading class java/text/AttributedCharacterIterator
Event: 0.545 Loading class java/text/CharacterIterator
Event: 0.545 Loading class java/text/CharacterIterator done
Event: 0.545 Loading class java/text/AttributedCharacterIterator done
Event: 0.545 Loading class java/text/AttributedString$AttributedStringIterator done
Event: 0.545 Loading class java/awt/event/ContainerEvent
Event: 0.545 Loading class java/awt/event/ContainerEvent done
Event: 0.545 Loading class javax/swing/JButton
Event: 0.546 Loading class javax/swing/JButton done
Event: 0.546 Loading class java/applet/Applet
Event: 0.546 Loading class java/awt/Panel
Event: 0.546 Loading class java/awt/Panel done
Event: 0.546 Loading class java/applet/Applet done
Event: 4.471 Loading class java/awt/LightweightDispatcher$2
Event: 4.471 Loading class java/awt/LightweightDispatcher$2 done
Event: 5.606 Loading class java/awt/KeyboardFocusManager$2
Event: 5.606 Loading class java/awt/KeyboardFocusManager$2 done
Event: 5.607 Loading class sun/awt/SunToolkit$1
Event: 5.607 Loading class sun/awt/SunToolkit$1 done

Classes unloaded (0 events):
No events

Classes redefined (0 events):
No events

Internal exceptions (20 events):
Event: 0.325 Thread 0x000001e1decd1c60 Exception <a 'java/io/FileNotFoundException'{0x000000008b81ac48}> (0x000000008b81ac48) 
thrown [s\open\src\hotspot\share\prims\jni.cpp, line 520]
Event: 0.326 Thread 0x000001e1decd1c60 Exception <a 'java/io/FileNotFoundException'{0x000000008b81f5a8}> (0x000000008b81f5a8) 
thrown [s\open\src\hotspot\share\prims\jni.cpp, line 520]
Event: 0.326 Thread 0x000001e1decd1c60 Exception <a 'java/io/FileNotFoundException'{0x000000008b820fa0}> (0x000000008b820fa0) 
thrown [s\open\src\hotspot\share\prims\jni.cpp, line 520]
Event: 0.326 Thread 0x000001e1decd1c60 Exception <a 'java/io/FileNotFoundException'{0x000000008b822970}> (0x000000008b822970) 
thrown [s\open\src\hotspot\share\prims\jni.cpp, line 520]
Event: 0.326 Thread 0x000001e1decd1c60 Exception <a 'java/io/FileNotFoundException'{0x000000008b8243a8}> (0x000000008b8243a8) 
thrown [s\open\src\hotspot\share\prims\jni.cpp, line 520]
Event: 0.326 Thread 0x000001e1decd1c60 Exception <a 'java/io/FileNotFoundException'{0x000000008b825de0}> (0x000000008b825de0) 
thrown [s\open\src\hotspot\share\prims\jni.cpp, line 520]
Event: 0.326 Thread 0x000001e1decd1c60 Exception <a 'java/io/FileNotFoundException'{0x000000008b8277d8}> (0x000000008b8277d8) 
thrown [s\open\src\hotspot\share\prims\jni.cpp, line 520]
Event: 0.327 Thread 0x000001e1decd1c60 Exception <a 'java/io/FileNotFoundException'{0x000000008b829198}> (0x000000008b829198) 
thrown [s\open\src\hotspot\share\prims\jni.cpp, line 520]
Event: 0.327 Thread 0x000001e1decd1c60 Exception <a 'java/io/FileNotFoundException'{0x000000008b82abb0}> (0x000000008b82abb0) 
thrown [s\open\src\hotspot\share\prims\jni.cpp, line 520]
Event: 0.332 Thread 0x000001e1decd1c60 Exception <a 'java/io/FileNotFoundException'{0x000000008b842e68}> (0x000000008b842e68) 
thrown [s\open\src\hotspot\share\prims\jni.cpp, line 520]
Event: 0.332 Thread 0x000001e1decd1c60 Exception <a 'java/io/FileNotFoundException'{0x000000008b8448a8}> (0x000000008b8448a8) 
thrown [s\open\src\hotspot\share\prims\jni.cpp, line 520]
Event: 0.333 Thread 0x000001e1decd1c60 Exception <a 'java/io/FileNotFoundException'{0x000000008b8491e8}> (0x000000008b8491e8) 
thrown [s\open\src\hotspot\share\prims\jni.cpp, line 520]
Event: 0.333 Thread 0x000001e1decd1c60 Exception <a 'java/io/FileNotFoundException'{0x000000008b84abe0}> (0x000000008b84abe0) 
thrown [s\open\src\hotspot\share\prims\jni.cpp, line 520]
Event: 0.333 Thread 0x000001e1decd1c60 Exception <a 'java/io/FileNotFoundException'{0x000000008b84c5b0}> (0x000000008b84c5b0) 
thrown [s\open\src\hotspot\share\prims\jni.cpp, line 520]
Event: 0.333 Thread 0x000001e1decd1c60 Exception <a 'java/io/FileNotFoundException'{0x000000008b84dfe8}> (0x000000008b84dfe8) 
thrown [s\open\src\hotspot\share\prims\jni.cpp, line 520]
Event: 0.333 Thread 0x000001e1decd1c60 Exception <a 'java/io/FileNotFoundException'{0x000000008b84fa20}> (0x000000008b84fa20) 
thrown [s\open\src\hotspot\share\prims\jni.cpp, line 520]
Event: 0.333 Thread 0x000001e1decd1c60 Exception <a 'java/io/FileNotFoundException'{0x000000008b851418}> (0x000000008b851418) 
thrown [s\open\src\hotspot\share\prims\jni.cpp, line 520]
Event: 0.333 Thread 0x000001e1decd1c60 Exception <a 'java/io/FileNotFoundException'{0x000000008b852dd8}> (0x000000008b852dd8) 
thrown [s\open\src\hotspot\share\prims\jni.cpp, line 520]
Event: 0.333 Thread 0x000001e1decd1c60 Exception <a 'java/io/FileNotFoundException'{0x000000008b8547f0}> (0x000000008b8547f0) 
thrown [s\open\src\hotspot\share\prims\jni.cpp, line 520]
Event: 0.497 Thread 0x000001e1decd1c60 Implicit null exception at 0x000001e1d1c0e91a to 0x000001e1d1c0e9cc

ZGC Phase Switch (0 events):
No events

VM Operations (20 events):
Event: 0.181 Executing VM operation: HandshakeAllThreads (Deoptimize)
Event: 0.181 Executing VM operation: HandshakeAllThreads (Deoptimize) done
Event: 0.194 Executing VM operation: HandshakeAllThreads (Deoptimize)
Event: 0.194 Executing VM operation: HandshakeAllThreads (Deoptimize) done
Event: 1.196 Executing VM operation: Cleanup
Event: 1.196 Executing VM operation: Cleanup done
Event: 4.231 Executing VM operation: Cleanup
Event: 4.231 Executing VM operation: Cleanup done
Event: 5.243 Executing VM operation: Cleanup
Event: 5.243 Executing VM operation: Cleanup done
Event: 60.197 Executing VM operation: HandshakeAllThreads (HandshakeForDeflation)
Event: 60.197 Executing VM operation: HandshakeAllThreads (HandshakeForDeflation) done
Event: 60.197 Executing VM operation: RendezvousGCThreads
Event: 60.197 Executing VM operation: RendezvousGCThreads done
Event: 5834.270 Executing VM operation: Cleanup
Event: 5834.331 Executing VM operation: Cleanup done
Event: 5835.341 Executing VM operation: Cleanup
Event: 5835.341 Executing VM operation: Cleanup done
Event: 5841.999 Executing VM operation: Cleanup
Event: 5842.000 Executing VM operation: Cleanup done

Events (19 events):
Event: 0.020 Thread 0x000001e1c031c550 Thread added: 0x000001e1c031c550
Event: 0.033 Thread 0x000001e1decbe580 Thread added: 0x000001e1decbe580
Event: 0.033 Thread 0x000001e1decbffc0 Thread added: 0x000001e1decbffc0
Event: 0.034 Thread 0x000001e1decc3810 Thread added: 0x000001e1decc3810
Event: 0.034 Thread 0x000001e1decc4360 Thread added: 0x000001e1decc4360
Event: 0.034 Thread 0x000001e1decccec0 Thread added: 0x000001e1decccec0
Event: 0.034 Thread 0x000001e1decd3010 Thread added: 0x000001e1decd3010
Event: 0.034 Thread 0x000001e1decda670 Thread added: 0x000001e1decda670
Event: 0.034 Thread 0x000001e1decdcd30 Thread added: 0x000001e1decdcd30
Event: 0.051 Thread 0x000001e1decd36a0 Thread added: 0x000001e1decd36a0
Event: 0.054 Thread 0x000001e1decd0220 Thread added: 0x000001e1decd0220
Event: 0.137 Thread 0x000001e1decd08b0 Thread added: 0x000001e1decd08b0
Event: 0.138 Thread 0x000001e1decd0f40 Thread added: 0x000001e1decd0f40
Event: 0.139 Thread 0x000001e1decd15d0 Thread added: 0x000001e1decd15d0
Event: 0.203 Thread 0x000001e1decd1c60 Thread added: 0x000001e1decd1c60
Event: 0.257 Thread 0x000001e1c031c550 Thread exited: 0x000001e1c031c550
Event: 0.257 Thread 0x000001e1decd2980 Thread added: 0x000001e1decd2980
Event: 0.462 Thread 0x000001e225aec150 Thread added: 0x000001e225aec150
Event: 3.829 Thread 0x000001e225aec150 Thread exited: 0x000001e225aec150


Dynamic libraries:
0x00007ff7b1b40000 - 0x00007ff7b1b50000 	C:\Program Files\Java\jdk-21\bin\javaw.exe
0x00007ff929a70000 - 0x00007ff929c68000 	C:\WINDOWS\SYSTEM32\ntdll.dll
0x00007ff928be0000 - 0x00007ff928ca1000 	C:\WINDOWS\System32\KERNEL32.DLL
0x00007ff927750000 - 0x00007ff927a46000 	C:\WINDOWS\System32\KERNELBASE.dll
0x00007ff927650000 - 0x00007ff927750000 	C:\WINDOWS\System32\ucrtbase.dll
0x00007ff913ca0000 - 0x00007ff913cb9000 	C:\Program Files\Java\jdk-21\bin\jli.dll
0x00007ff9137d0000 - 0x00007ff9137eb000 	C:\Program Files\Java\jdk-21\bin\VCRUNTIME140.dll
0x00007ff928ac0000 - 0x00007ff928b70000 	C:\WINDOWS\System32\ADVAPI32.dll
0x00007ff9285e0000 - 0x00007ff92867e000 	C:\WINDOWS\System32\msvcrt.dll
0x00007ff928490000 - 0x00007ff928530000 	C:\WINDOWS\System32\sechost.dll
0x00007ff928680000 - 0x00007ff9287a3000 	C:\WINDOWS\System32\RPCRT4.dll
0x00007ff9275b0000 - 0x00007ff9275d7000 	C:\WINDOWS\System32\bcrypt.dll
0x00007ff927aa0000 - 0x00007ff927c3f000 	C:\WINDOWS\System32\USER32.dll
0x00007ff9271d0000 - 0x00007ff9271f2000 	C:\WINDOWS\System32\win32u.dll
0x00007ff904f80000 - 0x00007ff90521a000 	C:\WINDOWS\WinSxS\amd64_microsoft.windows.common-controls_6595b64144ccf1df_6.0.19041.4355_none_60b8b9eb71f62e16\COMCTL32.dll
0x00007ff928940000 - 0x00007ff92896b000 	C:\WINDOWS\System32\GDI32.dll
0x00007ff9273f0000 - 0x00007ff927507000 	C:\WINDOWS\System32\gdi32full.dll
0x00007ff927510000 - 0x00007ff9275ad000 	C:\WINDOWS\System32\msvcp_win.dll
0x00007ff91ad30000 - 0x00007ff91ad3a000 	C:\WINDOWS\SYSTEM32\VERSION.dll
0x00007ff927cf0000 - 0x00007ff927d1f000 	C:\WINDOWS\System32\IMM32.DLL
0x00007ff921270000 - 0x00007ff92127c000 	C:\Program Files\Java\jdk-21\bin\vcruntime140_1.dll
0x00007ff8f8b90000 - 0x00007ff8f8c1e000 	C:\Program Files\Java\jdk-21\bin\msvcp140.dll
0x00007ff8aceb0000 - 0x00007ff8adbc7000 	C:\Program Files\Java\jdk-21\bin\server\jvm.dll
0x00007ff9298e0000 - 0x00007ff92994b000 	C:\WINDOWS\System32\WS2_32.dll
0x00007ff9266a0000 - 0x00007ff9266eb000 	C:\WINDOWS\SYSTEM32\POWRPROF.dll
0x00007ff921b80000 - 0x00007ff921ba7000 	C:\WINDOWS\SYSTEM32\WINMM.dll
0x00007ff926510000 - 0x00007ff926522000 	C:\WINDOWS\SYSTEM32\UMPDC.dll
0x00007ff925930000 - 0x00007ff925942000 	C:\WINDOWS\SYSTEM32\kernel.appcore.dll
0x00007ff91ee10000 - 0x00007ff91ee1a000 	C:\Program Files\Java\jdk-21\bin\jimage.dll
0x00007ff9255c0000 - 0x00007ff9257a4000 	C:\WINDOWS\SYSTEM32\DBGHELP.DLL
0x00007ff921b40000 - 0x00007ff921b74000 	C:\WINDOWS\SYSTEM32\dbgcore.DLL
0x00007ff927360000 - 0x00007ff9273e2000 	C:\WINDOWS\System32\bcryptPrimitives.dll
0x00007ff90de40000 - 0x00007ff90de5f000 	C:\Program Files\Java\jdk-21\bin\java.dll
0x00007ff927d20000 - 0x00007ff92848c000 	C:\WINDOWS\System32\SHELL32.dll
0x00007ff924d00000 - 0x00007ff92549e000 	C:\WINDOWS\SYSTEM32\windows.storage.dll
0x00007ff929580000 - 0x00007ff9298d3000 	C:\WINDOWS\System32\combase.dll
0x00007ff926b40000 - 0x00007ff926b6e000 	C:\WINDOWS\SYSTEM32\Wldp.dll
0x00007ff929960000 - 0x00007ff929a2d000 	C:\WINDOWS\System32\OLEAUT32.dll
0x00007ff928530000 - 0x00007ff9285dd000 	C:\WINDOWS\System32\SHCORE.dll
0x00007ff928b70000 - 0x00007ff928bc5000 	C:\WINDOWS\System32\shlwapi.dll
0x00007ff927050000 - 0x00007ff927074000 	C:\WINDOWS\SYSTEM32\profapi.dll
0x00007ff8f80a0000 - 0x00007ff8f8177000 	C:\Program Files\Java\jdk-21\bin\jsvml.dll
0x00007ff91e930000 - 0x00007ff91e940000 	C:\Program Files\Java\jdk-21\bin\net.dll
0x00007ff920440000 - 0x00007ff92054a000 	C:\WINDOWS\SYSTEM32\WINHTTP.dll
0x00007ff9268a0000 - 0x00007ff92690a000 	C:\WINDOWS\system32\mswsock.dll
0x00007ff90de20000 - 0x00007ff90de36000 	C:\Program Files\Java\jdk-21\bin\nio.dll
0x00007ff907fb0000 - 0x00007ff907fc8000 	C:\Program Files\Java\jdk-21\bin\zip.dll
0x00007ff8cbee0000 - 0x00007ff8cc06f000 	C:\Program Files\Java\jdk-21\bin\awt.dll
0x00007ff91e770000 - 0x00007ff91e804000 	C:\WINDOWS\SYSTEM32\apphelp.dll
0x00007ff924410000 - 0x00007ff92443f000 	C:\WINDOWS\system32\DWMAPI.DLL
0x00007ff9218b0000 - 0x00007ff92194e000 	C:\WINDOWS\system32\uxtheme.dll
0x00007ff905e10000 - 0x00007ff905f38000 	C:\WINDOWS\system32\opengl32.dll
0x00007ff918c90000 - 0x00007ff918cbc000 	C:\WINDOWS\SYSTEM32\GLU32.dll
0x00007ff928de0000 - 0x00007ff928ef4000 	C:\WINDOWS\System32\MSCTF.dll
0x00007ff928cb0000 - 0x00007ff928ddb000 	C:\WINDOWS\System32\ole32.dll
0x00007ff8ed2c0000 - 0x00007ff8ed347000 	C:\Program Files\Java\jdk-21\bin\freetype.dll
0x00007ff8e1620000 - 0x00007ff8e1702000 	C:\Program Files\Java\jdk-21\bin\fontmanager.dll
0x00007ff912780000 - 0x00007ff912879000 	C:\WINDOWS\SYSTEM32\textinputframework.dll
0x00007ff91f150000 - 0x00007ff91f242000 	C:\WINDOWS\System32\CoreMessaging.dll
0x00007ff91d810000 - 0x00007ff91db6b000 	C:\WINDOWS\System32\CoreUIComponents.dll
0x00007ff926290000 - 0x00007ff9262c3000 	C:\WINDOWS\SYSTEM32\ntmarta.dll
0x00007ff9207d0000 - 0x00007ff920927000 	C:\WINDOWS\SYSTEM32\wintypes.dll

dbghelp: loaded successfully - version: 4.0.5 - missing functions: none
symbol engine: initialized successfully - sym options: 0x614 - pdb path: .;C:\Program Files\Java\jdk-21\bin;C:\WINDOWS\SYSTEM32;C:\WINDOWS\WinSxS\amd64_microsoft.windows.common-controls_6595b64144ccf1df_6.0.19041.4355_none_60b8b9eb71f62e16;C:\Program Files\Java\jdk-21\bin\server

VM Arguments:
jvm_args: -Dfile.encoding=UTF-8 -Dstdout.encoding=UTF-8 -Dstderr.encoding=UTF-8 -XX:+ShowCodeDetailsInExceptionMessages 
java_command: bank.SignupThree
java_class_path (initial): C:\Users\Richa Singh\Desktop\BankManagementSystem\bin;C:\Users\Richa Singh\Desktop\My Project Resource\jcalendar-1.4\lib\jcalendar-1.4.jar;C:\Users\Richa Singh\Downloads\mysql-connector-j-9.1.0\mysql-connector-j-9.1.0\mysql-connector-j-9.1.0.jar
Launcher Type: SUN_STANDARD

[Global flags]
     intx CICompilerCount                          = 4                                         {product} {ergonomic}
     uint ConcGCThreads                            = 2                                         {product} {ergonomic}
     uint G1ConcRefinementThreads                  = 8                                         {product} {ergonomic}
   size_t G1HeapRegionSize                         = 1048576                                   {product} {ergonomic}
    uintx GCDrainStackTargetSize                   = 64                                        {product} {ergonomic}
   size_t InitialHeapSize                          = 130023424                                 {product} {ergonomic}
   size_t MarkStackSize                            = 4194304                                   {product} {ergonomic}
   size_t MaxHeapSize                              = 2076180480                                {product} {ergonomic}
   size_t MaxNewSize                               = 1245708288                                {product} {ergonomic}
   size_t MinHeapDeltaBytes                        = 1048576                                   {product} {ergonomic}
   size_t MinHeapSize                              = 8388608                                   {product} {ergonomic}
    uintx NonNMethodCodeHeapSize                   = 5839372                                {pd product} {ergonomic}
    uintx NonProfiledCodeHeapSize                  = 122909434                              {pd product} {ergonomic}
    uintx ProfiledCodeHeapSize                     = 122909434                              {pd product} {ergonomic}
    uintx ReservedCodeCacheSize                    = 251658240                              {pd product} {ergonomic}
     bool SegmentedCodeCache                       = true                                      {product} {ergonomic}
     bool ShowCodeDetailsInExceptionMessages       = true                                   {manageable} {command line}
   size_t SoftMaxHeapSize                          = 2076180480                             {manageable} {ergonomic}
     bool UseCompressedOops                        = true                           {product lp64_product} {ergonomic}
     bool UseG1GC                                  = true                                      {product} {ergonomic}
     bool UseLargePagesIndividualAllocation        = false                                  {pd product} {ergonomic}

Logging:
Log output configuration:
 #0: stdout all=warning uptime,level,tags foldmultilines=false
 #1: stderr all=off uptime,level,tags foldmultilines=false

Environment Variables:
JAVA_HOME=C:\Program Files\Java\jdk-21
PATH=C:\Program Files\Common Files\Oracle\Java\javapath;C:\Windows\system32;C:\Windows;C:\Windows\System32\Wbem;C:\Windows\System32\WindowsPowerShell\v1.0\;C:\Windows\System32\OpenSSH\;C:\Program Files\NVIDIA Corporation\NVIDIA NvDLISR;C:\WINDOWS\system32;C:\WINDOWS;C:\WINDOWS\System32\Wbem;C:\WINDOWS\System32\WindowsPowerShell\v1.0\;C:\WINDOWS\System32\OpenSSH\;C:\Program Files\dotnet\;C:\Program Files (x86)\NVIDIA Corporation\PhysX\Common;C:\MinGW\bin;C:\MinGW\bin;C:\MinGW\bin;C:\MinGW\bin;C:\Program Files\MySQL\MySQL Shell 8.0\bin\;C:\Users\Richa Singh\AppData\Local\Programs\Python\Python310\Scripts\;C:\Users\Richa Singh\AppData\Local\Programs\Python\Python310\;C:\Users\Richa Singh\AppData\Local\Microsoft\WindowsApps;C:\Program Files\Java\jdk-21\bin;C:\Program Files\Java\jdk-21\bin;C:\Users\Richa Singh\AppData\Local\Programs\Microsoft VS Code\bin;C:\Users\Richa Singh\AppData\Local\JetBrains\IntelliJ IDEA Community Edition 2024.2.3\bin;;C:\Users\Richa Singh\AppData\Local\GitHubDesktop\bin
USERNAME=RICHA
OS=Windows_NT
PROCESSOR_IDENTIFIER=Intel64 Family 6 Model 140 Stepping 1, GenuineIntel
TMP=C:\Users\RICHAS~1\AppData\Local\Temp
TEMP=C:\Users\RICHAS~1\AppData\Local\Temp




Periodic native trim disabled

---------------  S Y S T E M  ---------------

OS:
 Windows 10 , 64 bit Build 19041 (10.0.19041.4597)
OS uptime: 7 days 1:42 hours

CPU: total 8 (initial active 8) (4 cores per cpu, 2 threads per core) family 6 model 140 stepping 1 microcode 0xb8, cx8, cmov, fxsr, ht, mmx, 3dnowpref, sse, sse2, sse3, ssse3, sse4.1, sse4.2, popcnt, lzcnt, tsc, tscinvbit, avx, avx2, aes, erms, clmul, bmi1, bmi2, adx, avx512f, avx512dq, avx512cd, avx512bw, avx512vl, sha, fma, vzeroupper, avx512_vpopcntdq, avx512_vpclmulqdq, avx512_vaes, avx512_vnni, clflush, clflushopt, clwb, avx512_vbmi2, avx512_vbmi, rdtscp, rdpid, fsrm, gfni, avx512_bitalg, f16c, pku, cet_ibt, cet_ss, avx512_ifma
Processor Information for all 8 processors :
  Max Mhz: 1382, Current Mhz: 1382, Mhz Limit: 1382

Memory: 4k page, system-wide physical 7914M (726M free)
TotalPageFile size 32490M (AvailPageFile size 944M)
current process WorkingSet (physical memory assigned to process): 13M, peak: 99M
current process commit charge ("private bytes"): 219M, peak: 243M

vm_info: Java HotSpot(TM) 64-Bit Server VM (21.0.2+13-LTS-58) for windows-amd64 JRE (21.0.2+13-LTS-58), built on 2024-01-05T18:32:24Z by "mach5one" with MS VC++ 17.1 (VS2022)

END.
