#
# There is insufficient memory for the Java Runtime Environment to continue.
# Native memory allocation (malloc) failed to allocate 34736 bytes for Chunk::new
# Possible reasons:
#   The system is out of physical RAM or swap space
#   The process is running with CompressedOops enabled, and the Java Heap may be blocking the growth of the native heap
# Possible solutions:
#   Reduce memory load on the system
#   Increase physical memory or swap space
#   Check if swap backing store is full
#   Decrease Java heap size (-Xmx/-Xms)
#   Decrease number of Java threads
#   Decrease Java thread stack sizes (-Xss)
#   Set larger code cache with -XX:ReservedCodeCacheSize=
#   JVM is running with Unscaled Compressed Oops mode in which the Java heap is
#     placed in the first 4GB address space. The Java Heap base address is the
#     maximum limit for the native heap growth. Please use -XX:HeapBaseMinAddress
#     to set the Java Heap base and to place the Java Heap above 4GB virtual address.
# This output file may be truncated or incomplete.
#
#  Out of Memory Error (arena.cpp:168), pid=25672, tid=27816
#
# JRE version: Java(TM) SE Runtime Environment (21.0.2+13) (build 21.0.2+13-LTS-58)
# Java VM: Java HotSpot(TM) 64-Bit Server VM (21.0.2+13-LTS-58, mixed mode, sharing, tiered, compressed oops, compressed class ptrs, g1 gc, windows-amd64)
# No core dump will be written. Minidumps are not enabled by default on client versions of Windows
#

---------------  S U M M A R Y ------------

Command Line: -Dfile.encoding=UTF-8 -Dstdout.encoding=UTF-8 -Dstderr.encoding=UTF-8 -XX:+ShowCodeDetailsInExceptionMessages bank.Login

Host: 11th Gen Intel(R) Core(TM) i5-1135G7 @ 2.40GHz, 8 cores, 7G,  Windows 10 , 64 bit Build 19041 (10.0.19041.4597)
Time: Tue Oct 22 00:31:43 2024 India Standard Time elapsed time: 25161.358216 seconds (0d 6h 59m 21s)

---------------  T H R E A D  ---------------

Current thread (0x0000017a552a4b20):  JavaThread "C2 CompilerThread0" daemon [_thread_in_native, id=27816, stack(0x0000006db1300000,0x0000006db1400000) (1024K)]


Current CompileTask:
C2:25161358 1874       4       sun.java2d.loops.GraphicsPrimitiveMgr::locate (104 bytes)

Stack: [0x0000006db1300000,0x0000006db1400000]
Native frames: (J=compiled Java code, j=interpreted, Vv=VM code, C=native code)
V  [jvm.dll+0x6cade9]
V  [jvm.dll+0x8569c1]
V  [jvm.dll+0x858d2e]
V  [jvm.dll+0x859413]
V  [jvm.dll+0x280e56]
V  [jvm.dll+0xc3f3d]
V  [jvm.dll+0xc4473]
V  [jvm.dll+0x2f437f]
V  [jvm.dll+0x5f5056]
V  [jvm.dll+0x252d7f]
V  [jvm.dll+0x24b589]
V  [jvm.dll+0x2490a3]
V  [jvm.dll+0x1c9634]
V  [jvm.dll+0x258859]
V  [jvm.dll+0x256e3a]
V  [jvm.dll+0x3ef6c6]
V  [jvm.dll+0x7ff568]
V  [jvm.dll+0x6c953d]
C  [ucrtbase.dll+0x21bb2]
C  [KERNEL32.DLL+0x17374]
C  [ntdll.dll+0x4cc91]


---------------  P R O C E S S  ---------------

Threads class SMR info:
_java_thread_list=0x0000017a9c7d27b0, length=16, elements={
0x0000017a5528da40, 0x0000017a5528e370, 0x0000017a55290b60, 0x0000017a55291450,
0x0000017a55291ac0, 0x0000017a55296140, 0x0000017a552a4b20, 0x0000017a552a86d0,
0x0000017a55521940, 0x0000017a5555a720, 0x0000017a556ec2a0, 0x0000017a556ef3d0,
0x0000017a556f2f00, 0x0000017a55779000, 0x0000017a3696b560, 0x0000017a9c36faf0
}

Java Threads: ( => current thread )
  0x0000017a5528da40 JavaThread "Reference Handler"          daemon [_thread_blocked, id=32804, stack(0x0000006db0d00000,0x0000006db0e00000) (1024K)]
  0x0000017a5528e370 JavaThread "Finalizer"                  daemon [_thread_blocked, id=29544, stack(0x0000006db0e00000,0x0000006db0f00000) (1024K)]
  0x0000017a55290b60 JavaThread "Signal Dispatcher"          daemon [_thread_blocked, id=32680, stack(0x0000006db0f00000,0x0000006db1000000) (1024K)]
  0x0000017a55291450 JavaThread "Attach Listener"            daemon [_thread_blocked, id=32704, stack(0x0000006db1000000,0x0000006db1100000) (1024K)]
  0x0000017a55291ac0 JavaThread "Service Thread"             daemon [_thread_blocked, id=20692, stack(0x0000006db1100000,0x0000006db1200000) (1024K)]
  0x0000017a55296140 JavaThread "Monitor Deflation Thread"   daemon [_thread_blocked, id=4484, stack(0x0000006db1200000,0x0000006db1300000) (1024K)]
=>0x0000017a552a4b20 JavaThread "C2 CompilerThread0"         daemon [_thread_in_native, id=27816, stack(0x0000006db1300000,0x0000006db1400000) (1024K)]
  0x0000017a552a86d0 JavaThread "C1 CompilerThread0"         daemon [_thread_blocked, id=22432, stack(0x0000006db1400000,0x0000006db1500000) (1024K)]
  0x0000017a55521940 JavaThread "Notification Thread"        daemon [_thread_blocked, id=22988, stack(0x0000006db1500000,0x0000006db1600000) (1024K)]
  0x0000017a5555a720 JavaThread "Common-Cleaner"             daemon [_thread_blocked, id=16404, stack(0x0000006db1600000,0x0000006db1700000) (1024K)]
  0x0000017a556ec2a0 JavaThread "Java2D Disposer"            daemon [_thread_blocked, id=23908, stack(0x0000006db1700000,0x0000006db1800000) (1024K)]
  0x0000017a556ef3d0 JavaThread "AWT-Shutdown"                      [_thread_blocked, id=15356, stack(0x0000006db1800000,0x0000006db1900000) (1024K)]
  0x0000017a556f2f00 JavaThread "AWT-Windows"                daemon [_thread_in_native, id=11056, stack(0x0000006db1900000,0x0000006db1a00000) (1024K)]
  0x0000017a55779000 JavaThread "AWT-EventQueue-0"                  [_thread_blocked, id=12648, stack(0x0000006db1a00000,0x0000006db1b00000) (1024K)]
  0x0000017a3696b560 JavaThread "DestroyJavaVM"                     [_thread_blocked, id=5972, stack(0x0000006db0500000,0x0000006db0600000) (1024K)]
  0x0000017a9c36faf0 JavaThread "TimerQueue"                 daemon [_thread_blocked, id=14896, stack(0x0000006db1e00000,0x0000006db1f00000) (1024K)]
Total: 16

Other Threads:
  0x0000017a5526fa40 VMThread "VM Thread"                           [id=23600, stack(0x0000006db0c00000,0x0000006db0d00000) (1024K)]
  0x0000017a5525b390 WatcherThread "VM Periodic Task Thread"        [id=27380, stack(0x0000006db0b00000,0x0000006db0c00000) (1024K)]
  0x0000017a38a6eb40 WorkerThread "GC Thread#0"                     [id=5072, stack(0x0000006db0600000,0x0000006db0700000) (1024K)]
  0x0000017a38a7fa40 ConcurrentGCThread "G1 Main Marker"            [id=20516, stack(0x0000006db0700000,0x0000006db0800000) (1024K)]
  0x0000017a38a82510 WorkerThread "G1 Conc#0"                       [id=15592, stack(0x0000006db0800000,0x0000006db0900000) (1024K)]
  0x0000017a38aee1d0 ConcurrentGCThread "G1 Refine#0"               [id=21156, stack(0x0000006db0900000,0x0000006db0a00000) (1024K)]
  0x0000017a38aee760 ConcurrentGCThread "G1 Service"                [id=23492, stack(0x0000006db0a00000,0x0000006db0b00000) (1024K)]
Total: 7

Threads with active compile tasks:
C2 CompilerThread0  25161404 1874       4       sun.java2d.loops.GraphicsPrimitiveMgr::locate (104 bytes)
Total: 1

VM state: not at safepoint (normal execution)

VM Mutex/Monitor currently owned by a thread: None

Heap address: 0x0000000084400000, size: 1980 MB, Compressed Oops mode: 32-bit

CDS archive(s) mapped at: [0x0000017a56000000-0x0000017a56c90000-0x0000017a56c90000), size 13172736, SharedBaseAddress: 0x0000017a56000000, ArchiveRelocationMode: 1.
Compressed class space mapped at: 0x0000017a57000000-0x0000017a97000000, reserved size: 1073741824
Narrow klass base: 0x0000017a56000000, Narrow klass shift: 0, Narrow klass range: 0x100000000

GC Precious Log:
 CardTable entry size: 512
 Card Set container configuration: InlinePtr #cards 5 size 8 Array Of Cards #cards 12 size 40 Howl #buckets 4 coarsen threshold 1843 Howl Bitmap #cards 512 size 80 coarsen threshold 460 Card regions per heap region 1 cards per card region 2048
 CPUs: 8 total, 8 available
 Memory: 7914M
 Large Page Support: Disabled
 NUMA Support: Disabled
 Compressed Oops: Enabled (32-bit)
 Heap Region Size: 1M
 Heap Min Capacity: 8M
 Heap Initial Capacity: 124M
 Heap Max Capacity: 1980M
 Pre-touch: Disabled
 Parallel Workers: 8
 Concurrent Workers: 2
 Concurrent Refinement Workers: 8
 Periodic GC: Disabled

Heap:
 garbage-first heap   total 126976K, used 29696K [0x0000000084400000, 0x0000000100000000)
  region size 1024K, 23 young (23552K), 0 survivors (0K)
 Metaspace       used 11417K, committed 11648K, reserved 1114112K
  class space    used 1312K, committed 1408K, reserved 1048576K

Heap Regions: E=young(eden), S=young(survivor), O=old, HS=humongous(starts), HC=humongous(continues), CS=collection set, F=free, TAMS=top-at-mark-start, PB=parsable bottom
|   0|0x0000000084400000, 0x0000000084500000, 0x0000000084500000|100%|HS|  |TAMS 0x0000000084400000| PB 0x0000000084400000| Complete 
|   1|0x0000000084500000, 0x0000000084600000, 0x0000000084600000|100%|HC|  |TAMS 0x0000000084500000| PB 0x0000000084500000| Complete 
|   2|0x0000000084600000, 0x0000000084700000, 0x0000000084700000|100%|HC|  |TAMS 0x0000000084600000| PB 0x0000000084600000| Complete 
|   3|0x0000000084700000, 0x0000000084800000, 0x0000000084800000|100%|HS|  |TAMS 0x0000000084700000| PB 0x0000000084700000| Complete 
|   4|0x0000000084800000, 0x0000000084900000, 0x0000000084900000|100%|HC|  |TAMS 0x0000000084800000| PB 0x0000000084800000| Complete 
|   5|0x0000000084900000, 0x0000000084a00000, 0x0000000084a00000|100%|HC|  |TAMS 0x0000000084900000| PB 0x0000000084900000| Complete 
|   6|0x0000000084a00000, 0x0000000084b00000, 0x0000000084b00000|100%|HC|  |TAMS 0x0000000084a00000| PB 0x0000000084a00000| Complete 
|   7|0x0000000084b00000, 0x0000000084b00000, 0x0000000084c00000|  0%| F|  |TAMS 0x0000000084b00000| PB 0x0000000084b00000| Untracked 
|   8|0x0000000084c00000, 0x0000000084c00000, 0x0000000084d00000|  0%| F|  |TAMS 0x0000000084c00000| PB 0x0000000084c00000| Untracked 
|   9|0x0000000084d00000, 0x0000000084d00000, 0x0000000084e00000|  0%| F|  |TAMS 0x0000000084d00000| PB 0x0000000084d00000| Untracked 
|  10|0x0000000084e00000, 0x0000000084e00000, 0x0000000084f00000|  0%| F|  |TAMS 0x0000000084e00000| PB 0x0000000084e00000| Untracked 
|  11|0x0000000084f00000, 0x0000000084f00000, 0x0000000085000000|  0%| F|  |TAMS 0x0000000084f00000| PB 0x0000000084f00000| Untracked 
|  12|0x0000000085000000, 0x0000000085000000, 0x0000000085100000|  0%| F|  |TAMS 0x0000000085000000| PB 0x0000000085000000| Untracked 
|  13|0x0000000085100000, 0x0000000085100000, 0x0000000085200000|  0%| F|  |TAMS 0x0000000085100000| PB 0x0000000085100000| Untracked 
|  14|0x0000000085200000, 0x0000000085200000, 0x0000000085300000|  0%| F|  |TAMS 0x0000000085200000| PB 0x0000000085200000| Untracked 
|  15|0x0000000085300000, 0x0000000085300000, 0x0000000085400000|  0%| F|  |TAMS 0x0000000085300000| PB 0x0000000085300000| Untracked 
|  16|0x0000000085400000, 0x0000000085400000, 0x0000000085500000|  0%| F|  |TAMS 0x0000000085400000| PB 0x0000000085400000| Untracked 
|  17|0x0000000085500000, 0x0000000085500000, 0x0000000085600000|  0%| F|  |TAMS 0x0000000085500000| PB 0x0000000085500000| Untracked 
|  18|0x0000000085600000, 0x0000000085600000, 0x0000000085700000|  0%| F|  |TAMS 0x0000000085600000| PB 0x0000000085600000| Untracked 
|  19|0x0000000085700000, 0x0000000085700000, 0x0000000085800000|  0%| F|  |TAMS 0x0000000085700000| PB 0x0000000085700000| Untracked 
|  20|0x0000000085800000, 0x0000000085800000, 0x0000000085900000|  0%| F|  |TAMS 0x0000000085800000| PB 0x0000000085800000| Untracked 
|  21|0x0000000085900000, 0x0000000085900000, 0x0000000085a00000|  0%| F|  |TAMS 0x0000000085900000| PB 0x0000000085900000| Untracked 
|  22|0x0000000085a00000, 0x0000000085a00000, 0x0000000085b00000|  0%| F|  |TAMS 0x0000000085a00000| PB 0x0000000085a00000| Untracked 
|  23|0x0000000085b00000, 0x0000000085b00000, 0x0000000085c00000|  0%| F|  |TAMS 0x0000000085b00000| PB 0x0000000085b00000| Untracked 
|  24|0x0000000085c00000, 0x0000000085c00000, 0x0000000085d00000|  0%| F|  |TAMS 0x0000000085c00000| PB 0x0000000085c00000| Untracked 
|  25|0x0000000085d00000, 0x0000000085d00000, 0x0000000085e00000|  0%| F|  |TAMS 0x0000000085d00000| PB 0x0000000085d00000| Untracked 
|  26|0x0000000085e00000, 0x0000000085e00000, 0x0000000085f00000|  0%| F|  |TAMS 0x0000000085e00000| PB 0x0000000085e00000| Untracked 
|  27|0x0000000085f00000, 0x0000000085f00000, 0x0000000086000000|  0%| F|  |TAMS 0x0000000085f00000| PB 0x0000000085f00000| Untracked 
|  28|0x0000000086000000, 0x0000000086000000, 0x0000000086100000|  0%| F|  |TAMS 0x0000000086000000| PB 0x0000000086000000| Untracked 
|  29|0x0000000086100000, 0x0000000086100000, 0x0000000086200000|  0%| F|  |TAMS 0x0000000086100000| PB 0x0000000086100000| Untracked 
|  30|0x0000000086200000, 0x0000000086200000, 0x0000000086300000|  0%| F|  |TAMS 0x0000000086200000| PB 0x0000000086200000| Untracked 
|  31|0x0000000086300000, 0x0000000086300000, 0x0000000086400000|  0%| F|  |TAMS 0x0000000086300000| PB 0x0000000086300000| Untracked 
|  32|0x0000000086400000, 0x0000000086400000, 0x0000000086500000|  0%| F|  |TAMS 0x0000000086400000| PB 0x0000000086400000| Untracked 
|  33|0x0000000086500000, 0x0000000086500000, 0x0000000086600000|  0%| F|  |TAMS 0x0000000086500000| PB 0x0000000086500000| Untracked 
|  34|0x0000000086600000, 0x0000000086600000, 0x0000000086700000|  0%| F|  |TAMS 0x0000000086600000| PB 0x0000000086600000| Untracked 
|  35|0x0000000086700000, 0x0000000086700000, 0x0000000086800000|  0%| F|  |TAMS 0x0000000086700000| PB 0x0000000086700000| Untracked 
|  36|0x0000000086800000, 0x0000000086800000, 0x0000000086900000|  0%| F|  |TAMS 0x0000000086800000| PB 0x0000000086800000| Untracked 
|  37|0x0000000086900000, 0x0000000086900000, 0x0000000086a00000|  0%| F|  |TAMS 0x0000000086900000| PB 0x0000000086900000| Untracked 
|  38|0x0000000086a00000, 0x0000000086a00000, 0x0000000086b00000|  0%| F|  |TAMS 0x0000000086a00000| PB 0x0000000086a00000| Untracked 
|  39|0x0000000086b00000, 0x0000000086b00000, 0x0000000086c00000|  0%| F|  |TAMS 0x0000000086b00000| PB 0x0000000086b00000| Untracked 
|  40|0x0000000086c00000, 0x0000000086c00000, 0x0000000086d00000|  0%| F|  |TAMS 0x0000000086c00000| PB 0x0000000086c00000| Untracked 
|  41|0x0000000086d00000, 0x0000000086d00000, 0x0000000086e00000|  0%| F|  |TAMS 0x0000000086d00000| PB 0x0000000086d00000| Untracked 
|  42|0x0000000086e00000, 0x0000000086e00000, 0x0000000086f00000|  0%| F|  |TAMS 0x0000000086e00000| PB 0x0000000086e00000| Untracked 
|  43|0x0000000086f00000, 0x0000000086f00000, 0x0000000087000000|  0%| F|  |TAMS 0x0000000086f00000| PB 0x0000000086f00000| Untracked 
|  44|0x0000000087000000, 0x0000000087000000, 0x0000000087100000|  0%| F|  |TAMS 0x0000000087000000| PB 0x0000000087000000| Untracked 
|  45|0x0000000087100000, 0x0000000087100000, 0x0000000087200000|  0%| F|  |TAMS 0x0000000087100000| PB 0x0000000087100000| Untracked 
|  46|0x0000000087200000, 0x0000000087200000, 0x0000000087300000|  0%| F|  |TAMS 0x0000000087200000| PB 0x0000000087200000| Untracked 
|  47|0x0000000087300000, 0x0000000087300000, 0x0000000087400000|  0%| F|  |TAMS 0x0000000087300000| PB 0x0000000087300000| Untracked 
|  48|0x0000000087400000, 0x0000000087400000, 0x0000000087500000|  0%| F|  |TAMS 0x0000000087400000| PB 0x0000000087400000| Untracked 
|  49|0x0000000087500000, 0x0000000087500000, 0x0000000087600000|  0%| F|  |TAMS 0x0000000087500000| PB 0x0000000087500000| Untracked 
|  50|0x0000000087600000, 0x0000000087600000, 0x0000000087700000|  0%| F|  |TAMS 0x0000000087600000| PB 0x0000000087600000| Untracked 
|  51|0x0000000087700000, 0x0000000087700000, 0x0000000087800000|  0%| F|  |TAMS 0x0000000087700000| PB 0x0000000087700000| Untracked 
|  52|0x0000000087800000, 0x0000000087800000, 0x0000000087900000|  0%| F|  |TAMS 0x0000000087800000| PB 0x0000000087800000| Untracked 
|  53|0x0000000087900000, 0x0000000087900000, 0x0000000087a00000|  0%| F|  |TAMS 0x0000000087900000| PB 0x0000000087900000| Untracked 
|  54|0x0000000087a00000, 0x0000000087a00000, 0x0000000087b00000|  0%| F|  |TAMS 0x0000000087a00000| PB 0x0000000087a00000| Untracked 
|  55|0x0000000087b00000, 0x0000000087b00000, 0x0000000087c00000|  0%| F|  |TAMS 0x0000000087b00000| PB 0x0000000087b00000| Untracked 
|  56|0x0000000087c00000, 0x0000000087c00000, 0x0000000087d00000|  0%| F|  |TAMS 0x0000000087c00000| PB 0x0000000087c00000| Untracked 
|  57|0x0000000087d00000, 0x0000000087d00000, 0x0000000087e00000|  0%| F|  |TAMS 0x0000000087d00000| PB 0x0000000087d00000| Untracked 
|  58|0x0000000087e00000, 0x0000000087e00000, 0x0000000087f00000|  0%| F|  |TAMS 0x0000000087e00000| PB 0x0000000087e00000| Untracked 
|  59|0x0000000087f00000, 0x0000000087f00000, 0x0000000088000000|  0%| F|  |TAMS 0x0000000087f00000| PB 0x0000000087f00000| Untracked 
|  60|0x0000000088000000, 0x0000000088000000, 0x0000000088100000|  0%| F|  |TAMS 0x0000000088000000| PB 0x0000000088000000| Untracked 
|  61|0x0000000088100000, 0x0000000088100000, 0x0000000088200000|  0%| F|  |TAMS 0x0000000088100000| PB 0x0000000088100000| Untracked 
|  62|0x0000000088200000, 0x0000000088200000, 0x0000000088300000|  0%| F|  |TAMS 0x0000000088200000| PB 0x0000000088200000| Untracked 
|  63|0x0000000088300000, 0x0000000088300000, 0x0000000088400000|  0%| F|  |TAMS 0x0000000088300000| PB 0x0000000088300000| Untracked 
|  64|0x0000000088400000, 0x0000000088400000, 0x0000000088500000|  0%| F|  |TAMS 0x0000000088400000| PB 0x0000000088400000| Untracked 
|  65|0x0000000088500000, 0x0000000088500000, 0x0000000088600000|  0%| F|  |TAMS 0x0000000088500000| PB 0x0000000088500000| Untracked 
|  66|0x0000000088600000, 0x0000000088600000, 0x0000000088700000|  0%| F|  |TAMS 0x0000000088600000| PB 0x0000000088600000| Untracked 
|  67|0x0000000088700000, 0x0000000088700000, 0x0000000088800000|  0%| F|  |TAMS 0x0000000088700000| PB 0x0000000088700000| Untracked 
|  68|0x0000000088800000, 0x0000000088800000, 0x0000000088900000|  0%| F|  |TAMS 0x0000000088800000| PB 0x0000000088800000| Untracked 
|  69|0x0000000088900000, 0x0000000088900000, 0x0000000088a00000|  0%| F|  |TAMS 0x0000000088900000| PB 0x0000000088900000| Untracked 
|  70|0x0000000088a00000, 0x0000000088a00000, 0x0000000088b00000|  0%| F|  |TAMS 0x0000000088a00000| PB 0x0000000088a00000| Untracked 
|  71|0x0000000088b00000, 0x0000000088b00000, 0x0000000088c00000|  0%| F|  |TAMS 0x0000000088b00000| PB 0x0000000088b00000| Untracked 
|  72|0x0000000088c00000, 0x0000000088c00000, 0x0000000088d00000|  0%| F|  |TAMS 0x0000000088c00000| PB 0x0000000088c00000| Untracked 
|  73|0x0000000088d00000, 0x0000000088d00000, 0x0000000088e00000|  0%| F|  |TAMS 0x0000000088d00000| PB 0x0000000088d00000| Untracked 
|  74|0x0000000088e00000, 0x0000000088e00000, 0x0000000088f00000|  0%| F|  |TAMS 0x0000000088e00000| PB 0x0000000088e00000| Untracked 
|  75|0x0000000088f00000, 0x0000000088f00000, 0x0000000089000000|  0%| F|  |TAMS 0x0000000088f00000| PB 0x0000000088f00000| Untracked 
|  76|0x0000000089000000, 0x0000000089000000, 0x0000000089100000|  0%| F|  |TAMS 0x0000000089000000| PB 0x0000000089000000| Untracked 
|  77|0x0000000089100000, 0x0000000089100000, 0x0000000089200000|  0%| F|  |TAMS 0x0000000089100000| PB 0x0000000089100000| Untracked 
|  78|0x0000000089200000, 0x0000000089200000, 0x0000000089300000|  0%| F|  |TAMS 0x0000000089200000| PB 0x0000000089200000| Untracked 
|  79|0x0000000089300000, 0x0000000089300000, 0x0000000089400000|  0%| F|  |TAMS 0x0000000089300000| PB 0x0000000089300000| Untracked 
|  80|0x0000000089400000, 0x0000000089400000, 0x0000000089500000|  0%| F|  |TAMS 0x0000000089400000| PB 0x0000000089400000| Untracked 
|  81|0x0000000089500000, 0x0000000089500000, 0x0000000089600000|  0%| F|  |TAMS 0x0000000089500000| PB 0x0000000089500000| Untracked 
|  82|0x0000000089600000, 0x0000000089600000, 0x0000000089700000|  0%| F|  |TAMS 0x0000000089600000| PB 0x0000000089600000| Untracked 
|  83|0x0000000089700000, 0x0000000089700000, 0x0000000089800000|  0%| F|  |TAMS 0x0000000089700000| PB 0x0000000089700000| Untracked 
|  84|0x0000000089800000, 0x0000000089800000, 0x0000000089900000|  0%| F|  |TAMS 0x0000000089800000| PB 0x0000000089800000| Untracked 
|  85|0x0000000089900000, 0x0000000089900000, 0x0000000089a00000|  0%| F|  |TAMS 0x0000000089900000| PB 0x0000000089900000| Untracked 
|  86|0x0000000089a00000, 0x0000000089a00000, 0x0000000089b00000|  0%| F|  |TAMS 0x0000000089a00000| PB 0x0000000089a00000| Untracked 
|  87|0x0000000089b00000, 0x0000000089b00000, 0x0000000089c00000|  0%| F|  |TAMS 0x0000000089b00000| PB 0x0000000089b00000| Untracked 
|  88|0x0000000089c00000, 0x0000000089c00000, 0x0000000089d00000|  0%| F|  |TAMS 0x0000000089c00000| PB 0x0000000089c00000| Untracked 
|  89|0x0000000089d00000, 0x0000000089d00000, 0x0000000089e00000|  0%| F|  |TAMS 0x0000000089d00000| PB 0x0000000089d00000| Untracked 
|  90|0x0000000089e00000, 0x0000000089e00000, 0x0000000089f00000|  0%| F|  |TAMS 0x0000000089e00000| PB 0x0000000089e00000| Untracked 
|  91|0x0000000089f00000, 0x0000000089f00000, 0x000000008a000000|  0%| F|  |TAMS 0x0000000089f00000| PB 0x0000000089f00000| Untracked 
|  92|0x000000008a000000, 0x000000008a000000, 0x000000008a100000|  0%| F|  |TAMS 0x000000008a000000| PB 0x000000008a000000| Untracked 
|  93|0x000000008a100000, 0x000000008a100000, 0x000000008a200000|  0%| F|  |TAMS 0x000000008a100000| PB 0x000000008a100000| Untracked 
|  94|0x000000008a200000, 0x000000008a200000, 0x000000008a300000|  0%| F|  |TAMS 0x000000008a200000| PB 0x000000008a200000| Untracked 
|  95|0x000000008a300000, 0x000000008a300000, 0x000000008a400000|  0%| F|  |TAMS 0x000000008a300000| PB 0x000000008a300000| Untracked 
|  96|0x000000008a400000, 0x000000008a400000, 0x000000008a500000|  0%| F|  |TAMS 0x000000008a400000| PB 0x000000008a400000| Untracked 
|  97|0x000000008a500000, 0x000000008a500000, 0x000000008a600000|  0%| F|  |TAMS 0x000000008a500000| PB 0x000000008a500000| Untracked 
|  98|0x000000008a600000, 0x000000008a600000, 0x000000008a700000|  0%| F|  |TAMS 0x000000008a600000| PB 0x000000008a600000| Untracked 
|  99|0x000000008a700000, 0x000000008a700000, 0x000000008a800000|  0%| F|  |TAMS 0x000000008a700000| PB 0x000000008a700000| Untracked 
| 100|0x000000008a800000, 0x000000008a800000, 0x000000008a900000|  0%| F|  |TAMS 0x000000008a800000| PB 0x000000008a800000| Untracked 
| 101|0x000000008a900000, 0x000000008a976788, 0x000000008aa00000| 46%| E|  |TAMS 0x000000008a900000| PB 0x000000008a900000| Complete 
| 102|0x000000008aa00000, 0x000000008ab00000, 0x000000008ab00000|100%| E|CS|TAMS 0x000000008aa00000| PB 0x000000008aa00000| Complete 
| 103|0x000000008ab00000, 0x000000008ac00000, 0x000000008ac00000|100%| E|CS|TAMS 0x000000008ab00000| PB 0x000000008ab00000| Complete 
| 104|0x000000008ac00000, 0x000000008ad00000, 0x000000008ad00000|100%| E|CS|TAMS 0x000000008ac00000| PB 0x000000008ac00000| Complete 
| 105|0x000000008ad00000, 0x000000008ae00000, 0x000000008ae00000|100%| E|CS|TAMS 0x000000008ad00000| PB 0x000000008ad00000| Complete 
| 106|0x000000008ae00000, 0x000000008af00000, 0x000000008af00000|100%| E|CS|TAMS 0x000000008ae00000| PB 0x000000008ae00000| Complete 
| 107|0x000000008af00000, 0x000000008b000000, 0x000000008b000000|100%| E|CS|TAMS 0x000000008af00000| PB 0x000000008af00000| Complete 
| 108|0x000000008b000000, 0x000000008b100000, 0x000000008b100000|100%| E|CS|TAMS 0x000000008b000000| PB 0x000000008b000000| Complete 
| 109|0x000000008b100000, 0x000000008b200000, 0x000000008b200000|100%| E|CS|TAMS 0x000000008b100000| PB 0x000000008b100000| Complete 
| 110|0x000000008b200000, 0x000000008b300000, 0x000000008b300000|100%| E|CS|TAMS 0x000000008b200000| PB 0x000000008b200000| Complete 
| 111|0x000000008b300000, 0x000000008b400000, 0x000000008b400000|100%| E|CS|TAMS 0x000000008b300000| PB 0x000000008b300000| Complete 
| 112|0x000000008b400000, 0x000000008b500000, 0x000000008b500000|100%| E|CS|TAMS 0x000000008b400000| PB 0x000000008b400000| Complete 
| 113|0x000000008b500000, 0x000000008b600000, 0x000000008b600000|100%| E|CS|TAMS 0x000000008b500000| PB 0x000000008b500000| Complete 
| 114|0x000000008b600000, 0x000000008b700000, 0x000000008b700000|100%| E|CS|TAMS 0x000000008b600000| PB 0x000000008b600000| Complete 
| 115|0x000000008b700000, 0x000000008b800000, 0x000000008b800000|100%| E|CS|TAMS 0x000000008b700000| PB 0x000000008b700000| Complete 
| 116|0x000000008b800000, 0x000000008b900000, 0x000000008b900000|100%| E|CS|TAMS 0x000000008b800000| PB 0x000000008b800000| Complete 
| 117|0x000000008b900000, 0x000000008ba00000, 0x000000008ba00000|100%| E|CS|TAMS 0x000000008b900000| PB 0x000000008b900000| Complete 
| 118|0x000000008ba00000, 0x000000008bb00000, 0x000000008bb00000|100%| E|CS|TAMS 0x000000008ba00000| PB 0x000000008ba00000| Complete 
| 119|0x000000008bb00000, 0x000000008bc00000, 0x000000008bc00000|100%| E|CS|TAMS 0x000000008bb00000| PB 0x000000008bb00000| Complete 
| 120|0x000000008bc00000, 0x000000008bd00000, 0x000000008bd00000|100%| E|CS|TAMS 0x000000008bc00000| PB 0x000000008bc00000| Complete 
| 121|0x000000008bd00000, 0x000000008be00000, 0x000000008be00000|100%| E|CS|TAMS 0x000000008bd00000| PB 0x000000008bd00000| Complete 
| 122|0x000000008be00000, 0x000000008bf00000, 0x000000008bf00000|100%| E|CS|TAMS 0x000000008be00000| PB 0x000000008be00000| Complete 
| 123|0x000000008bf00000, 0x000000008c000000, 0x000000008c000000|100%| E|CS|TAMS 0x000000008bf00000| PB 0x000000008bf00000| Complete 

Card table byte_map: [0x0000017a505a0000,0x0000017a50980000] _byte_map_base: 0x0000017a5017e000

Marking Bits: (CMBitMap*) 0x0000017a38a6f150
 Bits: [0x0000017a50980000, 0x0000017a52870000)

Polling page: 0x0000017a36920000

Metaspace:

Usage:
  Non-class:      9.87 MB used.
      Class:      1.28 MB used.
       Both:     11.15 MB used.

Virtual space:
  Non-class space:       64.00 MB reserved,      10.00 MB ( 16%) committed,  1 nodes.
      Class space:        1.00 GB reserved,       1.38 MB ( <1%) committed,  1 nodes.
             Both:        1.06 GB reserved,      11.38 MB (  1%) committed. 

Chunk freelists:
   Non-Class:  6.02 MB
       Class:  14.57 MB
        Both:  20.60 MB

MaxMetaspaceSize: unlimited
CompressedClassSpaceSize: 1.00 GB
Initial GC threshold: 21.00 MB
Current GC threshold: 21.00 MB
CDS: on
 - commit_granule_bytes: 65536.
 - commit_granule_words: 8192.
 - virtual_space_node_default_size: 8388608.
 - enlarge_chunks_in_place: 1.
 - use_allocation_guard: 0.


Internal statistics:

num_allocs_failed_limit: 0.
num_arena_births: 152.
num_arena_deaths: 0.
num_vsnodes_births: 2.
num_vsnodes_deaths: 0.
num_space_committed: 182.
num_space_uncommitted: 0.
num_chunks_returned_to_freelist: 0.
num_chunks_taken_from_freelist: 219.
num_chunk_merges: 0.
num_chunk_splits: 127.
num_chunks_enlarged: 53.
num_inconsistent_stats: 0.

CodeHeap 'non-profiled nmethods': size=120000Kb used=607Kb max_used=607Kb free=119393Kb
 bounds [0x0000017a48960000, 0x0000017a48bd0000, 0x0000017a4fe90000]
CodeHeap 'profiled nmethods': size=120000Kb used=3420Kb max_used=3420Kb free=116579Kb
 bounds [0x0000017a40e90000, 0x0000017a411f0000, 0x0000017a483c0000]
CodeHeap 'non-nmethods': size=5760Kb used=1819Kb max_used=1855Kb free=3940Kb
 bounds [0x0000017a483c0000, 0x0000017a48630000, 0x0000017a48960000]
 total_blobs=2552 nmethods=1876 adapters=580
 compilation: enabled
              stopped_count=0, restarted_count=0
 full_count=0

Compilation events (20 events):
Event: 17722.596 Thread 0x0000017a552a86d0 1867   !   3       java.lang.ref.ReferenceQueue::remove (61 bytes)
Event: 17722.635 Thread 0x0000017a552a86d0 nmethod 1867 0x0000017a411e2910 code [0x0000017a411e2ba0, 0x0000017a411e3758]
Event: 19078.287 Thread 0x0000017a552a86d0 1868       3       java.lang.invoke.Invokers$Holder::linkToTargetMethod (8 bytes)
Event: 19078.294 Thread 0x0000017a552a86d0 nmethod 1868 0x0000017a411e3b10 code [0x0000017a411e3ce0, 0x0000017a411e3f68]
Event: 19078.296 Thread 0x0000017a552a86d0 1869       3       java.lang.invoke.LambdaForm$MH/0x0000017a57000800::invoke (8 bytes)
Event: 19078.298 Thread 0x0000017a552a86d0 nmethod 1869 0x0000017a411e4090 code [0x0000017a411e4240, 0x0000017a411e4470]
Event: 19079.909 Thread 0x0000017a552a86d0 1870       3       java.util.IdentityHashMap$IdentityHashMapIterator::nextIndex (72 bytes)
Event: 19079.920 Thread 0x0000017a552a86d0 nmethod 1870 0x0000017a411e4590 code [0x0000017a411e4780, 0x0000017a411e4b10]
Event: 19080.481 Thread 0x0000017a552a4b20 1871  s    4       sun.java2d.loops.GraphicsPrimitive::makeUniqueID (26 bytes)
Event: 19080.502 Thread 0x0000017a552a4b20 nmethod 1871 0x0000017a489f7390 code [0x0000017a489f7520, 0x0000017a489f7768]
Event: 21344.147 Thread 0x0000017a552a86d0 1872       3       java.lang.Integer::equals (29 bytes)
Event: 21344.156 Thread 0x0000017a552a86d0 nmethod 1872 0x0000017a411e4c90 code [0x0000017a411e4e40, 0x0000017a411e5218]
Event: 22103.190 Thread 0x0000017a552a4b20 1873       4       jdk.internal.misc.Unsafe::putReferenceOpaque (9 bytes)
Event: 22103.205 Thread 0x0000017a552a4b20 nmethod 1873 0x0000017a489f7890 code [0x0000017a489f7a20, 0x0000017a489f7b78]
Event: 25161.321 Thread 0x0000017a552a86d0 1875  s    3       sun.java2d.loops.GraphicsPrimitiveMgr::locatePrim (95 bytes)
Event: 25161.322 Thread 0x0000017a552a4b20 1874       4       sun.java2d.loops.GraphicsPrimitiveMgr::locate (104 bytes)
Event: 25161.336 Thread 0x0000017a552a86d0 nmethod 1875 0x0000017a411e5310 code [0x0000017a411e5540, 0x0000017a411e5db0]
Event: 25161.337 Thread 0x0000017a552a86d0 1876       3       java.lang.ref.PhantomReference::<init> (7 bytes)
Event: 25161.341 Thread 0x0000017a552a86d0 nmethod 1876 0x0000017a411e6190 code [0x0000017a411e6340, 0x0000017a411e6610]
Event: 25161.342 Thread 0x0000017a552a86d0 1877       3       sun.swing.SwingUtilities2::isScaleChanged (74 bytes)

GC Heap History (0 events):
No events

Dll operation events (10 events):
Event: 0.006 Loaded shared library C:\Program Files\Java\jdk-21\bin\java.dll
Event: 0.048 Loaded shared library C:\Program Files\Java\jdk-21\bin\jsvml.dll
Event: 0.099 Loaded shared library C:\Program Files\Java\jdk-21\bin\jimage.dll
Event: 0.105 Loaded shared library C:\Program Files\Java\jdk-21\bin\net.dll
Event: 0.106 Loaded shared library C:\Program Files\Java\jdk-21\bin\nio.dll
Event: 0.115 Loaded shared library C:\Program Files\Java\jdk-21\bin\zip.dll
Event: 0.137 Loaded shared library C:\Program Files\Java\jdk-21\bin\awt.dll
Event: 0.293 Loaded shared library C:\Program Files\Java\jdk-21\bin\freetype.dll
Event: 0.293 Loaded shared library C:\Program Files\Java\jdk-21\bin\fontmanager.dll
Event: 5.055 Loaded shared library C:\Program Files\Java\jdk-21\bin\verify.dll

Deoptimization events (20 events):
Event: 5.125 Thread 0x0000017a55779000 Uncommon trap: trap_request=0xffffff45 fr.pc=0x0000017a4899fc64 relative=0x0000000000000184
Event: 5.125 Thread 0x0000017a55779000 Uncommon trap: reason=unstable_if action=reinterpret pc=0x0000017a4899fc64 method=java.util.regex.Pattern$BmpCharPropertyGreedy.match(Ljava/util/regex/Matcher;ILjava/lang/CharSequence;)Z @ 12 c2
Event: 5.125 Thread 0x0000017a55779000 DEOPT PACKING pc=0x0000017a4899fc64 sp=0x0000006db1afcea0
Event: 5.125 Thread 0x0000017a55779000 DEOPT UNPACKING pc=0x0000017a48417da2 sp=0x0000006db1afce38 mode 2
Event: 5.450 Thread 0x0000017a55779000 Uncommon trap: trap_request=0xffffff45 fr.pc=0x0000017a489693d4 relative=0x00000000000000b4
Event: 5.450 Thread 0x0000017a55779000 Uncommon trap: reason=unstable_if action=reinterpret pc=0x0000017a489693d4 method=java.lang.String.hashCode()I @ 20 c2
Event: 5.450 Thread 0x0000017a55779000 DEOPT PACKING pc=0x0000017a489693d4 sp=0x0000006db1afcfb0
Event: 5.450 Thread 0x0000017a55779000 DEOPT UNPACKING pc=0x0000017a48417da2 sp=0x0000006db1afcf40 mode 2
Event: 5.450 Thread 0x0000017a55779000 Uncommon trap: trap_request=0xffffff45 fr.pc=0x0000017a48981630 relative=0x0000000000000190
Event: 5.450 Thread 0x0000017a55779000 Uncommon trap: reason=unstable_if action=reinterpret pc=0x0000017a48981630 method=jdk.internal.util.ArraysSupport.vectorizedHashCode(Ljava/lang/Object;IIII)I @ 2 c2
Event: 5.450 Thread 0x0000017a55779000 DEOPT PACKING pc=0x0000017a48981630 sp=0x0000006db1afceb0
Event: 5.450 Thread 0x0000017a55779000 DEOPT UNPACKING pc=0x0000017a48417da2 sp=0x0000006db1afce60 mode 2
Event: 5.461 Thread 0x0000017a55779000 Uncommon trap: trap_request=0xffffff45 fr.pc=0x0000017a489d3900 relative=0x0000000000000420
Event: 5.461 Thread 0x0000017a55779000 Uncommon trap: reason=unstable_if action=reinterpret pc=0x0000017a489d3900 method=java.lang.Character.isSurrogate(C)Z @ 3 c2
Event: 5.461 Thread 0x0000017a55779000 DEOPT PACKING pc=0x0000017a489d3900 sp=0x0000006db1afcb00
Event: 5.461 Thread 0x0000017a55779000 DEOPT UNPACKING pc=0x0000017a48417da2 sp=0x0000006db1afca18 mode 2
Event: 5.494 Thread 0x0000017a55779000 Uncommon trap: trap_request=0xffffff45 fr.pc=0x0000017a489c3478 relative=0x0000000000000498
Event: 5.494 Thread 0x0000017a55779000 Uncommon trap: reason=unstable_if action=reinterpret pc=0x0000017a489c3478 method=java.lang.StringLatin1.toLowerCase(Ljava/lang/String;[BLjava/util/Locale;)Ljava/lang/String; @ 43 c2
Event: 5.494 Thread 0x0000017a55779000 DEOPT PACKING pc=0x0000017a489c3478 sp=0x0000006db1afd100
Event: 5.494 Thread 0x0000017a55779000 DEOPT UNPACKING pc=0x0000017a48417da2 sp=0x0000006db1afd070 mode 2

Classes loaded (20 events):
Event: 5.323 Loading class java/security/PrivilegedActionException
Event: 5.324 Loading class java/security/PrivilegedActionException done
Event: 5.324 Loading class java/awt/FontFormatException
Event: 5.324 Loading class java/awt/FontFormatException done
Event: 5.326 Loading class sun/font/SunFontManager$3
Event: 5.326 Loading class sun/font/SunFontManager$3 done
Event: 5.335 Loading class sun/font/SunFontManager$8
Event: 5.335 Loading class sun/font/SunFontManager$8 done
Event: 5.336 Loading class sun/font/SunFontManager$9
Event: 5.336 Loading class sun/font/SunFontManager$9 done
Event: 5.435 Loading class java/lang/foreign/MemorySegment
Event: 5.435 Loading class java/lang/foreign/MemorySegment done
Event: 16.178 Loading class java/lang/FdLibm$Acos
Event: 16.178 Loading class java/lang/FdLibm$Acos done
Event: 19078.631 Loading class java/util/WeakHashMap$KeyIterator
Event: 19079.103 Loading class java/util/WeakHashMap$HashIterator
Event: 19079.378 Loading class java/util/WeakHashMap$HashIterator done
Event: 19079.378 Loading class java/util/WeakHashMap$KeyIterator done
Event: 19079.914 Loading class javax/swing/RepaintManager$DisplayChangedRunnable
Event: 19079.922 Loading class javax/swing/RepaintManager$DisplayChangedRunnable done

Classes unloaded (0 events):
No events

Classes redefined (0 events):
No events

Internal exceptions (20 events):
Event: 5.323 Thread 0x0000017a55779000 Exception <a 'java/io/FileNotFoundException'{0x000000008b3774e0}> (0x000000008b3774e0) 
thrown [s\open\src\hotspot\share\prims\jni.cpp, line 520]
Event: 5.324 Thread 0x0000017a55779000 Exception <a 'java/io/FileNotFoundException'{0x000000008b379330}> (0x000000008b379330) 
thrown [s\open\src\hotspot\share\prims\jni.cpp, line 520]
Event: 5.325 Thread 0x0000017a55779000 Exception <a 'java/io/FileNotFoundException'{0x000000008b37dc90}> (0x000000008b37dc90) 
thrown [s\open\src\hotspot\share\prims\jni.cpp, line 520]
Event: 5.325 Thread 0x0000017a55779000 Exception <a 'java/io/FileNotFoundException'{0x000000008b37f688}> (0x000000008b37f688) 
thrown [s\open\src\hotspot\share\prims\jni.cpp, line 520]
Event: 5.325 Thread 0x0000017a55779000 Exception <a 'java/io/FileNotFoundException'{0x000000008b381058}> (0x000000008b381058) 
thrown [s\open\src\hotspot\share\prims\jni.cpp, line 520]
Event: 5.325 Thread 0x0000017a55779000 Exception <a 'java/io/FileNotFoundException'{0x000000008b382a90}> (0x000000008b382a90) 
thrown [s\open\src\hotspot\share\prims\jni.cpp, line 520]
Event: 5.325 Thread 0x0000017a55779000 Exception <a 'java/io/FileNotFoundException'{0x000000008b3844c8}> (0x000000008b3844c8) 
thrown [s\open\src\hotspot\share\prims\jni.cpp, line 520]
Event: 5.325 Thread 0x0000017a55779000 Exception <a 'java/io/FileNotFoundException'{0x000000008b385ec0}> (0x000000008b385ec0) 
thrown [s\open\src\hotspot\share\prims\jni.cpp, line 520]
Event: 5.325 Thread 0x0000017a55779000 Exception <a 'java/io/FileNotFoundException'{0x000000008b387880}> (0x000000008b387880) 
thrown [s\open\src\hotspot\share\prims\jni.cpp, line 520]
Event: 5.325 Thread 0x0000017a55779000 Exception <a 'java/io/FileNotFoundException'{0x000000008b389298}> (0x000000008b389298) 
thrown [s\open\src\hotspot\share\prims\jni.cpp, line 520]
Event: 5.327 Thread 0x0000017a55779000 Exception <a 'java/io/FileNotFoundException'{0x000000008b3a1550}> (0x000000008b3a1550) 
thrown [s\open\src\hotspot\share\prims\jni.cpp, line 520]
Event: 5.327 Thread 0x0000017a55779000 Exception <a 'java/io/FileNotFoundException'{0x000000008b3a2f90}> (0x000000008b3a2f90) 
thrown [s\open\src\hotspot\share\prims\jni.cpp, line 520]
Event: 5.328 Thread 0x0000017a55779000 Exception <a 'java/io/FileNotFoundException'{0x000000008b3a78d0}> (0x000000008b3a78d0) 
thrown [s\open\src\hotspot\share\prims\jni.cpp, line 520]
Event: 5.328 Thread 0x0000017a55779000 Exception <a 'java/io/FileNotFoundException'{0x000000008b3a92c8}> (0x000000008b3a92c8) 
thrown [s\open\src\hotspot\share\prims\jni.cpp, line 520]
Event: 5.328 Thread 0x0000017a55779000 Exception <a 'java/io/FileNotFoundException'{0x000000008b3aac98}> (0x000000008b3aac98) 
thrown [s\open\src\hotspot\share\prims\jni.cpp, line 520]
Event: 5.328 Thread 0x0000017a55779000 Exception <a 'java/io/FileNotFoundException'{0x000000008b3ac6d0}> (0x000000008b3ac6d0) 
thrown [s\open\src\hotspot\share\prims\jni.cpp, line 520]
Event: 5.329 Thread 0x0000017a55779000 Exception <a 'java/io/FileNotFoundException'{0x000000008b3ae108}> (0x000000008b3ae108) 
thrown [s\open\src\hotspot\share\prims\jni.cpp, line 520]
Event: 5.329 Thread 0x0000017a55779000 Exception <a 'java/io/FileNotFoundException'{0x000000008b3afb00}> (0x000000008b3afb00) 
thrown [s\open\src\hotspot\share\prims\jni.cpp, line 520]
Event: 5.329 Thread 0x0000017a55779000 Exception <a 'java/io/FileNotFoundException'{0x000000008b3b14c0}> (0x000000008b3b14c0) 
thrown [s\open\src\hotspot\share\prims\jni.cpp, line 520]
Event: 5.329 Thread 0x0000017a55779000 Exception <a 'java/io/FileNotFoundException'{0x000000008b3b2ed8}> (0x000000008b3b2ed8) 
thrown [s\open\src\hotspot\share\prims\jni.cpp, line 520]

ZGC Phase Switch (0 events):
No events

VM Operations (20 events):
Event: 9.354 Executing VM operation: Cleanup
Event: 9.354 Executing VM operation: Cleanup done
Event: 10.361 Executing VM operation: Cleanup
Event: 10.361 Executing VM operation: Cleanup done
Event: 11.373 Executing VM operation: Cleanup
Event: 11.373 Executing VM operation: Cleanup done
Event: 16.418 Executing VM operation: Cleanup
Event: 16.418 Executing VM operation: Cleanup done
Event: 17.432 Executing VM operation: Cleanup
Event: 17.432 Executing VM operation: Cleanup done
Event: 18.441 Executing VM operation: Cleanup
Event: 18.441 Executing VM operation: Cleanup done
Event: 60.160 Executing VM operation: HandshakeAllThreads (HandshakeForDeflation)
Event: 60.160 Executing VM operation: HandshakeAllThreads (HandshakeForDeflation) done
Event: 60.160 Executing VM operation: RendezvousGCThreads
Event: 60.160 Executing VM operation: RendezvousGCThreads done
Event: 10909.543 Executing VM operation: Cleanup
Event: 10909.546 Executing VM operation: Cleanup done
Event: 19081.207 Executing VM operation: Cleanup
Event: 19081.270 Executing VM operation: Cleanup done

Events (20 events):
Event: 0.044 Thread 0x0000017a5528e370 Thread added: 0x0000017a5528e370
Event: 0.044 Thread 0x0000017a55290b60 Thread added: 0x0000017a55290b60
Event: 0.044 Thread 0x0000017a55291450 Thread added: 0x0000017a55291450
Event: 0.044 Thread 0x0000017a55291ac0 Thread added: 0x0000017a55291ac0
Event: 0.044 Thread 0x0000017a55296140 Thread added: 0x0000017a55296140
Event: 0.044 Thread 0x0000017a552a4b20 Thread added: 0x0000017a552a4b20
Event: 0.044 Thread 0x0000017a552a86d0 Thread added: 0x0000017a552a86d0
Event: 0.068 Thread 0x0000017a55521940 Thread added: 0x0000017a55521940
Event: 0.076 Thread 0x0000017a5555a720 Thread added: 0x0000017a5555a720
Event: 0.189 Thread 0x0000017a556ec2a0 Thread added: 0x0000017a556ec2a0
Event: 0.190 Thread 0x0000017a556ef3d0 Thread added: 0x0000017a556ef3d0
Event: 0.191 Thread 0x0000017a556f2f00 Thread added: 0x0000017a556f2f00
Event: 0.281 Thread 0x0000017a55779000 Thread added: 0x0000017a55779000
Event: 0.350 Thread 0x0000017a3696b560 Thread exited: 0x0000017a3696b560
Event: 0.350 Thread 0x0000017a3696b560 Thread added: 0x0000017a3696b560
Event: 0.408 Thread 0x0000017a9c36faf0 Thread added: 0x0000017a9c36faf0
Event: 5.123 Thread 0x0000017a9c37d000 Thread added: 0x0000017a9c37d000
Event: 5.223 Thread 0x0000017a9c6201c0 Thread added: 0x0000017a9c6201c0
Event: 6.525 Thread 0x0000017a9c37d000 Thread exited: 0x0000017a9c37d000
Event: 10.238 Thread 0x0000017a9c6201c0 Thread exited: 0x0000017a9c6201c0


Dynamic libraries:
0x00007ff7b1b40000 - 0x00007ff7b1b50000 	C:\Program Files\Java\jdk-21\bin\javaw.exe
0x00007ff929a70000 - 0x00007ff929c68000 	C:\WINDOWS\SYSTEM32\ntdll.dll
0x00007ff928be0000 - 0x00007ff928ca1000 	C:\WINDOWS\System32\KERNEL32.DLL
0x00007ff927750000 - 0x00007ff927a46000 	C:\WINDOWS\System32\KERNELBASE.dll
0x00007ff927650000 - 0x00007ff927750000 	C:\WINDOWS\System32\ucrtbase.dll
0x00007ff913ca0000 - 0x00007ff913cb9000 	C:\Program Files\Java\jdk-21\bin\jli.dll
0x00007ff928ac0000 - 0x00007ff928b70000 	C:\WINDOWS\System32\ADVAPI32.dll
0x00007ff9285e0000 - 0x00007ff92867e000 	C:\WINDOWS\System32\msvcrt.dll
0x00007ff9137d0000 - 0x00007ff9137eb000 	C:\Program Files\Java\jdk-21\bin\VCRUNTIME140.dll
0x00007ff928490000 - 0x00007ff928530000 	C:\WINDOWS\System32\sechost.dll
0x00007ff928680000 - 0x00007ff9287a3000 	C:\WINDOWS\System32\RPCRT4.dll
0x00007ff9275b0000 - 0x00007ff9275d7000 	C:\WINDOWS\System32\bcrypt.dll
0x00007ff927aa0000 - 0x00007ff927c3f000 	C:\WINDOWS\System32\USER32.dll
0x00007ff9271d0000 - 0x00007ff9271f2000 	C:\WINDOWS\System32\win32u.dll
0x00007ff928940000 - 0x00007ff92896b000 	C:\WINDOWS\System32\GDI32.dll
0x00007ff904f80000 - 0x00007ff90521a000 	C:\WINDOWS\WinSxS\amd64_microsoft.windows.common-controls_6595b64144ccf1df_6.0.19041.4355_none_60b8b9eb71f62e16\COMCTL32.dll
0x00007ff9273f0000 - 0x00007ff927507000 	C:\WINDOWS\System32\gdi32full.dll
0x00007ff927510000 - 0x00007ff9275ad000 	C:\WINDOWS\System32\msvcp_win.dll
0x00007ff91ad30000 - 0x00007ff91ad3a000 	C:\WINDOWS\SYSTEM32\VERSION.dll
0x00007ff927cf0000 - 0x00007ff927d1f000 	C:\WINDOWS\System32\IMM32.DLL
0x00007ff921270000 - 0x00007ff92127c000 	C:\Program Files\Java\jdk-21\bin\vcruntime140_1.dll
0x00007ff8f8b90000 - 0x00007ff8f8c1e000 	C:\Program Files\Java\jdk-21\bin\msvcp140.dll
0x00007ff8aceb0000 - 0x00007ff8adbc7000 	C:\Program Files\Java\jdk-21\bin\server\jvm.dll
0x00007ff9298e0000 - 0x00007ff92994b000 	C:\WINDOWS\System32\WS2_32.dll
0x00007ff9266a0000 - 0x00007ff9266eb000 	C:\WINDOWS\SYSTEM32\POWRPROF.dll
0x00007ff921b80000 - 0x00007ff921ba7000 	C:\WINDOWS\SYSTEM32\WINMM.dll
0x00007ff926510000 - 0x00007ff926522000 	C:\WINDOWS\SYSTEM32\UMPDC.dll
0x00007ff925930000 - 0x00007ff925942000 	C:\WINDOWS\SYSTEM32\kernel.appcore.dll
0x00007ff91ee10000 - 0x00007ff91ee1a000 	C:\Program Files\Java\jdk-21\bin\jimage.dll
0x00007ff9255c0000 - 0x00007ff9257a4000 	C:\WINDOWS\SYSTEM32\DBGHELP.DLL
0x00007ff921b40000 - 0x00007ff921b74000 	C:\WINDOWS\SYSTEM32\dbgcore.DLL
0x00007ff927360000 - 0x00007ff9273e2000 	C:\WINDOWS\System32\bcryptPrimitives.dll
0x00007ff90de40000 - 0x00007ff90de5f000 	C:\Program Files\Java\jdk-21\bin\java.dll
0x00007ff927d20000 - 0x00007ff92848c000 	C:\WINDOWS\System32\SHELL32.dll
0x00007ff924d00000 - 0x00007ff92549e000 	C:\WINDOWS\SYSTEM32\windows.storage.dll
0x00007ff929580000 - 0x00007ff9298d3000 	C:\WINDOWS\System32\combase.dll
0x00007ff926b40000 - 0x00007ff926b6e000 	C:\WINDOWS\SYSTEM32\Wldp.dll
0x00007ff929960000 - 0x00007ff929a2d000 	C:\WINDOWS\System32\OLEAUT32.dll
0x00007ff928530000 - 0x00007ff9285dd000 	C:\WINDOWS\System32\SHCORE.dll
0x00007ff928b70000 - 0x00007ff928bc5000 	C:\WINDOWS\System32\shlwapi.dll
0x00007ff927050000 - 0x00007ff927074000 	C:\WINDOWS\SYSTEM32\profapi.dll
0x00007ff8f80a0000 - 0x00007ff8f8177000 	C:\Program Files\Java\jdk-21\bin\jsvml.dll
0x00007ff91e930000 - 0x00007ff91e940000 	C:\Program Files\Java\jdk-21\bin\net.dll
0x00007ff920440000 - 0x00007ff92054a000 	C:\WINDOWS\SYSTEM32\WINHTTP.dll
0x00007ff9268a0000 - 0x00007ff92690a000 	C:\WINDOWS\system32\mswsock.dll
0x00007ff90de20000 - 0x00007ff90de36000 	C:\Program Files\Java\jdk-21\bin\nio.dll
0x00007ff907fb0000 - 0x00007ff907fc8000 	C:\Program Files\Java\jdk-21\bin\zip.dll
0x00007ff8cbee0000 - 0x00007ff8cc06f000 	C:\Program Files\Java\jdk-21\bin\awt.dll
0x00007ff91e770000 - 0x00007ff91e804000 	C:\WINDOWS\SYSTEM32\apphelp.dll
0x00007ff924410000 - 0x00007ff92443f000 	C:\WINDOWS\system32\DWMAPI.DLL
0x00007ff9218b0000 - 0x00007ff92194e000 	C:\WINDOWS\system32\uxtheme.dll
0x00007ff905e10000 - 0x00007ff905f38000 	C:\WINDOWS\system32\opengl32.dll
0x00007ff918c90000 - 0x00007ff918cbc000 	C:\WINDOWS\SYSTEM32\GLU32.dll
0x00007ff928de0000 - 0x00007ff928ef4000 	C:\WINDOWS\System32\MSCTF.dll
0x00007ff928cb0000 - 0x00007ff928ddb000 	C:\WINDOWS\System32\ole32.dll
0x00007ff8ed2c0000 - 0x00007ff8ed347000 	C:\Program Files\Java\jdk-21\bin\freetype.dll
0x00007ff8e1620000 - 0x00007ff8e1702000 	C:\Program Files\Java\jdk-21\bin\fontmanager.dll
0x00007ff928890000 - 0x00007ff928939000 	C:\WINDOWS\System32\clbcatq.dll
0x00007ff9216b0000 - 0x00007ff921866000 	C:\WINDOWS\SYSTEM32\WindowsCodecs.dll
0x00007ff90c8b0000 - 0x00007ff90c8ee000 	C:\WINDOWS\system32\dataexchange.dll
0x00007ff91d1f0000 - 0x00007ff91d3d4000 	C:\WINDOWS\system32\dcomp.dll
0x00007ff91cf80000 - 0x00007ff91d1e3000 	C:\WINDOWS\system32\d3d11.dll
0x00007ff9259a0000 - 0x00007ff925a95000 	C:\WINDOWS\system32\dxgi.dll
0x00007ff921490000 - 0x00007ff921693000 	C:\WINDOWS\system32\twinapi.appcore.dll
0x00007ff912780000 - 0x00007ff912879000 	C:\WINDOWS\SYSTEM32\textinputframework.dll
0x00007ff91f150000 - 0x00007ff91f242000 	C:\WINDOWS\System32\CoreMessaging.dll
0x00007ff91d810000 - 0x00007ff91db6b000 	C:\WINDOWS\System32\CoreUIComponents.dll
0x00007ff9207d0000 - 0x00007ff920927000 	C:\WINDOWS\SYSTEM32\wintypes.dll
0x00007ff926290000 - 0x00007ff9262c3000 	C:\WINDOWS\SYSTEM32\ntmarta.dll
0x00007ff91e810000 - 0x00007ff91e820000 	C:\Program Files\Java\jdk-21\bin\verify.dll
0x00007ff90c290000 - 0x00007ff90c33c000 	C:\WINDOWS\SYSTEM32\TextShaping.dll

dbghelp: loaded successfully - version: 4.0.5 - missing functions: none
symbol engine: initialized successfully - sym options: 0x614 - pdb path: .;C:\Program Files\Java\jdk-21\bin;C:\WINDOWS\SYSTEM32;C:\WINDOWS\WinSxS\amd64_microsoft.windows.common-controls_6595b64144ccf1df_6.0.19041.4355_none_60b8b9eb71f62e16;C:\Program Files\Java\jdk-21\bin\server

VM Arguments:
jvm_args: -Dfile.encoding=UTF-8 -Dstdout.encoding=UTF-8 -Dstderr.encoding=UTF-8 -XX:+ShowCodeDetailsInExceptionMessages 
java_command: bank.Login
java_class_path (initial): C:\Users\Richa Singh\Desktop\BankManagementSystem\bin;C:\Users\Richa Singh\Desktop\My Project Resource\jcalendar-1.4\lib\jcalendar-1.4.jar;C:\Users\Richa Singh\Downloads\mysql-connector-j-9.1.0\mysql-connector-j-9.1.0\mysql-connector-j-9.1.0.jar
Launcher Type: SUN_STANDARD

[Global flags]
     intx CICompilerCount                          = 4                                         {product} {ergonomic}
     uint ConcGCThreads                            = 2                                         {product} {ergonomic}
     uint G1ConcRefinementThreads                  = 8                                         {product} {ergonomic}
   size_t G1HeapRegionSize                         = 1048576                                   {product} {ergonomic}
    uintx GCDrainStackTargetSize                   = 64                                        {product} {ergonomic}
   size_t InitialHeapSize                          = 130023424                                 {product} {ergonomic}
   size_t MarkStackSize                            = 4194304                                   {product} {ergonomic}
   size_t MaxHeapSize                              = 2076180480                                {product} {ergonomic}
   size_t MaxNewSize                               = 1245708288                                {product} {ergonomic}
   size_t MinHeapDeltaBytes                        = 1048576                                   {product} {ergonomic}
   size_t MinHeapSize                              = 8388608                                   {product} {ergonomic}
    uintx NonNMethodCodeHeapSize                   = 5839372                                {pd product} {ergonomic}
    uintx NonProfiledCodeHeapSize                  = 122909434                              {pd product} {ergonomic}
    uintx ProfiledCodeHeapSize                     = 122909434                              {pd product} {ergonomic}
    uintx ReservedCodeCacheSize                    = 251658240                              {pd product} {ergonomic}
     bool SegmentedCodeCache                       = true                                      {product} {ergonomic}
     bool ShowCodeDetailsInExceptionMessages       = true                                   {manageable} {command line}
   size_t SoftMaxHeapSize                          = 2076180480                             {manageable} {ergonomic}
     bool UseCompressedOops                        = true                           {product lp64_product} {ergonomic}
     bool UseG1GC                                  = true                                      {product} {ergonomic}
     bool UseLargePagesIndividualAllocation        = false                                  {pd product} {ergonomic}

Logging:
Log output configuration:
 #0: stdout all=warning uptime,level,tags foldmultilines=false
 #1: stderr all=off uptime,level,tags foldmultilines=false

Environment Variables:
JAVA_HOME=C:\Program Files\Java\jdk-21
PATH=C:\Program Files\Common Files\Oracle\Java\javapath;C:\Windows\system32;C:\Windows;C:\Windows\System32\Wbem;C:\Windows\System32\WindowsPowerShell\v1.0\;C:\Windows\System32\OpenSSH\;C:\Program Files\NVIDIA Corporation\NVIDIA NvDLISR;C:\WINDOWS\system32;C:\WINDOWS;C:\WINDOWS\System32\Wbem;C:\WINDOWS\System32\WindowsPowerShell\v1.0\;C:\WINDOWS\System32\OpenSSH\;C:\Program Files\dotnet\;C:\Program Files (x86)\NVIDIA Corporation\PhysX\Common;C:\MinGW\bin;C:\MinGW\bin;C:\MinGW\bin;C:\MinGW\bin;C:\Program Files\MySQL\MySQL Shell 8.0\bin\;C:\Users\Richa Singh\AppData\Local\Programs\Python\Python310\Scripts\;C:\Users\Richa Singh\AppData\Local\Programs\Python\Python310\;C:\Users\Richa Singh\AppData\Local\Microsoft\WindowsApps;C:\Program Files\Java\jdk-21\bin;C:\Program Files\Java\jdk-21\bin;C:\Users\Richa Singh\AppData\Local\Programs\Microsoft VS Code\bin;C:\Users\Richa Singh\AppData\Local\JetBrains\IntelliJ IDEA Community Edition 2024.2.3\bin;;C:\Users\Richa Singh\AppData\Local\GitHubDesktop\bin
USERNAME=RICHA
OS=Windows_NT
PROCESSOR_IDENTIFIER=Intel64 Family 6 Model 140 Stepping 1, GenuineIntel
TMP=C:\Users\RICHAS~1\AppData\Local\Temp
TEMP=C:\Users\RICHAS~1\AppData\Local\Temp




Periodic native trim disabled

---------------  S Y S T E M  ---------------

OS:
 Windows 10 , 64 bit Build 19041 (10.0.19041.4597)
OS uptime: 7 days 3:24 hours

CPU: total 8 (initial active 8) (4 cores per cpu, 2 threads per core) family 6 model 140 stepping 1 microcode 0xb8, cx8, cmov, fxsr, ht, mmx, 3dnowpref, sse, sse2, sse3, ssse3, sse4.1, sse4.2, popcnt, lzcnt, tsc, tscinvbit, avx, avx2, aes, erms, clmul, bmi1, bmi2, adx, avx512f, avx512dq, avx512cd, avx512bw, avx512vl, sha, fma, vzeroupper, avx512_vpopcntdq, avx512_vpclmulqdq, avx512_vaes, avx512_vnni, clflush, clflushopt, clwb, avx512_vbmi2, avx512_vbmi, rdtscp, rdpid, fsrm, gfni, avx512_bitalg, f16c, pku, cet_ibt, cet_ss, avx512_ifma
Processor Information for all 8 processors :
  Max Mhz: 1382, Current Mhz: 1382, Mhz Limit: 1382

Memory: 4k page, system-wide physical 7914M (531M free)
TotalPageFile size 32490M (AvailPageFile size 0M)
current process WorkingSet (physical memory assigned to process): 13M, peak: 113M
current process commit charge ("private bytes"): 230M, peak: 248M

vm_info: Java HotSpot(TM) 64-Bit Server VM (21.0.2+13-LTS-58) for windows-amd64 JRE (21.0.2+13-LTS-58), built on 2024-01-05T18:32:24Z by "mach5one" with MS VC++ 17.1 (VS2022)

END.
